10:17:55.226 [main] ERROR org.dozer.loader.xml.MappingFileReader:65 - Error while loading dozer mapping file url: [file:/E:/ideaworkspace/new/epaycallT/target/classes/dozer.xml]
org.dozer.MappingException: java.lang.ClassNotFoundException: com.amazonservices.mws.orders._2013_09_01.model.Order
	at org.dozer.util.MappingUtils.throwMappingException(MappingUtils.java:82) ~[dozer-5.3.2.jar:na]
	at org.dozer.util.DefaultClassLoader.loadClass(DefaultClassLoader.java:38) ~[dozer-5.3.2.jar:na]
	at org.dozer.util.MappingUtils.loadClass(MappingUtils.java:224) ~[dozer-5.3.2.jar:na]
	at org.dozer.loader.DozerBuilder$MappingBuilder.classA(DozerBuilder.java:140) ~[dozer-5.3.2.jar:na]
	at org.dozer.loader.xml.XMLParser.parseMapping(XMLParser.java:193) ~[dozer-5.3.2.jar:na]
	at org.dozer.loader.xml.XMLParser.load(XMLParser.java:140) ~[dozer-5.3.2.jar:na]
	at org.dozer.loader.xml.MappingFileReader.read(MappingFileReader.java:63) ~[dozer-5.3.2.jar:na]
	at org.dozer.loader.CustomMappingsLoader.loadFromFiles(CustomMappingsLoader.java:103) [dozer-5.3.2.jar:na]
	at org.dozer.loader.CustomMappingsLoader.load(CustomMappingsLoader.java:56) [dozer-5.3.2.jar:na]
	at org.dozer.DozerBeanMapper.loadCustomMappings(DozerBeanMapper.java:213) [dozer-5.3.2.jar:na]
	at org.dozer.DozerBeanMapper.getMappingProcessor(DozerBeanMapper.java:186) [dozer-5.3.2.jar:na]
	at org.dozer.DozerBeanMapper.map(DozerBeanMapper.java:111) [dozer-5.3.2.jar:na]
	at gmms.util.DomainCopyUtil.map(DomainCopyUtil.java:32) [classes/:na]
	at gmms.service.VmVehicleService.saveCallReminder(VmVehicleService.java:80) [classes/:na]
	at gmms.service.UsersServiceTest.findById(UsersServiceTest.java:67) [test-classes/:na]
	at sun.reflect.NativeMethodAccessorImpl.invoke0(Native Method) ~[na:1.7.0_13]
	at sun.reflect.NativeMethodAccessorImpl.invoke(NativeMethodAccessorImpl.java:57) ~[na:1.7.0_13]
	at sun.reflect.DelegatingMethodAccessorImpl.invoke(DelegatingMethodAccessorImpl.java:43) ~[na:1.7.0_13]
	at java.lang.reflect.Method.invoke(Method.java:601) ~[na:1.7.0_13]
	at org.junit.runners.model.FrameworkMethod$1.runReflectiveCall(FrameworkMethod.java:47) [junit-4.11.jar:na]
	at org.junit.internal.runners.model.ReflectiveCallable.run(ReflectiveCallable.java:12) [junit-4.11.jar:na]
	at org.junit.runners.model.FrameworkMethod.invokeExplosively(FrameworkMethod.java:44) [junit-4.11.jar:na]
	at org.junit.internal.runners.statements.InvokeMethod.evaluate(InvokeMethod.java:17) [junit-4.11.jar:na]
	at org.springframework.test.context.junit4.statements.RunBeforeTestMethodCallbacks.evaluate(RunBeforeTestMethodCallbacks.java:74) [spring-test-3.2.8.RELEASE.jar:3.2.8.RELEASE]
	at org.springframework.test.context.junit4.statements.RunAfterTestMethodCallbacks.evaluate(RunAfterTestMethodCallbacks.java:83) [spring-test-3.2.8.RELEASE.jar:3.2.8.RELEASE]
	at org.springframework.test.context.junit4.statements.SpringRepeat.evaluate(SpringRepeat.java:72) [spring-test-3.2.8.RELEASE.jar:3.2.8.RELEASE]
	at org.springframework.test.context.junit4.SpringJUnit4ClassRunner.runChild(SpringJUnit4ClassRunner.java:231) [spring-test-3.2.8.RELEASE.jar:3.2.8.RELEASE]
	at org.springframework.test.context.junit4.SpringJUnit4ClassRunner.runChild(SpringJUnit4ClassRunner.java:88) [spring-test-3.2.8.RELEASE.jar:3.2.8.RELEASE]
	at org.junit.runners.ParentRunner$3.run(ParentRunner.java:238) [junit-4.11.jar:na]
	at org.junit.runners.ParentRunner$1.schedule(ParentRunner.java:63) [junit-4.11.jar:na]
	at org.junit.runners.ParentRunner.runChildren(ParentRunner.java:236) [junit-4.11.jar:na]
	at org.junit.runners.ParentRunner.access$000(ParentRunner.java:53) [junit-4.11.jar:na]
	at org.junit.runners.ParentRunner$2.evaluate(ParentRunner.java:229) [junit-4.11.jar:na]
	at org.springframework.test.context.junit4.statements.RunBeforeTestClassCallbacks.evaluate(RunBeforeTestClassCallbacks.java:61) [spring-test-3.2.8.RELEASE.jar:3.2.8.RELEASE]
	at org.springframework.test.context.junit4.statements.RunAfterTestClassCallbacks.evaluate(RunAfterTestClassCallbacks.java:71) [spring-test-3.2.8.RELEASE.jar:3.2.8.RELEASE]
	at org.junit.runners.ParentRunner.run(ParentRunner.java:309) [junit-4.11.jar:na]
	at org.springframework.test.context.junit4.SpringJUnit4ClassRunner.run(SpringJUnit4ClassRunner.java:174) [spring-test-3.2.8.RELEASE.jar:3.2.8.RELEASE]
	at org.junit.runner.JUnitCore.run(JUnitCore.java:160) [junit-4.11.jar:na]
	at com.intellij.junit4.JUnit4IdeaTestRunner.startRunnerWithArgs(JUnit4IdeaTestRunner.java:74) [junit-rt.jar:na]
	at com.intellij.rt.execution.junit.JUnitStarter.prepareStreamsAndStart(JUnitStarter.java:211) [junit-rt.jar:na]
	at com.intellij.rt.execution.junit.JUnitStarter.main(JUnitStarter.java:67) [junit-rt.jar:na]
	at sun.reflect.NativeMethodAccessorImpl.invoke0(Native Method) ~[na:1.7.0_13]
	at sun.reflect.NativeMethodAccessorImpl.invoke(NativeMethodAccessorImpl.java:57) ~[na:1.7.0_13]
	at sun.reflect.DelegatingMethodAccessorImpl.invoke(DelegatingMethodAccessorImpl.java:43) ~[na:1.7.0_13]
	at java.lang.reflect.Method.invoke(Method.java:601) ~[na:1.7.0_13]
	at com.intellij.rt.execution.application.AppMain.main(AppMain.java:134) [idea_rt.jar:na]
Caused by: java.lang.ClassNotFoundException: com.amazonservices.mws.orders._2013_09_01.model.Order
	at java.net.URLClassLoader$1.run(URLClassLoader.java:366) ~[na:1.7.0_13]
	at java.net.URLClassLoader$1.run(URLClassLoader.java:355) ~[na:1.7.0_13]
	at java.security.AccessController.doPrivileged(Native Method) ~[na:1.7.0_13]
	at java.net.URLClassLoader.findClass(URLClassLoader.java:354) ~[na:1.7.0_13]
	at java.lang.ClassLoader.loadClass(ClassLoader.java:423) ~[na:1.7.0_13]
	at sun.misc.Launcher$AppClassLoader.loadClass(Launcher.java:308) ~[na:1.7.0_13]
	at java.lang.ClassLoader.loadClass(ClassLoader.java:356) ~[na:1.7.0_13]
	at java.lang.Class.forName0(Native Method) ~[na:1.7.0_13]
	at java.lang.Class.forName(Class.java:266) ~[na:1.7.0_13]
	at org.apache.commons.lang.ClassUtils.getClass(ClassUtils.java:754) ~[commons-lang-2.5.jar:2.5]
	at org.apache.commons.lang.ClassUtils.getClass(ClassUtils.java:802) ~[commons-lang-2.5.jar:2.5]
	at org.apache.commons.lang.ClassUtils.getClass(ClassUtils.java:785) ~[commons-lang-2.5.jar:2.5]
	at org.dozer.util.DefaultClassLoader.loadClass(DefaultClassLoader.java:36) ~[dozer-5.3.2.jar:na]
	... 44 common frames omitted
11:40:06.917 [main] ERROR o.springframework.test.context.TestContextManager:309 - Caught exception while allowing TestExecutionListener [org.springframework.test.context.support.DependencyInjectionTestExecutionListener@5443c95b] to prepare test instance [gmms.service.UsersServiceTest@2e58a095]
java.lang.IllegalStateException: Failed to load ApplicationContext
	at org.springframework.test.context.CacheAwareContextLoaderDelegate.loadContext(CacheAwareContextLoaderDelegate.java:99) ~[spring-test-3.2.8.RELEASE.jar:3.2.8.RELEASE]
	at org.springframework.test.context.TestContext.getApplicationContext(TestContext.java:122) ~[spring-test-3.2.8.RELEASE.jar:3.2.8.RELEASE]
	at org.springframework.test.context.support.DependencyInjectionTestExecutionListener.injectDependencies(DependencyInjectionTestExecutionListener.java:109) ~[spring-test-3.2.8.RELEASE.jar:3.2.8.RELEASE]
	at org.springframework.test.context.support.DependencyInjectionTestExecutionListener.prepareTestInstance(DependencyInjectionTestExecutionListener.java:75) ~[spring-test-3.2.8.RELEASE.jar:3.2.8.RELEASE]
	at org.springframework.test.context.TestContextManager.prepareTestInstance(TestContextManager.java:307) ~[spring-test-3.2.8.RELEASE.jar:3.2.8.RELEASE]
	at org.springframework.test.context.junit4.SpringJUnit4ClassRunner.createTest(SpringJUnit4ClassRunner.java:211) [spring-test-3.2.8.RELEASE.jar:3.2.8.RELEASE]
	at org.springframework.test.context.junit4.SpringJUnit4ClassRunner$1.runReflectiveCall(SpringJUnit4ClassRunner.java:288) [spring-test-3.2.8.RELEASE.jar:3.2.8.RELEASE]
	at org.junit.internal.runners.model.ReflectiveCallable.run(ReflectiveCallable.java:12) [junit-4.11.jar:na]
	at org.springframework.test.context.junit4.SpringJUnit4ClassRunner.methodBlock(SpringJUnit4ClassRunner.java:284) [spring-test-3.2.8.RELEASE.jar:3.2.8.RELEASE]
	at org.springframework.test.context.junit4.SpringJUnit4ClassRunner.runChild(SpringJUnit4ClassRunner.java:231) [spring-test-3.2.8.RELEASE.jar:3.2.8.RELEASE]
	at org.springframework.test.context.junit4.SpringJUnit4ClassRunner.runChild(SpringJUnit4ClassRunner.java:88) [spring-test-3.2.8.RELEASE.jar:3.2.8.RELEASE]
	at org.junit.runners.ParentRunner$3.run(ParentRunner.java:238) [junit-4.11.jar:na]
	at org.junit.runners.ParentRunner$1.schedule(ParentRunner.java:63) [junit-4.11.jar:na]
	at org.junit.runners.ParentRunner.runChildren(ParentRunner.java:236) [junit-4.11.jar:na]
	at org.junit.runners.ParentRunner.access$000(ParentRunner.java:53) [junit-4.11.jar:na]
	at org.junit.runners.ParentRunner$2.evaluate(ParentRunner.java:229) [junit-4.11.jar:na]
	at org.springframework.test.context.junit4.statements.RunBeforeTestClassCallbacks.evaluate(RunBeforeTestClassCallbacks.java:61) [spring-test-3.2.8.RELEASE.jar:3.2.8.RELEASE]
	at org.springframework.test.context.junit4.statements.RunAfterTestClassCallbacks.evaluate(RunAfterTestClassCallbacks.java:71) [spring-test-3.2.8.RELEASE.jar:3.2.8.RELEASE]
	at org.junit.runners.ParentRunner.run(ParentRunner.java:309) [junit-4.11.jar:na]
	at org.springframework.test.context.junit4.SpringJUnit4ClassRunner.run(SpringJUnit4ClassRunner.java:174) [spring-test-3.2.8.RELEASE.jar:3.2.8.RELEASE]
	at org.junit.runner.JUnitCore.run(JUnitCore.java:160) [junit-4.11.jar:na]
	at com.intellij.junit4.JUnit4IdeaTestRunner.startRunnerWithArgs(JUnit4IdeaTestRunner.java:74) [junit-rt.jar:na]
	at com.intellij.rt.execution.junit.JUnitStarter.prepareStreamsAndStart(JUnitStarter.java:211) [junit-rt.jar:na]
	at com.intellij.rt.execution.junit.JUnitStarter.main(JUnitStarter.java:67) [junit-rt.jar:na]
	at sun.reflect.NativeMethodAccessorImpl.invoke0(Native Method) ~[na:1.7.0_13]
	at sun.reflect.NativeMethodAccessorImpl.invoke(NativeMethodAccessorImpl.java:57) ~[na:1.7.0_13]
	at sun.reflect.DelegatingMethodAccessorImpl.invoke(DelegatingMethodAccessorImpl.java:43) ~[na:1.7.0_13]
	at java.lang.reflect.Method.invoke(Method.java:601) ~[na:1.7.0_13]
	at com.intellij.rt.execution.application.AppMain.main(AppMain.java:134) [idea_rt.jar:na]
Caused by: org.springframework.beans.factory.BeanCreationException: Error creating bean with name 'vmVehicleService': Injection of autowired dependencies failed; nested exception is org.springframework.beans.factory.BeanCreationException: Could not autowire field: private gmms.dao.CallReminderDao gmms.service.VmVehicleService.callReminderDao; nested exception is org.springframework.beans.factory.BeanCreationException: Error creating bean with name 'callReminderDao': FactoryBean threw exception on object creation; nested exception is java.lang.IllegalArgumentException: Illegal like pattern :currDate!
	at org.springframework.beans.factory.annotation.AutowiredAnnotationBeanPostProcessor.postProcessPropertyValues(AutowiredAnnotationBeanPostProcessor.java:289) ~[spring-beans-3.2.8.RELEASE.jar:3.2.8.RELEASE]
	at org.springframework.beans.factory.support.AbstractAutowireCapableBeanFactory.populateBean(AbstractAutowireCapableBeanFactory.java:1146) ~[spring-beans-3.2.8.RELEASE.jar:3.2.8.RELEASE]
	at org.springframework.beans.factory.support.AbstractAutowireCapableBeanFactory.doCreateBean(AbstractAutowireCapableBeanFactory.java:519) ~[spring-beans-3.2.8.RELEASE.jar:3.2.8.RELEASE]
	at org.springframework.beans.factory.support.AbstractAutowireCapableBeanFactory.createBean(AbstractAutowireCapableBeanFactory.java:458) ~[spring-beans-3.2.8.RELEASE.jar:3.2.8.RELEASE]
	at org.springframework.beans.factory.support.AbstractBeanFactory$1.getObject(AbstractBeanFactory.java:296) ~[spring-beans-3.2.8.RELEASE.jar:3.2.8.RELEASE]
	at org.springframework.beans.factory.support.DefaultSingletonBeanRegistry.getSingleton(DefaultSingletonBeanRegistry.java:223) ~[spring-beans-3.2.8.RELEASE.jar:3.2.8.RELEASE]
	at org.springframework.beans.factory.support.AbstractBeanFactory.doGetBean(AbstractBeanFactory.java:293) ~[spring-beans-3.2.8.RELEASE.jar:3.2.8.RELEASE]
	at org.springframework.beans.factory.support.AbstractBeanFactory.getBean(AbstractBeanFactory.java:194) ~[spring-beans-3.2.8.RELEASE.jar:3.2.8.RELEASE]
	at org.springframework.beans.factory.support.DefaultListableBeanFactory.preInstantiateSingletons(DefaultListableBeanFactory.java:628) ~[spring-beans-3.2.8.RELEASE.jar:3.2.8.RELEASE]
	at org.springframework.context.support.AbstractApplicationContext.finishBeanFactoryInitialization(AbstractApplicationContext.java:932) ~[spring-context-3.2.8.RELEASE.jar:3.2.8.RELEASE]
	at org.springframework.context.support.AbstractApplicationContext.refresh(AbstractApplicationContext.java:479) ~[spring-context-3.2.8.RELEASE.jar:3.2.8.RELEASE]
	at org.springframework.test.context.support.AbstractGenericContextLoader.loadContext(AbstractGenericContextLoader.java:120) ~[spring-test-3.2.8.RELEASE.jar:3.2.8.RELEASE]
	at org.springframework.test.context.support.AbstractGenericContextLoader.loadContext(AbstractGenericContextLoader.java:60) ~[spring-test-3.2.8.RELEASE.jar:3.2.8.RELEASE]
	at org.springframework.test.context.support.AbstractDelegatingSmartContextLoader.delegateLoading(AbstractDelegatingSmartContextLoader.java:100) ~[spring-test-3.2.8.RELEASE.jar:3.2.8.RELEASE]
	at org.springframework.test.context.support.AbstractDelegatingSmartContextLoader.loadContext(AbstractDelegatingSmartContextLoader.java:248) ~[spring-test-3.2.8.RELEASE.jar:3.2.8.RELEASE]
	at org.springframework.test.context.CacheAwareContextLoaderDelegate.loadContextInternal(CacheAwareContextLoaderDelegate.java:64) ~[spring-test-3.2.8.RELEASE.jar:3.2.8.RELEASE]
	at org.springframework.test.context.CacheAwareContextLoaderDelegate.loadContext(CacheAwareContextLoaderDelegate.java:91) ~[spring-test-3.2.8.RELEASE.jar:3.2.8.RELEASE]
	... 28 common frames omitted
Caused by: org.springframework.beans.factory.BeanCreationException: Could not autowire field: private gmms.dao.CallReminderDao gmms.service.VmVehicleService.callReminderDao; nested exception is org.springframework.beans.factory.BeanCreationException: Error creating bean with name 'callReminderDao': FactoryBean threw exception on object creation; nested exception is java.lang.IllegalArgumentException: Illegal like pattern :currDate!
	at org.springframework.beans.factory.annotation.AutowiredAnnotationBeanPostProcessor$AutowiredFieldElement.inject(AutowiredAnnotationBeanPostProcessor.java:517) ~[spring-beans-3.2.8.RELEASE.jar:3.2.8.RELEASE]
	at org.springframework.beans.factory.annotation.InjectionMetadata.inject(InjectionMetadata.java:87) ~[spring-beans-3.2.8.RELEASE.jar:3.2.8.RELEASE]
	at org.springframework.beans.factory.annotation.AutowiredAnnotationBeanPostProcessor.postProcessPropertyValues(AutowiredAnnotationBeanPostProcessor.java:286) ~[spring-beans-3.2.8.RELEASE.jar:3.2.8.RELEASE]
	... 44 common frames omitted
Caused by: org.springframework.beans.factory.BeanCreationException: Error creating bean with name 'callReminderDao': FactoryBean threw exception on object creation; nested exception is java.lang.IllegalArgumentException: Illegal like pattern :currDate!
	at org.springframework.beans.factory.support.FactoryBeanRegistrySupport.doGetObjectFromFactoryBean(FactoryBeanRegistrySupport.java:149) ~[spring-beans-3.2.8.RELEASE.jar:3.2.8.RELEASE]
	at org.springframework.beans.factory.support.FactoryBeanRegistrySupport.getObjectFromFactoryBean(FactoryBeanRegistrySupport.java:102) ~[spring-beans-3.2.8.RELEASE.jar:3.2.8.RELEASE]
	at org.springframework.beans.factory.support.AbstractBeanFactory.getObjectForBeanInstance(AbstractBeanFactory.java:1468) ~[spring-beans-3.2.8.RELEASE.jar:3.2.8.RELEASE]
	at org.springframework.beans.factory.support.AbstractBeanFactory.doGetBean(AbstractBeanFactory.java:307) ~[spring-beans-3.2.8.RELEASE.jar:3.2.8.RELEASE]
	at org.springframework.beans.factory.support.AbstractBeanFactory.getBean(AbstractBeanFactory.java:194) ~[spring-beans-3.2.8.RELEASE.jar:3.2.8.RELEASE]
	at org.springframework.beans.factory.support.DefaultListableBeanFactory.findAutowireCandidates(DefaultListableBeanFactory.java:912) ~[spring-beans-3.2.8.RELEASE.jar:3.2.8.RELEASE]
	at org.springframework.beans.factory.support.DefaultListableBeanFactory.doResolveDependency(DefaultListableBeanFactory.java:855) ~[spring-beans-3.2.8.RELEASE.jar:3.2.8.RELEASE]
	at org.springframework.beans.factory.support.DefaultListableBeanFactory.resolveDependency(DefaultListableBeanFactory.java:770) ~[spring-beans-3.2.8.RELEASE.jar:3.2.8.RELEASE]
	at org.springframework.beans.factory.annotation.AutowiredAnnotationBeanPostProcessor$AutowiredFieldElement.inject(AutowiredAnnotationBeanPostProcessor.java:489) ~[spring-beans-3.2.8.RELEASE.jar:3.2.8.RELEASE]
	... 46 common frames omitted
Caused by: java.lang.IllegalArgumentException: Illegal like pattern :currDate!
	at org.springframework.data.jpa.repository.query.StringQuery.getLikeTypeFrom(StringQuery.java:205) ~[spring-data-jpa-1.3.2.RELEASE.jar:na]
	at org.springframework.data.jpa.repository.query.StringQuery.parseLikeBindings(StringQuery.java:155) ~[spring-data-jpa-1.3.2.RELEASE.jar:na]
	at org.springframework.data.jpa.repository.query.StringQuery.<init>(StringQuery.java:68) ~[spring-data-jpa-1.3.2.RELEASE.jar:na]
	at org.springframework.data.jpa.repository.query.SimpleJpaQuery.<init>(SimpleJpaQuery.java:53) ~[spring-data-jpa-1.3.2.RELEASE.jar:na]
	at org.springframework.data.jpa.repository.query.SimpleJpaQuery.fromQueryAnnotation(SimpleJpaQuery.java:138) ~[spring-data-jpa-1.3.2.RELEASE.jar:na]
	at org.springframework.data.jpa.repository.query.JpaQueryLookupStrategy$DeclaredQueryLookupStrategy.resolveQuery(JpaQueryLookupStrategy.java:114) ~[spring-data-jpa-1.3.2.RELEASE.jar:na]
	at org.springframework.data.jpa.repository.query.JpaQueryLookupStrategy$CreateIfNotFoundQueryLookupStrategy.resolveQuery(JpaQueryLookupStrategy.java:160) ~[spring-data-jpa-1.3.2.RELEASE.jar:na]
	at org.springframework.data.jpa.repository.query.JpaQueryLookupStrategy$AbstractQueryLookupStrategy.resolveQuery(JpaQueryLookupStrategy.java:68) ~[spring-data-jpa-1.3.2.RELEASE.jar:na]
	at org.springframework.data.repository.core.support.RepositoryFactorySupport$QueryExecutorMethodInterceptor.<init>(RepositoryFactorySupport.java:279) ~[spring-data-commons-1.5.1.RELEASE.jar:na]
	at org.springframework.data.repository.core.support.RepositoryFactorySupport.getRepository(RepositoryFactorySupport.java:147) ~[spring-data-commons-1.5.1.RELEASE.jar:na]
	at org.springframework.data.repository.core.support.RepositoryFactoryBeanSupport.getObject(RepositoryFactoryBeanSupport.java:153) ~[spring-data-commons-1.5.1.RELEASE.jar:na]
	at org.springframework.data.repository.core.support.RepositoryFactoryBeanSupport.getObject(RepositoryFactoryBeanSupport.java:43) ~[spring-data-commons-1.5.1.RELEASE.jar:na]
	at org.springframework.beans.factory.support.FactoryBeanRegistrySupport.doGetObjectFromFactoryBean(FactoryBeanRegistrySupport.java:142) ~[spring-beans-3.2.8.RELEASE.jar:3.2.8.RELEASE]
	... 54 common frames omitted
11:43:11.352 [main] ERROR o.springframework.test.context.TestContextManager:309 - Caught exception while allowing TestExecutionListener [org.springframework.test.context.support.DependencyInjectionTestExecutionListener@7cf738e] to prepare test instance [gmms.service.UsersServiceTest@44ab73a3]
java.lang.IllegalStateException: Failed to load ApplicationContext
	at org.springframework.test.context.CacheAwareContextLoaderDelegate.loadContext(CacheAwareContextLoaderDelegate.java:99) ~[spring-test-3.2.8.RELEASE.jar:3.2.8.RELEASE]
	at org.springframework.test.context.TestContext.getApplicationContext(TestContext.java:122) ~[spring-test-3.2.8.RELEASE.jar:3.2.8.RELEASE]
	at org.springframework.test.context.support.DependencyInjectionTestExecutionListener.injectDependencies(DependencyInjectionTestExecutionListener.java:109) ~[spring-test-3.2.8.RELEASE.jar:3.2.8.RELEASE]
	at org.springframework.test.context.support.DependencyInjectionTestExecutionListener.prepareTestInstance(DependencyInjectionTestExecutionListener.java:75) ~[spring-test-3.2.8.RELEASE.jar:3.2.8.RELEASE]
	at org.springframework.test.context.TestContextManager.prepareTestInstance(TestContextManager.java:307) ~[spring-test-3.2.8.RELEASE.jar:3.2.8.RELEASE]
	at org.springframework.test.context.junit4.SpringJUnit4ClassRunner.createTest(SpringJUnit4ClassRunner.java:211) [spring-test-3.2.8.RELEASE.jar:3.2.8.RELEASE]
	at org.springframework.test.context.junit4.SpringJUnit4ClassRunner$1.runReflectiveCall(SpringJUnit4ClassRunner.java:288) [spring-test-3.2.8.RELEASE.jar:3.2.8.RELEASE]
	at org.junit.internal.runners.model.ReflectiveCallable.run(ReflectiveCallable.java:12) [junit-4.11.jar:na]
	at org.springframework.test.context.junit4.SpringJUnit4ClassRunner.methodBlock(SpringJUnit4ClassRunner.java:284) [spring-test-3.2.8.RELEASE.jar:3.2.8.RELEASE]
	at org.springframework.test.context.junit4.SpringJUnit4ClassRunner.runChild(SpringJUnit4ClassRunner.java:231) [spring-test-3.2.8.RELEASE.jar:3.2.8.RELEASE]
	at org.springframework.test.context.junit4.SpringJUnit4ClassRunner.runChild(SpringJUnit4ClassRunner.java:88) [spring-test-3.2.8.RELEASE.jar:3.2.8.RELEASE]
	at org.junit.runners.ParentRunner$3.run(ParentRunner.java:238) [junit-4.11.jar:na]
	at org.junit.runners.ParentRunner$1.schedule(ParentRunner.java:63) [junit-4.11.jar:na]
	at org.junit.runners.ParentRunner.runChildren(ParentRunner.java:236) [junit-4.11.jar:na]
	at org.junit.runners.ParentRunner.access$000(ParentRunner.java:53) [junit-4.11.jar:na]
	at org.junit.runners.ParentRunner$2.evaluate(ParentRunner.java:229) [junit-4.11.jar:na]
	at org.springframework.test.context.junit4.statements.RunBeforeTestClassCallbacks.evaluate(RunBeforeTestClassCallbacks.java:61) [spring-test-3.2.8.RELEASE.jar:3.2.8.RELEASE]
	at org.springframework.test.context.junit4.statements.RunAfterTestClassCallbacks.evaluate(RunAfterTestClassCallbacks.java:71) [spring-test-3.2.8.RELEASE.jar:3.2.8.RELEASE]
	at org.junit.runners.ParentRunner.run(ParentRunner.java:309) [junit-4.11.jar:na]
	at org.springframework.test.context.junit4.SpringJUnit4ClassRunner.run(SpringJUnit4ClassRunner.java:174) [spring-test-3.2.8.RELEASE.jar:3.2.8.RELEASE]
	at org.junit.runner.JUnitCore.run(JUnitCore.java:160) [junit-4.11.jar:na]
	at com.intellij.junit4.JUnit4IdeaTestRunner.startRunnerWithArgs(JUnit4IdeaTestRunner.java:74) [junit-rt.jar:na]
	at com.intellij.rt.execution.junit.JUnitStarter.prepareStreamsAndStart(JUnitStarter.java:211) [junit-rt.jar:na]
	at com.intellij.rt.execution.junit.JUnitStarter.main(JUnitStarter.java:67) [junit-rt.jar:na]
Caused by: org.springframework.beans.factory.BeanCreationException: Error creating bean with name 'vmVehicleService': Injection of autowired dependencies failed; nested exception is org.springframework.beans.factory.BeanCreationException: Could not autowire field: private gmms.dao.CallReminderDao gmms.service.VmVehicleService.callReminderDao; nested exception is org.springframework.beans.factory.BeanCreationException: Error creating bean with name 'callReminderDao': FactoryBean threw exception on object creation; nested exception is java.lang.IllegalArgumentException: Illegal like pattern :currDate!
	at org.springframework.beans.factory.annotation.AutowiredAnnotationBeanPostProcessor.postProcessPropertyValues(AutowiredAnnotationBeanPostProcessor.java:289) ~[spring-beans-3.2.8.RELEASE.jar:3.2.8.RELEASE]
	at org.springframework.beans.factory.support.AbstractAutowireCapableBeanFactory.populateBean(AbstractAutowireCapableBeanFactory.java:1146) ~[spring-beans-3.2.8.RELEASE.jar:3.2.8.RELEASE]
	at org.springframework.beans.factory.support.AbstractAutowireCapableBeanFactory.doCreateBean(AbstractAutowireCapableBeanFactory.java:519) ~[spring-beans-3.2.8.RELEASE.jar:3.2.8.RELEASE]
	at org.springframework.beans.factory.support.AbstractAutowireCapableBeanFactory.createBean(AbstractAutowireCapableBeanFactory.java:458) ~[spring-beans-3.2.8.RELEASE.jar:3.2.8.RELEASE]
	at org.springframework.beans.factory.support.AbstractBeanFactory$1.getObject(AbstractBeanFactory.java:296) ~[spring-beans-3.2.8.RELEASE.jar:3.2.8.RELEASE]
	at org.springframework.beans.factory.support.DefaultSingletonBeanRegistry.getSingleton(DefaultSingletonBeanRegistry.java:223) ~[spring-beans-3.2.8.RELEASE.jar:3.2.8.RELEASE]
	at org.springframework.beans.factory.support.AbstractBeanFactory.doGetBean(AbstractBeanFactory.java:293) ~[spring-beans-3.2.8.RELEASE.jar:3.2.8.RELEASE]
	at org.springframework.beans.factory.support.AbstractBeanFactory.getBean(AbstractBeanFactory.java:194) ~[spring-beans-3.2.8.RELEASE.jar:3.2.8.RELEASE]
	at org.springframework.beans.factory.support.DefaultListableBeanFactory.preInstantiateSingletons(DefaultListableBeanFactory.java:628) ~[spring-beans-3.2.8.RELEASE.jar:3.2.8.RELEASE]
	at org.springframework.context.support.AbstractApplicationContext.finishBeanFactoryInitialization(AbstractApplicationContext.java:932) ~[spring-context-3.2.8.RELEASE.jar:3.2.8.RELEASE]
	at org.springframework.context.support.AbstractApplicationContext.refresh(AbstractApplicationContext.java:479) ~[spring-context-3.2.8.RELEASE.jar:3.2.8.RELEASE]
	at org.springframework.test.context.support.AbstractGenericContextLoader.loadContext(AbstractGenericContextLoader.java:120) ~[spring-test-3.2.8.RELEASE.jar:3.2.8.RELEASE]
	at org.springframework.test.context.support.AbstractGenericContextLoader.loadContext(AbstractGenericContextLoader.java:60) ~[spring-test-3.2.8.RELEASE.jar:3.2.8.RELEASE]
	at org.springframework.test.context.support.AbstractDelegatingSmartContextLoader.delegateLoading(AbstractDelegatingSmartContextLoader.java:100) ~[spring-test-3.2.8.RELEASE.jar:3.2.8.RELEASE]
	at org.springframework.test.context.support.AbstractDelegatingSmartContextLoader.loadContext(AbstractDelegatingSmartContextLoader.java:248) ~[spring-test-3.2.8.RELEASE.jar:3.2.8.RELEASE]
	at org.springframework.test.context.CacheAwareContextLoaderDelegate.loadContextInternal(CacheAwareContextLoaderDelegate.java:64) ~[spring-test-3.2.8.RELEASE.jar:3.2.8.RELEASE]
	at org.springframework.test.context.CacheAwareContextLoaderDelegate.loadContext(CacheAwareContextLoaderDelegate.java:91) ~[spring-test-3.2.8.RELEASE.jar:3.2.8.RELEASE]
	... 23 common frames omitted
Caused by: org.springframework.beans.factory.BeanCreationException: Could not autowire field: private gmms.dao.CallReminderDao gmms.service.VmVehicleService.callReminderDao; nested exception is org.springframework.beans.factory.BeanCreationException: Error creating bean with name 'callReminderDao': FactoryBean threw exception on object creation; nested exception is java.lang.IllegalArgumentException: Illegal like pattern :currDate!
	at org.springframework.beans.factory.annotation.AutowiredAnnotationBeanPostProcessor$AutowiredFieldElement.inject(AutowiredAnnotationBeanPostProcessor.java:517) ~[spring-beans-3.2.8.RELEASE.jar:3.2.8.RELEASE]
	at org.springframework.beans.factory.annotation.InjectionMetadata.inject(InjectionMetadata.java:87) ~[spring-beans-3.2.8.RELEASE.jar:3.2.8.RELEASE]
	at org.springframework.beans.factory.annotation.AutowiredAnnotationBeanPostProcessor.postProcessPropertyValues(AutowiredAnnotationBeanPostProcessor.java:286) ~[spring-beans-3.2.8.RELEASE.jar:3.2.8.RELEASE]
	... 39 common frames omitted
Caused by: org.springframework.beans.factory.BeanCreationException: Error creating bean with name 'callReminderDao': FactoryBean threw exception on object creation; nested exception is java.lang.IllegalArgumentException: Illegal like pattern :currDate!
	at org.springframework.beans.factory.support.FactoryBeanRegistrySupport.doGetObjectFromFactoryBean(FactoryBeanRegistrySupport.java:149) ~[spring-beans-3.2.8.RELEASE.jar:3.2.8.RELEASE]
	at org.springframework.beans.factory.support.FactoryBeanRegistrySupport.getObjectFromFactoryBean(FactoryBeanRegistrySupport.java:102) ~[spring-beans-3.2.8.RELEASE.jar:3.2.8.RELEASE]
	at org.springframework.beans.factory.support.AbstractBeanFactory.getObjectForBeanInstance(AbstractBeanFactory.java:1468) ~[spring-beans-3.2.8.RELEASE.jar:3.2.8.RELEASE]
	at org.springframework.beans.factory.support.AbstractBeanFactory.doGetBean(AbstractBeanFactory.java:307) ~[spring-beans-3.2.8.RELEASE.jar:3.2.8.RELEASE]
	at org.springframework.beans.factory.support.AbstractBeanFactory.getBean(AbstractBeanFactory.java:194) ~[spring-beans-3.2.8.RELEASE.jar:3.2.8.RELEASE]
	at org.springframework.beans.factory.support.DefaultListableBeanFactory.findAutowireCandidates(DefaultListableBeanFactory.java:912) ~[spring-beans-3.2.8.RELEASE.jar:3.2.8.RELEASE]
	at org.springframework.beans.factory.support.DefaultListableBeanFactory.doResolveDependency(DefaultListableBeanFactory.java:855) ~[spring-beans-3.2.8.RELEASE.jar:3.2.8.RELEASE]
	at org.springframework.beans.factory.support.DefaultListableBeanFactory.resolveDependency(DefaultListableBeanFactory.java:770) ~[spring-beans-3.2.8.RELEASE.jar:3.2.8.RELEASE]
	at org.springframework.beans.factory.annotation.AutowiredAnnotationBeanPostProcessor$AutowiredFieldElement.inject(AutowiredAnnotationBeanPostProcessor.java:489) ~[spring-beans-3.2.8.RELEASE.jar:3.2.8.RELEASE]
	... 41 common frames omitted
Caused by: java.lang.IllegalArgumentException: Illegal like pattern :currDate!
	at org.springframework.data.jpa.repository.query.StringQuery.getLikeTypeFrom(StringQuery.java:205) ~[spring-data-jpa-1.3.2.RELEASE.jar:na]
	at org.springframework.data.jpa.repository.query.StringQuery.parseLikeBindings(StringQuery.java:155) ~[spring-data-jpa-1.3.2.RELEASE.jar:na]
	at org.springframework.data.jpa.repository.query.StringQuery.<init>(StringQuery.java:68) ~[spring-data-jpa-1.3.2.RELEASE.jar:na]
	at org.springframework.data.jpa.repository.query.SimpleJpaQuery.<init>(SimpleJpaQuery.java:53) ~[spring-data-jpa-1.3.2.RELEASE.jar:na]
	at org.springframework.data.jpa.repository.query.SimpleJpaQuery.fromQueryAnnotation(SimpleJpaQuery.java:138) ~[spring-data-jpa-1.3.2.RELEASE.jar:na]
	at org.springframework.data.jpa.repository.query.JpaQueryLookupStrategy$DeclaredQueryLookupStrategy.resolveQuery(JpaQueryLookupStrategy.java:114) ~[spring-data-jpa-1.3.2.RELEASE.jar:na]
	at org.springframework.data.jpa.repository.query.JpaQueryLookupStrategy$CreateIfNotFoundQueryLookupStrategy.resolveQuery(JpaQueryLookupStrategy.java:160) ~[spring-data-jpa-1.3.2.RELEASE.jar:na]
	at org.springframework.data.jpa.repository.query.JpaQueryLookupStrategy$AbstractQueryLookupStrategy.resolveQuery(JpaQueryLookupStrategy.java:68) ~[spring-data-jpa-1.3.2.RELEASE.jar:na]
	at org.springframework.data.repository.core.support.RepositoryFactorySupport$QueryExecutorMethodInterceptor.<init>(RepositoryFactorySupport.java:279) ~[spring-data-commons-1.5.1.RELEASE.jar:na]
	at org.springframework.data.repository.core.support.RepositoryFactorySupport.getRepository(RepositoryFactorySupport.java:147) ~[spring-data-commons-1.5.1.RELEASE.jar:na]
	at org.springframework.data.repository.core.support.RepositoryFactoryBeanSupport.getObject(RepositoryFactoryBeanSupport.java:153) ~[spring-data-commons-1.5.1.RELEASE.jar:na]
	at org.springframework.data.repository.core.support.RepositoryFactoryBeanSupport.getObject(RepositoryFactoryBeanSupport.java:43) ~[spring-data-commons-1.5.1.RELEASE.jar:na]
	at org.springframework.beans.factory.support.FactoryBeanRegistrySupport.doGetObjectFromFactoryBean(FactoryBeanRegistrySupport.java:142) ~[spring-beans-3.2.8.RELEASE.jar:3.2.8.RELEASE]
	... 49 common frames omitted
11:58:31.092 [main] ERROR org.hibernate.engine.jdbc.spi.SqlExceptionHelper:147 - 不能将值 NULL 插入列 'ID'，表 'VYearFee.dbo.Call_Reminder'；列不允许有 Null 值。INSERT 失败。
14:21:12.970 [main] ERROR org.hibernate.engine.jdbc.spi.SqlExceptionHelper:147 - 不能将值 NULL 插入列 'ID'，表 'VYearFee.dbo.Call_Reminder'；列不允许有 Null 值。INSERT 失败。
