09:55:52.201 [main] INFO  o.s.beans.factory.xml.XmlBeanDefinitionReader:315 - Loading XML bean definitions from class path resource [applicationContext.xml]
09:55:53.124 [main] INFO  o.s.context.support.GenericApplicationContext:510 - Refreshing org.springframework.context.support.GenericApplicationContext@78eaaa96: startup date [Mon Oct 09 09:55:53 CST 2017]; root of context hierarchy
09:55:53.463 [main] INFO  o.s.b.factory.config.PropertyPlaceholderConfigurer:172 - Loading properties file from class path resource [jdbc.properties]
09:55:53.465 [main] INFO  o.s.b.factory.config.PropertyPlaceholderConfigurer:172 - Loading properties file from class path resource [file.properties]
09:55:54.300 [main] INFO  o.s.jdbc.datasource.DriverManagerDataSource:153 - Loaded JDBC driver: com.microsoft.sqlserver.jdbc.SQLServerDriver
09:55:54.302 [main] INFO  o.s.context.support.GenericApplicationContext:1374 - Bean 'dataSource' of type [class org.springframework.jdbc.datasource.DriverManagerDataSource] is not eligible for getting processed by all BeanPostProcessors (for example: not eligible for auto-proxying)
09:55:54.377 [main] INFO  o.s.context.support.GenericApplicationContext:1374 - Bean 'hibernateJpaVendorAdapter' of type [class org.springframework.orm.jpa.vendor.HibernateJpaVendorAdapter] is not eligible for getting processed by all BeanPostProcessors (for example: not eligible for auto-proxying)
09:55:54.507 [main] INFO  o.s.orm.jpa.LocalContainerEntityManagerFactoryBean:287 - Building JPA container EntityManagerFactory for persistence unit 'default'
09:55:54.961 [main] INFO  org.hibernate.annotations.common.Version:37 - HCANN000001: Hibernate Commons Annotations {4.0.2.Final}
09:55:54.983 [main] INFO  org.hibernate.Version:41 - HHH000412: Hibernate Core {4.2.3.Final}
09:55:54.986 [main] INFO  org.hibernate.cfg.Environment:239 - HHH000206: hibernate.properties not found
09:55:54.989 [main] INFO  org.hibernate.cfg.Environment:342 - HHH000021: Bytecode provider name : javassist
09:55:55.028 [main] INFO  org.hibernate.ejb.Ejb3Configuration:529 - HHH000204: Processing PersistenceUnitInfo [
	name: default
	...]
09:55:55.679 [main] INFO  o.h.s.j.c.internal.ConnectionProviderInitiator:188 - HHH000130: Instantiating explicit connection provider: org.hibernate.ejb.connection.InjectedDataSourceConnectionProvider
09:55:56.303 [main] INFO  org.hibernate.dialect.Dialect:130 - HHH000400: Using dialect: org.hibernate.dialect.SQLServerDialect
09:55:56.675 [main] INFO  o.h.e.t.internal.TransactionFactoryInitiator:73 - HHH000268: Transaction strategy: org.hibernate.engine.transaction.internal.jdbc.JdbcTransactionFactory
09:55:56.697 [main] INFO  o.h.hql.internal.ast.ASTQueryTranslatorFactory:48 - HHH000397: Using ASTQueryTranslatorFactory
09:55:56.787 [main] INFO  org.hibernate.validator.util.Version:56 - Hibernate Validator 4.1.0.Final
09:55:56.796 [main] INFO  o.h.v.engine.resolver.DefaultTraversableResolver:81 - Instantiated an instance of org.hibernate.validator.engine.resolver.JPATraversableResolver.
09:55:56.823 [main] INFO  o.h.v.engine.resolver.DefaultTraversableResolver:81 - Instantiated an instance of org.hibernate.validator.engine.resolver.JPATraversableResolver.
09:55:57.355 [main] INFO  o.s.context.support.GenericApplicationContext:1374 - Bean 'entityManagerFactory' of type [class org.springframework.orm.jpa.LocalContainerEntityManagerFactoryBean] is not eligible for getting processed by all BeanPostProcessors (for example: not eligible for auto-proxying)
09:55:57.372 [main] INFO  o.s.context.support.GenericApplicationContext:1374 - Bean 'org.springframework.transaction.annotation.AnnotationTransactionAttributeSource#0' of type [class org.springframework.transaction.annotation.AnnotationTransactionAttributeSource] is not eligible for getting processed by all BeanPostProcessors (for example: not eligible for auto-proxying)
09:55:57.382 [main] INFO  o.s.context.support.GenericApplicationContext:1374 - Bean 'org.springframework.transaction.config.internalTransactionAdvisor' of type [class org.springframework.transaction.interceptor.BeanFactoryTransactionAttributeSourceAdvisor] is not eligible for getting processed by all BeanPostProcessors (for example: not eligible for auto-proxying)
09:55:57.433 [main] INFO  o.s.b.factory.support.DefaultListableBeanFactory:598 - Pre-instantiating singletons in org.springframework.beans.factory.support.DefaultListableBeanFactory@7f5a1aca: defining beans [propertyConfigurer,org.springframework.context.annotation.internalAsyncAnnotationProcessor,org.springframework.context.annotation.internalScheduledAnnotationProcessor,scheduler,org.springframework.aop.config.internalAutoProxyCreator,currentUserInterceptor,employeeService,testUserService,vmVehicleService,testTask,org.springframework.context.annotation.internalConfigurationAnnotationProcessor,org.springframework.context.annotation.internalAutowiredAnnotationProcessor,org.springframework.context.annotation.internalRequiredAnnotationProcessor,org.springframework.context.annotation.internalCommonAnnotationProcessor,org.springframework.context.annotation.internalPersistenceAnnotationProcessor,validator,entityManagerFactory,hibernateJpaVendorAdapter,callReminderDao,baseDao,feeMonthRebateDao,sysConfigDao,employeeDao,testUserDao,vmVehicleDao,sysFreeDateDao,org.springframework.data.repository.core.support.RepositoryInterfaceAwareBeanPostProcessor#0,org.springframework.dao.annotation.PersistenceExceptionTranslationPostProcessor#0,transactionManager,org.springframework.transaction.annotation.AnnotationTransactionAttributeSource#0,org.springframework.transaction.interceptor.TransactionInterceptor#0,org.springframework.transaction.config.internalTransactionAdvisor,dataSource,multipartResolver,org.springframework.context.annotation.ConfigurationClassPostProcessor.importAwareProcessor]; root of factory hierarchy
09:55:57.446 [main] INFO  o.s.scheduling.concurrent.ThreadPoolTaskScheduler:154 - Initializing ExecutorService  'scheduler'
09:55:58.546 [main] INFO  o.h.v.engine.resolver.DefaultTraversableResolver:81 - Instantiated an instance of org.hibernate.validator.engine.resolver.JPATraversableResolver.
09:56:18.582 [Thread-1] INFO  o.s.context.support.GenericApplicationContext:1042 - Closing org.springframework.context.support.GenericApplicationContext@78eaaa96: startup date [Mon Oct 09 09:55:53 CST 2017]; root of context hierarchy
09:56:18.584 [Thread-1] INFO  o.s.b.factory.support.DefaultListableBeanFactory:444 - Destroying singletons in org.springframework.beans.factory.support.DefaultListableBeanFactory@7f5a1aca: defining beans [propertyConfigurer,org.springframework.context.annotation.internalAsyncAnnotationProcessor,org.springframework.context.annotation.internalScheduledAnnotationProcessor,scheduler,org.springframework.aop.config.internalAutoProxyCreator,currentUserInterceptor,employeeService,testUserService,vmVehicleService,testTask,org.springframework.context.annotation.internalConfigurationAnnotationProcessor,org.springframework.context.annotation.internalAutowiredAnnotationProcessor,org.springframework.context.annotation.internalRequiredAnnotationProcessor,org.springframework.context.annotation.internalCommonAnnotationProcessor,org.springframework.context.annotation.internalPersistenceAnnotationProcessor,validator,entityManagerFactory,hibernateJpaVendorAdapter,callReminderDao,baseDao,feeMonthRebateDao,sysConfigDao,employeeDao,testUserDao,vmVehicleDao,sysFreeDateDao,org.springframework.data.repository.core.support.RepositoryInterfaceAwareBeanPostProcessor#0,org.springframework.dao.annotation.PersistenceExceptionTranslationPostProcessor#0,transactionManager,org.springframework.transaction.annotation.AnnotationTransactionAttributeSource#0,org.springframework.transaction.interceptor.TransactionInterceptor#0,org.springframework.transaction.config.internalTransactionAdvisor,dataSource,multipartResolver,org.springframework.context.annotation.ConfigurationClassPostProcessor.importAwareProcessor]; root of factory hierarchy
09:56:18.592 [Thread-1] INFO  o.s.scheduling.concurrent.ThreadPoolTaskScheduler:191 - Shutting down ExecutorService 'scheduler'
09:56:18.593 [Thread-1] INFO  o.s.orm.jpa.LocalContainerEntityManagerFactoryBean:441 - Closing JPA EntityManagerFactory for persistence unit 'default'
10:03:14.835 [main] INFO  o.s.beans.factory.xml.XmlBeanDefinitionReader:315 - Loading XML bean definitions from class path resource [applicationContext.xml]
10:03:16.214 [main] INFO  o.s.context.support.GenericApplicationContext:510 - Refreshing org.springframework.context.support.GenericApplicationContext@8d171b2: startup date [Mon Oct 09 10:03:16 CST 2017]; root of context hierarchy
10:03:16.486 [main] INFO  o.s.b.factory.config.PropertyPlaceholderConfigurer:172 - Loading properties file from class path resource [jdbc.properties]
10:03:16.488 [main] INFO  o.s.b.factory.config.PropertyPlaceholderConfigurer:172 - Loading properties file from class path resource [file.properties]
10:03:16.887 [main] INFO  o.s.jdbc.datasource.DriverManagerDataSource:153 - Loaded JDBC driver: com.microsoft.sqlserver.jdbc.SQLServerDriver
10:03:16.889 [main] INFO  o.s.context.support.GenericApplicationContext:1374 - Bean 'dataSource' of type [class org.springframework.jdbc.datasource.DriverManagerDataSource] is not eligible for getting processed by all BeanPostProcessors (for example: not eligible for auto-proxying)
10:03:16.910 [main] INFO  o.s.context.support.GenericApplicationContext:1374 - Bean 'hibernateJpaVendorAdapter' of type [class org.springframework.orm.jpa.vendor.HibernateJpaVendorAdapter] is not eligible for getting processed by all BeanPostProcessors (for example: not eligible for auto-proxying)
10:03:17.000 [main] INFO  o.s.orm.jpa.LocalContainerEntityManagerFactoryBean:287 - Building JPA container EntityManagerFactory for persistence unit 'default'
10:03:17.232 [main] INFO  org.hibernate.annotations.common.Version:37 - HCANN000001: Hibernate Commons Annotations {4.0.2.Final}
10:03:17.241 [main] INFO  org.hibernate.Version:41 - HHH000412: Hibernate Core {4.2.3.Final}
10:03:17.245 [main] INFO  org.hibernate.cfg.Environment:239 - HHH000206: hibernate.properties not found
10:03:17.248 [main] INFO  org.hibernate.cfg.Environment:342 - HHH000021: Bytecode provider name : javassist
10:03:17.277 [main] INFO  org.hibernate.ejb.Ejb3Configuration:529 - HHH000204: Processing PersistenceUnitInfo [
	name: default
	...]
10:03:17.414 [main] INFO  o.h.s.j.c.internal.ConnectionProviderInitiator:188 - HHH000130: Instantiating explicit connection provider: org.hibernate.ejb.connection.InjectedDataSourceConnectionProvider
10:03:17.926 [main] INFO  org.hibernate.dialect.Dialect:130 - HHH000400: Using dialect: org.hibernate.dialect.SQLServerDialect
10:03:18.246 [main] INFO  o.h.e.t.internal.TransactionFactoryInitiator:73 - HHH000268: Transaction strategy: org.hibernate.engine.transaction.internal.jdbc.JdbcTransactionFactory
10:03:18.255 [main] INFO  o.h.hql.internal.ast.ASTQueryTranslatorFactory:48 - HHH000397: Using ASTQueryTranslatorFactory
10:03:18.309 [main] INFO  org.hibernate.validator.util.Version:56 - Hibernate Validator 4.1.0.Final
10:03:18.316 [main] INFO  o.h.v.engine.resolver.DefaultTraversableResolver:81 - Instantiated an instance of org.hibernate.validator.engine.resolver.JPATraversableResolver.
10:03:18.342 [main] INFO  o.h.v.engine.resolver.DefaultTraversableResolver:81 - Instantiated an instance of org.hibernate.validator.engine.resolver.JPATraversableResolver.
10:03:18.766 [main] INFO  o.s.context.support.GenericApplicationContext:1374 - Bean 'entityManagerFactory' of type [class org.springframework.orm.jpa.LocalContainerEntityManagerFactoryBean] is not eligible for getting processed by all BeanPostProcessors (for example: not eligible for auto-proxying)
10:03:18.789 [main] INFO  o.s.context.support.GenericApplicationContext:1374 - Bean 'org.springframework.transaction.annotation.AnnotationTransactionAttributeSource#0' of type [class org.springframework.transaction.annotation.AnnotationTransactionAttributeSource] is not eligible for getting processed by all BeanPostProcessors (for example: not eligible for auto-proxying)
10:03:18.797 [main] INFO  o.s.context.support.GenericApplicationContext:1374 - Bean 'org.springframework.transaction.config.internalTransactionAdvisor' of type [class org.springframework.transaction.interceptor.BeanFactoryTransactionAttributeSourceAdvisor] is not eligible for getting processed by all BeanPostProcessors (for example: not eligible for auto-proxying)
10:03:18.835 [main] INFO  o.s.b.factory.support.DefaultListableBeanFactory:598 - Pre-instantiating singletons in org.springframework.beans.factory.support.DefaultListableBeanFactory@5a4ed947: defining beans [propertyConfigurer,org.springframework.context.annotation.internalAsyncAnnotationProcessor,org.springframework.context.annotation.internalScheduledAnnotationProcessor,scheduler,org.springframework.aop.config.internalAutoProxyCreator,currentUserInterceptor,employeeService,testUserService,vmVehicleService,testTask,org.springframework.context.annotation.internalConfigurationAnnotationProcessor,org.springframework.context.annotation.internalAutowiredAnnotationProcessor,org.springframework.context.annotation.internalRequiredAnnotationProcessor,org.springframework.context.annotation.internalCommonAnnotationProcessor,org.springframework.context.annotation.internalPersistenceAnnotationProcessor,validator,entityManagerFactory,hibernateJpaVendorAdapter,testUserDao,employeeDao,callReminderDao,sysFreeDateDao,vmVehicleDao,baseDao,sysConfigDao,feeMonthRebateDao,org.springframework.data.repository.core.support.RepositoryInterfaceAwareBeanPostProcessor#0,org.springframework.dao.annotation.PersistenceExceptionTranslationPostProcessor#0,transactionManager,org.springframework.transaction.annotation.AnnotationTransactionAttributeSource#0,org.springframework.transaction.interceptor.TransactionInterceptor#0,org.springframework.transaction.config.internalTransactionAdvisor,dataSource,multipartResolver,org.springframework.context.annotation.ConfigurationClassPostProcessor.importAwareProcessor]; root of factory hierarchy
10:03:18.849 [main] INFO  o.s.scheduling.concurrent.ThreadPoolTaskScheduler:154 - Initializing ExecutorService  'scheduler'
10:03:19.680 [main] INFO  o.h.v.engine.resolver.DefaultTraversableResolver:81 - Instantiated an instance of org.hibernate.validator.engine.resolver.JPATraversableResolver.
10:03:20.965 [Thread-1] INFO  o.s.context.support.GenericApplicationContext:1042 - Closing org.springframework.context.support.GenericApplicationContext@8d171b2: startup date [Mon Oct 09 10:03:16 CST 2017]; root of context hierarchy
10:03:20.968 [Thread-1] INFO  o.s.b.factory.support.DefaultListableBeanFactory:444 - Destroying singletons in org.springframework.beans.factory.support.DefaultListableBeanFactory@5a4ed947: defining beans [propertyConfigurer,org.springframework.context.annotation.internalAsyncAnnotationProcessor,org.springframework.context.annotation.internalScheduledAnnotationProcessor,scheduler,org.springframework.aop.config.internalAutoProxyCreator,currentUserInterceptor,employeeService,testUserService,vmVehicleService,testTask,org.springframework.context.annotation.internalConfigurationAnnotationProcessor,org.springframework.context.annotation.internalAutowiredAnnotationProcessor,org.springframework.context.annotation.internalRequiredAnnotationProcessor,org.springframework.context.annotation.internalCommonAnnotationProcessor,org.springframework.context.annotation.internalPersistenceAnnotationProcessor,validator,entityManagerFactory,hibernateJpaVendorAdapter,testUserDao,employeeDao,callReminderDao,sysFreeDateDao,vmVehicleDao,baseDao,sysConfigDao,feeMonthRebateDao,org.springframework.data.repository.core.support.RepositoryInterfaceAwareBeanPostProcessor#0,org.springframework.dao.annotation.PersistenceExceptionTranslationPostProcessor#0,transactionManager,org.springframework.transaction.annotation.AnnotationTransactionAttributeSource#0,org.springframework.transaction.interceptor.TransactionInterceptor#0,org.springframework.transaction.config.internalTransactionAdvisor,dataSource,multipartResolver,org.springframework.context.annotation.ConfigurationClassPostProcessor.importAwareProcessor]; root of factory hierarchy
10:03:20.976 [Thread-1] INFO  o.s.scheduling.concurrent.ThreadPoolTaskScheduler:191 - Shutting down ExecutorService 'scheduler'
10:03:20.976 [Thread-1] INFO  o.s.orm.jpa.LocalContainerEntityManagerFactoryBean:441 - Closing JPA EntityManagerFactory for persistence unit 'default'
