17:30:59.841 [main] INFO  o.s.beans.factory.xml.XmlBeanDefinitionReader:315 - Loading XML bean definitions from class path resource [applicationContext.xml]
17:31:00.700 [main] INFO  o.s.context.support.GenericApplicationContext:510 - Refreshing org.springframework.context.support.GenericApplicationContext@4039d66f: startup date [Thu Nov 16 17:31:00 CST 2017]; root of context hierarchy
17:31:00.977 [main] INFO  o.s.b.factory.config.PropertyPlaceholderConfigurer:172 - Loading properties file from class path resource [jdbc.properties]
17:31:00.979 [main] INFO  o.s.b.factory.config.PropertyPlaceholderConfigurer:172 - Loading properties file from class path resource [file.properties]
17:31:01.396 [main] INFO  o.s.jdbc.datasource.DriverManagerDataSource:153 - Loaded JDBC driver: com.microsoft.sqlserver.jdbc.SQLServerDriver
17:31:01.398 [main] INFO  o.s.context.support.GenericApplicationContext:1374 - Bean 'dataSource' of type [class org.springframework.jdbc.datasource.DriverManagerDataSource] is not eligible for getting processed by all BeanPostProcessors (for example: not eligible for auto-proxying)
17:31:01.417 [main] INFO  o.s.context.support.GenericApplicationContext:1374 - Bean 'hibernateJpaVendorAdapter' of type [class org.springframework.orm.jpa.vendor.HibernateJpaVendorAdapter] is not eligible for getting processed by all BeanPostProcessors (for example: not eligible for auto-proxying)
17:31:01.519 [main] INFO  o.s.orm.jpa.LocalContainerEntityManagerFactoryBean:287 - Building JPA container EntityManagerFactory for persistence unit 'default'
17:31:01.741 [main] INFO  org.hibernate.annotations.common.Version:37 - HCANN000001: Hibernate Commons Annotations {4.0.2.Final}
17:31:01.750 [main] INFO  org.hibernate.Version:41 - HHH000412: Hibernate Core {4.2.3.Final}
17:31:01.752 [main] INFO  org.hibernate.cfg.Environment:239 - HHH000206: hibernate.properties not found
17:31:01.755 [main] INFO  org.hibernate.cfg.Environment:342 - HHH000021: Bytecode provider name : javassist
17:31:01.779 [main] INFO  org.hibernate.ejb.Ejb3Configuration:529 - HHH000204: Processing PersistenceUnitInfo [
	name: default
	...]
17:31:01.887 [main] INFO  o.h.s.j.c.internal.ConnectionProviderInitiator:188 - HHH000130: Instantiating explicit connection provider: org.hibernate.ejb.connection.InjectedDataSourceConnectionProvider
17:31:16.972 [main] INFO  org.hibernate.dialect.Dialect:130 - HHH000400: Using dialect: org.hibernate.dialect.SQLServerDialect
17:31:16.983 [main] INFO  o.hibernate.engine.jdbc.internal.LobCreatorBuilder:85 - HHH000422: Disabling contextual LOB creation as connection was null
17:31:17.206 [main] INFO  o.h.e.t.internal.TransactionFactoryInitiator:73 - HHH000268: Transaction strategy: org.hibernate.engine.transaction.internal.jdbc.JdbcTransactionFactory
17:31:17.212 [main] INFO  o.h.hql.internal.ast.ASTQueryTranslatorFactory:48 - HHH000397: Using ASTQueryTranslatorFactory
17:31:17.254 [main] INFO  org.hibernate.validator.util.Version:56 - Hibernate Validator 4.1.0.Final
17:31:17.261 [main] INFO  o.h.v.engine.resolver.DefaultTraversableResolver:81 - Instantiated an instance of org.hibernate.validator.engine.resolver.JPATraversableResolver.
17:31:17.283 [main] INFO  o.h.v.engine.resolver.DefaultTraversableResolver:81 - Instantiated an instance of org.hibernate.validator.engine.resolver.JPATraversableResolver.
17:31:17.646 [main] INFO  o.s.context.support.GenericApplicationContext:1374 - Bean 'entityManagerFactory' of type [class org.springframework.orm.jpa.LocalContainerEntityManagerFactoryBean] is not eligible for getting processed by all BeanPostProcessors (for example: not eligible for auto-proxying)
17:31:17.669 [main] INFO  o.s.context.support.GenericApplicationContext:1374 - Bean 'org.springframework.transaction.annotation.AnnotationTransactionAttributeSource#0' of type [class org.springframework.transaction.annotation.AnnotationTransactionAttributeSource] is not eligible for getting processed by all BeanPostProcessors (for example: not eligible for auto-proxying)
17:31:17.675 [main] INFO  o.s.context.support.GenericApplicationContext:1374 - Bean 'org.springframework.transaction.config.internalTransactionAdvisor' of type [class org.springframework.transaction.interceptor.BeanFactoryTransactionAttributeSourceAdvisor] is not eligible for getting processed by all BeanPostProcessors (for example: not eligible for auto-proxying)
17:31:17.692 [main] INFO  o.s.b.factory.support.DefaultListableBeanFactory:598 - Pre-instantiating singletons in org.springframework.beans.factory.support.DefaultListableBeanFactory@5dd06de: defining beans [propertyConfigurer,org.springframework.context.annotation.internalAsyncAnnotationProcessor,org.springframework.context.annotation.internalScheduledAnnotationProcessor,scheduler,org.springframework.aop.config.internalAutoProxyCreator,currentUserInterceptor,employeeService,testUserService,vmVehicleService,testTask,org.springframework.context.annotation.internalConfigurationAnnotationProcessor,org.springframework.context.annotation.internalAutowiredAnnotationProcessor,org.springframework.context.annotation.internalRequiredAnnotationProcessor,org.springframework.context.annotation.internalCommonAnnotationProcessor,org.springframework.context.annotation.internalPersistenceAnnotationProcessor,validator,entityManagerFactory,hibernateJpaVendorAdapter,baseDao,callReminderDao,feeMonthRebateDao,testUserDao,sysConfigDao,vmVehicleDao,employeeDao,sysFreeDateDao,org.springframework.data.repository.core.support.RepositoryInterfaceAwareBeanPostProcessor#0,org.springframework.dao.annotation.PersistenceExceptionTranslationPostProcessor#0,transactionManager,org.springframework.transaction.annotation.AnnotationTransactionAttributeSource#0,org.springframework.transaction.interceptor.TransactionInterceptor#0,org.springframework.transaction.config.internalTransactionAdvisor,dataSource,multipartResolver,org.springframework.context.annotation.ConfigurationClassPostProcessor.importAwareProcessor]; root of factory hierarchy
17:31:17.706 [main] INFO  o.s.scheduling.concurrent.ThreadPoolTaskScheduler:154 - Initializing ExecutorService  'scheduler'
17:31:18.469 [main] INFO  o.h.v.engine.resolver.DefaultTraversableResolver:81 - Instantiated an instance of org.hibernate.validator.engine.resolver.JPATraversableResolver.
17:31:18.576 [Thread-1] INFO  o.s.context.support.GenericApplicationContext:1042 - Closing org.springframework.context.support.GenericApplicationContext@4039d66f: startup date [Thu Nov 16 17:31:00 CST 2017]; root of context hierarchy
17:31:18.593 [Thread-1] INFO  o.s.b.factory.support.DefaultListableBeanFactory:444 - Destroying singletons in org.springframework.beans.factory.support.DefaultListableBeanFactory@5dd06de: defining beans [propertyConfigurer,org.springframework.context.annotation.internalAsyncAnnotationProcessor,org.springframework.context.annotation.internalScheduledAnnotationProcessor,scheduler,org.springframework.aop.config.internalAutoProxyCreator,currentUserInterceptor,employeeService,testUserService,vmVehicleService,testTask,org.springframework.context.annotation.internalConfigurationAnnotationProcessor,org.springframework.context.annotation.internalAutowiredAnnotationProcessor,org.springframework.context.annotation.internalRequiredAnnotationProcessor,org.springframework.context.annotation.internalCommonAnnotationProcessor,org.springframework.context.annotation.internalPersistenceAnnotationProcessor,validator,entityManagerFactory,hibernateJpaVendorAdapter,baseDao,callReminderDao,feeMonthRebateDao,testUserDao,sysConfigDao,vmVehicleDao,employeeDao,sysFreeDateDao,org.springframework.data.repository.core.support.RepositoryInterfaceAwareBeanPostProcessor#0,org.springframework.dao.annotation.PersistenceExceptionTranslationPostProcessor#0,transactionManager,org.springframework.transaction.annotation.AnnotationTransactionAttributeSource#0,org.springframework.transaction.interceptor.TransactionInterceptor#0,org.springframework.transaction.config.internalTransactionAdvisor,dataSource,multipartResolver,org.springframework.context.annotation.ConfigurationClassPostProcessor.importAwareProcessor]; root of factory hierarchy
17:31:18.604 [Thread-1] INFO  o.s.scheduling.concurrent.ThreadPoolTaskScheduler:191 - Shutting down ExecutorService 'scheduler'
17:31:18.606 [Thread-1] INFO  o.s.orm.jpa.LocalContainerEntityManagerFactoryBean:441 - Closing JPA EntityManagerFactory for persistence unit 'default'
17:32:11.367 [main] INFO  o.s.beans.factory.xml.XmlBeanDefinitionReader:315 - Loading XML bean definitions from class path resource [applicationContext.xml]
17:32:12.376 [main] INFO  o.s.context.support.GenericApplicationContext:510 - Refreshing org.springframework.context.support.GenericApplicationContext@4a44bd92: startup date [Thu Nov 16 17:32:12 CST 2017]; root of context hierarchy
17:32:12.655 [main] INFO  o.s.b.factory.config.PropertyPlaceholderConfigurer:172 - Loading properties file from class path resource [jdbc.properties]
17:32:12.657 [main] INFO  o.s.b.factory.config.PropertyPlaceholderConfigurer:172 - Loading properties file from class path resource [file.properties]
17:32:12.961 [main] INFO  o.s.jdbc.datasource.DriverManagerDataSource:153 - Loaded JDBC driver: com.microsoft.sqlserver.jdbc.SQLServerDriver
17:32:12.963 [main] INFO  o.s.context.support.GenericApplicationContext:1374 - Bean 'dataSource' of type [class org.springframework.jdbc.datasource.DriverManagerDataSource] is not eligible for getting processed by all BeanPostProcessors (for example: not eligible for auto-proxying)
17:32:12.982 [main] INFO  o.s.context.support.GenericApplicationContext:1374 - Bean 'hibernateJpaVendorAdapter' of type [class org.springframework.orm.jpa.vendor.HibernateJpaVendorAdapter] is not eligible for getting processed by all BeanPostProcessors (for example: not eligible for auto-proxying)
17:32:13.071 [main] INFO  o.s.orm.jpa.LocalContainerEntityManagerFactoryBean:287 - Building JPA container EntityManagerFactory for persistence unit 'default'
17:32:13.270 [main] INFO  org.hibernate.annotations.common.Version:37 - HCANN000001: Hibernate Commons Annotations {4.0.2.Final}
17:32:13.282 [main] INFO  org.hibernate.Version:41 - HHH000412: Hibernate Core {4.2.3.Final}
17:32:13.285 [main] INFO  org.hibernate.cfg.Environment:239 - HHH000206: hibernate.properties not found
17:32:13.287 [main] INFO  org.hibernate.cfg.Environment:342 - HHH000021: Bytecode provider name : javassist
17:32:13.314 [main] INFO  org.hibernate.ejb.Ejb3Configuration:529 - HHH000204: Processing PersistenceUnitInfo [
	name: default
	...]
17:32:13.424 [main] INFO  o.h.s.j.c.internal.ConnectionProviderInitiator:188 - HHH000130: Instantiating explicit connection provider: org.hibernate.ejb.connection.InjectedDataSourceConnectionProvider
17:32:28.502 [main] INFO  org.hibernate.dialect.Dialect:130 - HHH000400: Using dialect: org.hibernate.dialect.SQLServerDialect
17:32:28.513 [main] INFO  o.hibernate.engine.jdbc.internal.LobCreatorBuilder:85 - HHH000422: Disabling contextual LOB creation as connection was null
17:32:28.734 [main] INFO  o.h.e.t.internal.TransactionFactoryInitiator:73 - HHH000268: Transaction strategy: org.hibernate.engine.transaction.internal.jdbc.JdbcTransactionFactory
17:32:28.742 [main] INFO  o.h.hql.internal.ast.ASTQueryTranslatorFactory:48 - HHH000397: Using ASTQueryTranslatorFactory
17:32:28.792 [main] INFO  org.hibernate.validator.util.Version:56 - Hibernate Validator 4.1.0.Final
17:32:28.799 [main] INFO  o.h.v.engine.resolver.DefaultTraversableResolver:81 - Instantiated an instance of org.hibernate.validator.engine.resolver.JPATraversableResolver.
17:32:28.825 [main] INFO  o.h.v.engine.resolver.DefaultTraversableResolver:81 - Instantiated an instance of org.hibernate.validator.engine.resolver.JPATraversableResolver.
17:32:29.173 [main] INFO  o.s.context.support.GenericApplicationContext:1374 - Bean 'entityManagerFactory' of type [class org.springframework.orm.jpa.LocalContainerEntityManagerFactoryBean] is not eligible for getting processed by all BeanPostProcessors (for example: not eligible for auto-proxying)
17:32:29.202 [main] INFO  o.s.context.support.GenericApplicationContext:1374 - Bean 'org.springframework.transaction.annotation.AnnotationTransactionAttributeSource#0' of type [class org.springframework.transaction.annotation.AnnotationTransactionAttributeSource] is not eligible for getting processed by all BeanPostProcessors (for example: not eligible for auto-proxying)
17:32:29.209 [main] INFO  o.s.context.support.GenericApplicationContext:1374 - Bean 'org.springframework.transaction.config.internalTransactionAdvisor' of type [class org.springframework.transaction.interceptor.BeanFactoryTransactionAttributeSourceAdvisor] is not eligible for getting processed by all BeanPostProcessors (for example: not eligible for auto-proxying)
17:32:29.226 [main] INFO  o.s.b.factory.support.DefaultListableBeanFactory:598 - Pre-instantiating singletons in org.springframework.beans.factory.support.DefaultListableBeanFactory@2618293f: defining beans [propertyConfigurer,org.springframework.context.annotation.internalAsyncAnnotationProcessor,org.springframework.context.annotation.internalScheduledAnnotationProcessor,scheduler,org.springframework.aop.config.internalAutoProxyCreator,currentUserInterceptor,employeeService,testUserService,vmVehicleService,testTask,org.springframework.context.annotation.internalConfigurationAnnotationProcessor,org.springframework.context.annotation.internalAutowiredAnnotationProcessor,org.springframework.context.annotation.internalRequiredAnnotationProcessor,org.springframework.context.annotation.internalCommonAnnotationProcessor,org.springframework.context.annotation.internalPersistenceAnnotationProcessor,validator,entityManagerFactory,hibernateJpaVendorAdapter,vmVehicleDao,callReminderDao,employeeDao,testUserDao,feeMonthRebateDao,baseDao,sysConfigDao,sysFreeDateDao,org.springframework.data.repository.core.support.RepositoryInterfaceAwareBeanPostProcessor#0,org.springframework.dao.annotation.PersistenceExceptionTranslationPostProcessor#0,transactionManager,org.springframework.transaction.annotation.AnnotationTransactionAttributeSource#0,org.springframework.transaction.interceptor.TransactionInterceptor#0,org.springframework.transaction.config.internalTransactionAdvisor,dataSource,multipartResolver,org.springframework.context.annotation.ConfigurationClassPostProcessor.importAwareProcessor]; root of factory hierarchy
17:32:29.238 [main] INFO  o.s.scheduling.concurrent.ThreadPoolTaskScheduler:154 - Initializing ExecutorService  'scheduler'
17:32:29.976 [main] INFO  o.h.v.engine.resolver.DefaultTraversableResolver:81 - Instantiated an instance of org.hibernate.validator.engine.resolver.JPATraversableResolver.
17:32:30.077 [Thread-1] INFO  o.s.context.support.GenericApplicationContext:1042 - Closing org.springframework.context.support.GenericApplicationContext@4a44bd92: startup date [Thu Nov 16 17:32:12 CST 2017]; root of context hierarchy
17:32:30.079 [Thread-1] INFO  o.s.b.factory.support.DefaultListableBeanFactory:444 - Destroying singletons in org.springframework.beans.factory.support.DefaultListableBeanFactory@2618293f: defining beans [propertyConfigurer,org.springframework.context.annotation.internalAsyncAnnotationProcessor,org.springframework.context.annotation.internalScheduledAnnotationProcessor,scheduler,org.springframework.aop.config.internalAutoProxyCreator,currentUserInterceptor,employeeService,testUserService,vmVehicleService,testTask,org.springframework.context.annotation.internalConfigurationAnnotationProcessor,org.springframework.context.annotation.internalAutowiredAnnotationProcessor,org.springframework.context.annotation.internalRequiredAnnotationProcessor,org.springframework.context.annotation.internalCommonAnnotationProcessor,org.springframework.context.annotation.internalPersistenceAnnotationProcessor,validator,entityManagerFactory,hibernateJpaVendorAdapter,vmVehicleDao,callReminderDao,employeeDao,testUserDao,feeMonthRebateDao,baseDao,sysConfigDao,sysFreeDateDao,org.springframework.data.repository.core.support.RepositoryInterfaceAwareBeanPostProcessor#0,org.springframework.dao.annotation.PersistenceExceptionTranslationPostProcessor#0,transactionManager,org.springframework.transaction.annotation.AnnotationTransactionAttributeSource#0,org.springframework.transaction.interceptor.TransactionInterceptor#0,org.springframework.transaction.config.internalTransactionAdvisor,dataSource,multipartResolver,org.springframework.context.annotation.ConfigurationClassPostProcessor.importAwareProcessor]; root of factory hierarchy
17:32:30.087 [Thread-1] INFO  o.s.scheduling.concurrent.ThreadPoolTaskScheduler:191 - Shutting down ExecutorService 'scheduler'
17:32:30.089 [Thread-1] INFO  o.s.orm.jpa.LocalContainerEntityManagerFactoryBean:441 - Closing JPA EntityManagerFactory for persistence unit 'default'
17:33:07.539 [main] INFO  o.s.beans.factory.xml.XmlBeanDefinitionReader:315 - Loading XML bean definitions from class path resource [applicationContext.xml]
17:33:08.325 [main] INFO  o.s.context.support.GenericApplicationContext:510 - Refreshing org.springframework.context.support.GenericApplicationContext@4039d66f: startup date [Thu Nov 16 17:33:08 CST 2017]; root of context hierarchy
17:33:08.568 [main] INFO  o.s.b.factory.config.PropertyPlaceholderConfigurer:172 - Loading properties file from class path resource [jdbc.properties]
17:33:08.570 [main] INFO  o.s.b.factory.config.PropertyPlaceholderConfigurer:172 - Loading properties file from class path resource [file.properties]
17:33:09.138 [main] INFO  o.s.jdbc.datasource.DriverManagerDataSource:153 - Loaded JDBC driver: com.microsoft.sqlserver.jdbc.SQLServerDriver
17:33:09.139 [main] INFO  o.s.context.support.GenericApplicationContext:1374 - Bean 'dataSource' of type [class org.springframework.jdbc.datasource.DriverManagerDataSource] is not eligible for getting processed by all BeanPostProcessors (for example: not eligible for auto-proxying)
17:33:09.166 [main] INFO  o.s.context.support.GenericApplicationContext:1374 - Bean 'hibernateJpaVendorAdapter' of type [class org.springframework.orm.jpa.vendor.HibernateJpaVendorAdapter] is not eligible for getting processed by all BeanPostProcessors (for example: not eligible for auto-proxying)
17:33:09.287 [main] INFO  o.s.orm.jpa.LocalContainerEntityManagerFactoryBean:287 - Building JPA container EntityManagerFactory for persistence unit 'default'
17:33:09.653 [main] INFO  org.hibernate.annotations.common.Version:37 - HCANN000001: Hibernate Commons Annotations {4.0.2.Final}
17:33:09.667 [main] INFO  org.hibernate.Version:41 - HHH000412: Hibernate Core {4.2.3.Final}
17:33:09.671 [main] INFO  org.hibernate.cfg.Environment:239 - HHH000206: hibernate.properties not found
17:33:09.675 [main] INFO  org.hibernate.cfg.Environment:342 - HHH000021: Bytecode provider name : javassist
17:33:09.712 [main] INFO  org.hibernate.ejb.Ejb3Configuration:529 - HHH000204: Processing PersistenceUnitInfo [
	name: default
	...]
17:33:09.832 [main] INFO  o.h.s.j.c.internal.ConnectionProviderInitiator:188 - HHH000130: Instantiating explicit connection provider: org.hibernate.ejb.connection.InjectedDataSourceConnectionProvider
17:33:24.913 [main] INFO  org.hibernate.dialect.Dialect:130 - HHH000400: Using dialect: org.hibernate.dialect.SQLServerDialect
17:33:24.925 [main] INFO  o.hibernate.engine.jdbc.internal.LobCreatorBuilder:85 - HHH000422: Disabling contextual LOB creation as connection was null
17:33:25.138 [main] INFO  o.h.e.t.internal.TransactionFactoryInitiator:73 - HHH000268: Transaction strategy: org.hibernate.engine.transaction.internal.jdbc.JdbcTransactionFactory
17:33:25.145 [main] INFO  o.h.hql.internal.ast.ASTQueryTranslatorFactory:48 - HHH000397: Using ASTQueryTranslatorFactory
17:33:25.190 [main] INFO  org.hibernate.validator.util.Version:56 - Hibernate Validator 4.1.0.Final
17:33:25.197 [main] INFO  o.h.v.engine.resolver.DefaultTraversableResolver:81 - Instantiated an instance of org.hibernate.validator.engine.resolver.JPATraversableResolver.
17:33:25.218 [main] INFO  o.h.v.engine.resolver.DefaultTraversableResolver:81 - Instantiated an instance of org.hibernate.validator.engine.resolver.JPATraversableResolver.
17:33:25.544 [main] INFO  o.s.context.support.GenericApplicationContext:1374 - Bean 'entityManagerFactory' of type [class org.springframework.orm.jpa.LocalContainerEntityManagerFactoryBean] is not eligible for getting processed by all BeanPostProcessors (for example: not eligible for auto-proxying)
17:33:25.567 [main] INFO  o.s.context.support.GenericApplicationContext:1374 - Bean 'org.springframework.transaction.annotation.AnnotationTransactionAttributeSource#0' of type [class org.springframework.transaction.annotation.AnnotationTransactionAttributeSource] is not eligible for getting processed by all BeanPostProcessors (for example: not eligible for auto-proxying)
17:33:25.574 [main] INFO  o.s.context.support.GenericApplicationContext:1374 - Bean 'org.springframework.transaction.config.internalTransactionAdvisor' of type [class org.springframework.transaction.interceptor.BeanFactoryTransactionAttributeSourceAdvisor] is not eligible for getting processed by all BeanPostProcessors (for example: not eligible for auto-proxying)
17:33:25.589 [main] INFO  o.s.b.factory.support.DefaultListableBeanFactory:598 - Pre-instantiating singletons in org.springframework.beans.factory.support.DefaultListableBeanFactory@5dd06de: defining beans [propertyConfigurer,org.springframework.context.annotation.internalAsyncAnnotationProcessor,org.springframework.context.annotation.internalScheduledAnnotationProcessor,scheduler,org.springframework.aop.config.internalAutoProxyCreator,currentUserInterceptor,employeeService,testUserService,vmVehicleService,testTask,org.springframework.context.annotation.internalConfigurationAnnotationProcessor,org.springframework.context.annotation.internalAutowiredAnnotationProcessor,org.springframework.context.annotation.internalRequiredAnnotationProcessor,org.springframework.context.annotation.internalCommonAnnotationProcessor,org.springframework.context.annotation.internalPersistenceAnnotationProcessor,validator,entityManagerFactory,hibernateJpaVendorAdapter,baseDao,callReminderDao,feeMonthRebateDao,testUserDao,sysConfigDao,vmVehicleDao,employeeDao,sysFreeDateDao,org.springframework.data.repository.core.support.RepositoryInterfaceAwareBeanPostProcessor#0,org.springframework.dao.annotation.PersistenceExceptionTranslationPostProcessor#0,transactionManager,org.springframework.transaction.annotation.AnnotationTransactionAttributeSource#0,org.springframework.transaction.interceptor.TransactionInterceptor#0,org.springframework.transaction.config.internalTransactionAdvisor,dataSource,multipartResolver,org.springframework.context.annotation.ConfigurationClassPostProcessor.importAwareProcessor]; root of factory hierarchy
17:33:25.603 [main] INFO  o.s.scheduling.concurrent.ThreadPoolTaskScheduler:154 - Initializing ExecutorService  'scheduler'
17:33:26.283 [main] INFO  o.h.v.engine.resolver.DefaultTraversableResolver:81 - Instantiated an instance of org.hibernate.validator.engine.resolver.JPATraversableResolver.
17:33:26.371 [Thread-1] INFO  o.s.context.support.GenericApplicationContext:1042 - Closing org.springframework.context.support.GenericApplicationContext@4039d66f: startup date [Thu Nov 16 17:33:08 CST 2017]; root of context hierarchy
17:33:26.373 [Thread-1] INFO  o.s.b.factory.support.DefaultListableBeanFactory:444 - Destroying singletons in org.springframework.beans.factory.support.DefaultListableBeanFactory@5dd06de: defining beans [propertyConfigurer,org.springframework.context.annotation.internalAsyncAnnotationProcessor,org.springframework.context.annotation.internalScheduledAnnotationProcessor,scheduler,org.springframework.aop.config.internalAutoProxyCreator,currentUserInterceptor,employeeService,testUserService,vmVehicleService,testTask,org.springframework.context.annotation.internalConfigurationAnnotationProcessor,org.springframework.context.annotation.internalAutowiredAnnotationProcessor,org.springframework.context.annotation.internalRequiredAnnotationProcessor,org.springframework.context.annotation.internalCommonAnnotationProcessor,org.springframework.context.annotation.internalPersistenceAnnotationProcessor,validator,entityManagerFactory,hibernateJpaVendorAdapter,baseDao,callReminderDao,feeMonthRebateDao,testUserDao,sysConfigDao,vmVehicleDao,employeeDao,sysFreeDateDao,org.springframework.data.repository.core.support.RepositoryInterfaceAwareBeanPostProcessor#0,org.springframework.dao.annotation.PersistenceExceptionTranslationPostProcessor#0,transactionManager,org.springframework.transaction.annotation.AnnotationTransactionAttributeSource#0,org.springframework.transaction.interceptor.TransactionInterceptor#0,org.springframework.transaction.config.internalTransactionAdvisor,dataSource,multipartResolver,org.springframework.context.annotation.ConfigurationClassPostProcessor.importAwareProcessor]; root of factory hierarchy
17:33:26.383 [Thread-1] INFO  o.s.scheduling.concurrent.ThreadPoolTaskScheduler:191 - Shutting down ExecutorService 'scheduler'
17:33:26.383 [Thread-1] INFO  o.s.orm.jpa.LocalContainerEntityManagerFactoryBean:441 - Closing JPA EntityManagerFactory for persistence unit 'default'
17:33:47.285 [main] INFO  o.s.beans.factory.xml.XmlBeanDefinitionReader:315 - Loading XML bean definitions from class path resource [applicationContext.xml]
17:33:48.566 [main] INFO  o.s.context.support.GenericApplicationContext:510 - Refreshing org.springframework.context.support.GenericApplicationContext@64c53235: startup date [Thu Nov 16 17:33:48 CST 2017]; root of context hierarchy
17:33:48.840 [main] INFO  o.s.b.factory.config.PropertyPlaceholderConfigurer:172 - Loading properties file from class path resource [jdbc.properties]
17:33:48.842 [main] INFO  o.s.b.factory.config.PropertyPlaceholderConfigurer:172 - Loading properties file from class path resource [file.properties]
17:33:49.168 [main] INFO  o.s.jdbc.datasource.DriverManagerDataSource:153 - Loaded JDBC driver: com.microsoft.sqlserver.jdbc.SQLServerDriver
17:33:49.170 [main] INFO  o.s.context.support.GenericApplicationContext:1374 - Bean 'dataSource' of type [class org.springframework.jdbc.datasource.DriverManagerDataSource] is not eligible for getting processed by all BeanPostProcessors (for example: not eligible for auto-proxying)
17:33:49.192 [main] INFO  o.s.context.support.GenericApplicationContext:1374 - Bean 'hibernateJpaVendorAdapter' of type [class org.springframework.orm.jpa.vendor.HibernateJpaVendorAdapter] is not eligible for getting processed by all BeanPostProcessors (for example: not eligible for auto-proxying)
17:33:49.283 [main] INFO  o.s.orm.jpa.LocalContainerEntityManagerFactoryBean:287 - Building JPA container EntityManagerFactory for persistence unit 'default'
17:33:49.582 [main] INFO  org.hibernate.annotations.common.Version:37 - HCANN000001: Hibernate Commons Annotations {4.0.2.Final}
17:33:49.597 [main] INFO  org.hibernate.Version:41 - HHH000412: Hibernate Core {4.2.3.Final}
17:33:49.603 [main] INFO  org.hibernate.cfg.Environment:239 - HHH000206: hibernate.properties not found
17:33:49.606 [main] INFO  org.hibernate.cfg.Environment:342 - HHH000021: Bytecode provider name : javassist
17:33:49.647 [main] INFO  org.hibernate.ejb.Ejb3Configuration:529 - HHH000204: Processing PersistenceUnitInfo [
	name: default
	...]
17:33:49.875 [main] INFO  o.h.s.j.c.internal.ConnectionProviderInitiator:188 - HHH000130: Instantiating explicit connection provider: org.hibernate.ejb.connection.InjectedDataSourceConnectionProvider
17:33:50.406 [main] INFO  org.hibernate.dialect.Dialect:130 - HHH000400: Using dialect: org.hibernate.dialect.SQLServerDialect
17:33:50.666 [main] INFO  o.h.e.t.internal.TransactionFactoryInitiator:73 - HHH000268: Transaction strategy: org.hibernate.engine.transaction.internal.jdbc.JdbcTransactionFactory
17:33:50.674 [main] INFO  o.h.hql.internal.ast.ASTQueryTranslatorFactory:48 - HHH000397: Using ASTQueryTranslatorFactory
17:33:50.724 [main] INFO  org.hibernate.validator.util.Version:56 - Hibernate Validator 4.1.0.Final
17:33:50.731 [main] INFO  o.h.v.engine.resolver.DefaultTraversableResolver:81 - Instantiated an instance of org.hibernate.validator.engine.resolver.JPATraversableResolver.
17:33:50.754 [main] INFO  o.h.v.engine.resolver.DefaultTraversableResolver:81 - Instantiated an instance of org.hibernate.validator.engine.resolver.JPATraversableResolver.
17:33:51.155 [main] INFO  o.s.context.support.GenericApplicationContext:1374 - Bean 'entityManagerFactory' of type [class org.springframework.orm.jpa.LocalContainerEntityManagerFactoryBean] is not eligible for getting processed by all BeanPostProcessors (for example: not eligible for auto-proxying)
17:33:51.172 [main] INFO  o.s.context.support.GenericApplicationContext:1374 - Bean 'org.springframework.transaction.annotation.AnnotationTransactionAttributeSource#0' of type [class org.springframework.transaction.annotation.AnnotationTransactionAttributeSource] is not eligible for getting processed by all BeanPostProcessors (for example: not eligible for auto-proxying)
17:33:51.179 [main] INFO  o.s.context.support.GenericApplicationContext:1374 - Bean 'org.springframework.transaction.config.internalTransactionAdvisor' of type [class org.springframework.transaction.interceptor.BeanFactoryTransactionAttributeSourceAdvisor] is not eligible for getting processed by all BeanPostProcessors (for example: not eligible for auto-proxying)
17:33:51.199 [main] INFO  o.s.b.factory.support.DefaultListableBeanFactory:598 - Pre-instantiating singletons in org.springframework.beans.factory.support.DefaultListableBeanFactory@290295ae: defining beans [propertyConfigurer,org.springframework.context.annotation.internalAsyncAnnotationProcessor,org.springframework.context.annotation.internalScheduledAnnotationProcessor,scheduler,org.springframework.aop.config.internalAutoProxyCreator,currentUserInterceptor,employeeService,testUserService,vmVehicleService,testTask,org.springframework.context.annotation.internalConfigurationAnnotationProcessor,org.springframework.context.annotation.internalAutowiredAnnotationProcessor,org.springframework.context.annotation.internalRequiredAnnotationProcessor,org.springframework.context.annotation.internalCommonAnnotationProcessor,org.springframework.context.annotation.internalPersistenceAnnotationProcessor,validator,entityManagerFactory,hibernateJpaVendorAdapter,sysFreeDateDao,employeeDao,callReminderDao,testUserDao,vmVehicleDao,feeMonthRebateDao,sysConfigDao,baseDao,org.springframework.data.repository.core.support.RepositoryInterfaceAwareBeanPostProcessor#0,org.springframework.dao.annotation.PersistenceExceptionTranslationPostProcessor#0,transactionManager,org.springframework.transaction.annotation.AnnotationTransactionAttributeSource#0,org.springframework.transaction.interceptor.TransactionInterceptor#0,org.springframework.transaction.config.internalTransactionAdvisor,dataSource,multipartResolver,org.springframework.context.annotation.ConfigurationClassPostProcessor.importAwareProcessor]; root of factory hierarchy
17:33:51.214 [main] INFO  o.s.scheduling.concurrent.ThreadPoolTaskScheduler:154 - Initializing ExecutorService  'scheduler'
17:33:51.972 [main] INFO  o.h.v.engine.resolver.DefaultTraversableResolver:81 - Instantiated an instance of org.hibernate.validator.engine.resolver.JPATraversableResolver.
17:34:15.925 [main] INFO  o.s.beans.factory.xml.XmlBeanDefinitionReader:315 - Loading XML bean definitions from class path resource [applicationContext.xml]
17:34:17.123 [main] INFO  o.s.context.support.GenericApplicationContext:510 - Refreshing org.springframework.context.support.GenericApplicationContext@4039d66f: startup date [Thu Nov 16 17:34:17 CST 2017]; root of context hierarchy
17:34:17.789 [main] INFO  o.s.b.factory.config.PropertyPlaceholderConfigurer:172 - Loading properties file from class path resource [jdbc.properties]
17:34:17.796 [main] INFO  o.s.b.factory.config.PropertyPlaceholderConfigurer:172 - Loading properties file from class path resource [file.properties]
17:34:18.157 [main] INFO  o.s.jdbc.datasource.DriverManagerDataSource:153 - Loaded JDBC driver: com.microsoft.sqlserver.jdbc.SQLServerDriver
17:34:18.159 [main] INFO  o.s.context.support.GenericApplicationContext:1374 - Bean 'dataSource' of type [class org.springframework.jdbc.datasource.DriverManagerDataSource] is not eligible for getting processed by all BeanPostProcessors (for example: not eligible for auto-proxying)
17:34:18.175 [main] INFO  o.s.context.support.GenericApplicationContext:1374 - Bean 'hibernateJpaVendorAdapter' of type [class org.springframework.orm.jpa.vendor.HibernateJpaVendorAdapter] is not eligible for getting processed by all BeanPostProcessors (for example: not eligible for auto-proxying)
17:34:18.246 [main] INFO  o.s.orm.jpa.LocalContainerEntityManagerFactoryBean:287 - Building JPA container EntityManagerFactory for persistence unit 'default'
17:34:18.428 [main] INFO  org.hibernate.annotations.common.Version:37 - HCANN000001: Hibernate Commons Annotations {4.0.2.Final}
17:34:18.438 [main] INFO  org.hibernate.Version:41 - HHH000412: Hibernate Core {4.2.3.Final}
17:34:18.441 [main] INFO  org.hibernate.cfg.Environment:239 - HHH000206: hibernate.properties not found
17:34:18.443 [main] INFO  org.hibernate.cfg.Environment:342 - HHH000021: Bytecode provider name : javassist
17:34:18.468 [main] INFO  org.hibernate.ejb.Ejb3Configuration:529 - HHH000204: Processing PersistenceUnitInfo [
	name: default
	...]
17:34:18.606 [main] INFO  o.h.s.j.c.internal.ConnectionProviderInitiator:188 - HHH000130: Instantiating explicit connection provider: org.hibernate.ejb.connection.InjectedDataSourceConnectionProvider
17:34:19.047 [main] INFO  org.hibernate.dialect.Dialect:130 - HHH000400: Using dialect: org.hibernate.dialect.SQLServerDialect
17:34:19.330 [main] INFO  o.h.e.t.internal.TransactionFactoryInitiator:73 - HHH000268: Transaction strategy: org.hibernate.engine.transaction.internal.jdbc.JdbcTransactionFactory
17:34:19.337 [main] INFO  o.h.hql.internal.ast.ASTQueryTranslatorFactory:48 - HHH000397: Using ASTQueryTranslatorFactory
17:34:19.381 [main] INFO  org.hibernate.validator.util.Version:56 - Hibernate Validator 4.1.0.Final
17:34:19.387 [main] INFO  o.h.v.engine.resolver.DefaultTraversableResolver:81 - Instantiated an instance of org.hibernate.validator.engine.resolver.JPATraversableResolver.
17:34:19.410 [main] INFO  o.h.v.engine.resolver.DefaultTraversableResolver:81 - Instantiated an instance of org.hibernate.validator.engine.resolver.JPATraversableResolver.
17:34:19.784 [main] INFO  o.s.context.support.GenericApplicationContext:1374 - Bean 'entityManagerFactory' of type [class org.springframework.orm.jpa.LocalContainerEntityManagerFactoryBean] is not eligible for getting processed by all BeanPostProcessors (for example: not eligible for auto-proxying)
17:34:19.800 [main] INFO  o.s.context.support.GenericApplicationContext:1374 - Bean 'org.springframework.transaction.annotation.AnnotationTransactionAttributeSource#0' of type [class org.springframework.transaction.annotation.AnnotationTransactionAttributeSource] is not eligible for getting processed by all BeanPostProcessors (for example: not eligible for auto-proxying)
17:34:19.806 [main] INFO  o.s.context.support.GenericApplicationContext:1374 - Bean 'org.springframework.transaction.config.internalTransactionAdvisor' of type [class org.springframework.transaction.interceptor.BeanFactoryTransactionAttributeSourceAdvisor] is not eligible for getting processed by all BeanPostProcessors (for example: not eligible for auto-proxying)
17:34:19.836 [main] INFO  o.s.b.factory.support.DefaultListableBeanFactory:598 - Pre-instantiating singletons in org.springframework.beans.factory.support.DefaultListableBeanFactory@5dd06de: defining beans [propertyConfigurer,org.springframework.context.annotation.internalAsyncAnnotationProcessor,org.springframework.context.annotation.internalScheduledAnnotationProcessor,scheduler,org.springframework.aop.config.internalAutoProxyCreator,currentUserInterceptor,employeeService,testUserService,vmVehicleService,testTask,org.springframework.context.annotation.internalConfigurationAnnotationProcessor,org.springframework.context.annotation.internalAutowiredAnnotationProcessor,org.springframework.context.annotation.internalRequiredAnnotationProcessor,org.springframework.context.annotation.internalCommonAnnotationProcessor,org.springframework.context.annotation.internalPersistenceAnnotationProcessor,validator,entityManagerFactory,hibernateJpaVendorAdapter,baseDao,callReminderDao,feeMonthRebateDao,testUserDao,sysConfigDao,vmVehicleDao,employeeDao,sysFreeDateDao,org.springframework.data.repository.core.support.RepositoryInterfaceAwareBeanPostProcessor#0,org.springframework.dao.annotation.PersistenceExceptionTranslationPostProcessor#0,transactionManager,org.springframework.transaction.annotation.AnnotationTransactionAttributeSource#0,org.springframework.transaction.interceptor.TransactionInterceptor#0,org.springframework.transaction.config.internalTransactionAdvisor,dataSource,multipartResolver,org.springframework.context.annotation.ConfigurationClassPostProcessor.importAwareProcessor]; root of factory hierarchy
17:34:19.850 [main] INFO  o.s.scheduling.concurrent.ThreadPoolTaskScheduler:154 - Initializing ExecutorService  'scheduler'
17:34:20.642 [main] INFO  o.h.v.engine.resolver.DefaultTraversableResolver:81 - Instantiated an instance of org.hibernate.validator.engine.resolver.JPATraversableResolver.
17:34:20.813 [Thread-1] INFO  o.s.context.support.GenericApplicationContext:1042 - Closing org.springframework.context.support.GenericApplicationContext@4039d66f: startup date [Thu Nov 16 17:34:17 CST 2017]; root of context hierarchy
17:34:20.817 [Thread-1] INFO  o.s.b.factory.support.DefaultListableBeanFactory:444 - Destroying singletons in org.springframework.beans.factory.support.DefaultListableBeanFactory@5dd06de: defining beans [propertyConfigurer,org.springframework.context.annotation.internalAsyncAnnotationProcessor,org.springframework.context.annotation.internalScheduledAnnotationProcessor,scheduler,org.springframework.aop.config.internalAutoProxyCreator,currentUserInterceptor,employeeService,testUserService,vmVehicleService,testTask,org.springframework.context.annotation.internalConfigurationAnnotationProcessor,org.springframework.context.annotation.internalAutowiredAnnotationProcessor,org.springframework.context.annotation.internalRequiredAnnotationProcessor,org.springframework.context.annotation.internalCommonAnnotationProcessor,org.springframework.context.annotation.internalPersistenceAnnotationProcessor,validator,entityManagerFactory,hibernateJpaVendorAdapter,baseDao,callReminderDao,feeMonthRebateDao,testUserDao,sysConfigDao,vmVehicleDao,employeeDao,sysFreeDateDao,org.springframework.data.repository.core.support.RepositoryInterfaceAwareBeanPostProcessor#0,org.springframework.dao.annotation.PersistenceExceptionTranslationPostProcessor#0,transactionManager,org.springframework.transaction.annotation.AnnotationTransactionAttributeSource#0,org.springframework.transaction.interceptor.TransactionInterceptor#0,org.springframework.transaction.config.internalTransactionAdvisor,dataSource,multipartResolver,org.springframework.context.annotation.ConfigurationClassPostProcessor.importAwareProcessor]; root of factory hierarchy
17:34:20.826 [Thread-1] INFO  o.s.scheduling.concurrent.ThreadPoolTaskScheduler:191 - Shutting down ExecutorService 'scheduler'
17:34:20.827 [Thread-1] INFO  o.s.orm.jpa.LocalContainerEntityManagerFactoryBean:441 - Closing JPA EntityManagerFactory for persistence unit 'default'
17:34:41.937 [main] INFO  o.s.beans.factory.xml.XmlBeanDefinitionReader:315 - Loading XML bean definitions from class path resource [applicationContext.xml]
17:34:42.910 [main] INFO  o.s.context.support.GenericApplicationContext:510 - Refreshing org.springframework.context.support.GenericApplicationContext@152d325a: startup date [Thu Nov 16 17:34:42 CST 2017]; root of context hierarchy
17:34:43.187 [main] INFO  o.s.b.factory.config.PropertyPlaceholderConfigurer:172 - Loading properties file from class path resource [jdbc.properties]
17:34:43.189 [main] INFO  o.s.b.factory.config.PropertyPlaceholderConfigurer:172 - Loading properties file from class path resource [file.properties]
17:34:43.513 [main] INFO  o.s.jdbc.datasource.DriverManagerDataSource:153 - Loaded JDBC driver: com.microsoft.sqlserver.jdbc.SQLServerDriver
17:34:43.515 [main] INFO  o.s.context.support.GenericApplicationContext:1374 - Bean 'dataSource' of type [class org.springframework.jdbc.datasource.DriverManagerDataSource] is not eligible for getting processed by all BeanPostProcessors (for example: not eligible for auto-proxying)
17:34:43.536 [main] INFO  o.s.context.support.GenericApplicationContext:1374 - Bean 'hibernateJpaVendorAdapter' of type [class org.springframework.orm.jpa.vendor.HibernateJpaVendorAdapter] is not eligible for getting processed by all BeanPostProcessors (for example: not eligible for auto-proxying)
17:34:43.621 [main] INFO  o.s.orm.jpa.LocalContainerEntityManagerFactoryBean:287 - Building JPA container EntityManagerFactory for persistence unit 'default'
17:34:43.827 [main] INFO  org.hibernate.annotations.common.Version:37 - HCANN000001: Hibernate Commons Annotations {4.0.2.Final}
17:34:43.837 [main] INFO  org.hibernate.Version:41 - HHH000412: Hibernate Core {4.2.3.Final}
17:34:43.840 [main] INFO  org.hibernate.cfg.Environment:239 - HHH000206: hibernate.properties not found
17:34:43.843 [main] INFO  org.hibernate.cfg.Environment:342 - HHH000021: Bytecode provider name : javassist
17:34:43.871 [main] INFO  org.hibernate.ejb.Ejb3Configuration:529 - HHH000204: Processing PersistenceUnitInfo [
	name: default
	...]
17:34:43.985 [main] INFO  o.h.s.j.c.internal.ConnectionProviderInitiator:188 - HHH000130: Instantiating explicit connection provider: org.hibernate.ejb.connection.InjectedDataSourceConnectionProvider
17:34:44.395 [main] INFO  org.hibernate.dialect.Dialect:130 - HHH000400: Using dialect: org.hibernate.dialect.SQLServerDialect
17:34:44.632 [main] INFO  o.h.e.t.internal.TransactionFactoryInitiator:73 - HHH000268: Transaction strategy: org.hibernate.engine.transaction.internal.jdbc.JdbcTransactionFactory
17:34:44.638 [main] INFO  o.h.hql.internal.ast.ASTQueryTranslatorFactory:48 - HHH000397: Using ASTQueryTranslatorFactory
17:34:44.680 [main] INFO  org.hibernate.validator.util.Version:56 - Hibernate Validator 4.1.0.Final
17:34:44.687 [main] INFO  o.h.v.engine.resolver.DefaultTraversableResolver:81 - Instantiated an instance of org.hibernate.validator.engine.resolver.JPATraversableResolver.
17:34:44.708 [main] INFO  o.h.v.engine.resolver.DefaultTraversableResolver:81 - Instantiated an instance of org.hibernate.validator.engine.resolver.JPATraversableResolver.
17:34:45.119 [main] INFO  o.s.context.support.GenericApplicationContext:1374 - Bean 'entityManagerFactory' of type [class org.springframework.orm.jpa.LocalContainerEntityManagerFactoryBean] is not eligible for getting processed by all BeanPostProcessors (for example: not eligible for auto-proxying)
17:34:45.135 [main] INFO  o.s.context.support.GenericApplicationContext:1374 - Bean 'org.springframework.transaction.annotation.AnnotationTransactionAttributeSource#0' of type [class org.springframework.transaction.annotation.AnnotationTransactionAttributeSource] is not eligible for getting processed by all BeanPostProcessors (for example: not eligible for auto-proxying)
17:34:45.140 [main] INFO  o.s.context.support.GenericApplicationContext:1374 - Bean 'org.springframework.transaction.config.internalTransactionAdvisor' of type [class org.springframework.transaction.interceptor.BeanFactoryTransactionAttributeSourceAdvisor] is not eligible for getting processed by all BeanPostProcessors (for example: not eligible for auto-proxying)
17:34:45.166 [main] INFO  o.s.b.factory.support.DefaultListableBeanFactory:598 - Pre-instantiating singletons in org.springframework.beans.factory.support.DefaultListableBeanFactory@36fb3414: defining beans [propertyConfigurer,org.springframework.context.annotation.internalAsyncAnnotationProcessor,org.springframework.context.annotation.internalScheduledAnnotationProcessor,scheduler,org.springframework.aop.config.internalAutoProxyCreator,currentUserInterceptor,employeeService,testUserService,vmVehicleService,testTask,org.springframework.context.annotation.internalConfigurationAnnotationProcessor,org.springframework.context.annotation.internalAutowiredAnnotationProcessor,org.springframework.context.annotation.internalRequiredAnnotationProcessor,org.springframework.context.annotation.internalCommonAnnotationProcessor,org.springframework.context.annotation.internalPersistenceAnnotationProcessor,validator,entityManagerFactory,hibernateJpaVendorAdapter,employeeDao,sysFreeDateDao,sysConfigDao,vmVehicleDao,callReminderDao,testUserDao,baseDao,feeMonthRebateDao,org.springframework.data.repository.core.support.RepositoryInterfaceAwareBeanPostProcessor#0,org.springframework.dao.annotation.PersistenceExceptionTranslationPostProcessor#0,transactionManager,org.springframework.transaction.annotation.AnnotationTransactionAttributeSource#0,org.springframework.transaction.interceptor.TransactionInterceptor#0,org.springframework.transaction.config.internalTransactionAdvisor,dataSource,multipartResolver,org.springframework.context.annotation.ConfigurationClassPostProcessor.importAwareProcessor]; root of factory hierarchy
17:34:45.180 [main] INFO  o.s.scheduling.concurrent.ThreadPoolTaskScheduler:154 - Initializing ExecutorService  'scheduler'
17:34:45.899 [main] INFO  o.h.v.engine.resolver.DefaultTraversableResolver:81 - Instantiated an instance of org.hibernate.validator.engine.resolver.JPATraversableResolver.
17:34:45.986 [Thread-1] INFO  o.s.context.support.GenericApplicationContext:1042 - Closing org.springframework.context.support.GenericApplicationContext@152d325a: startup date [Thu Nov 16 17:34:42 CST 2017]; root of context hierarchy
17:34:45.988 [Thread-1] INFO  o.s.b.factory.support.DefaultListableBeanFactory:444 - Destroying singletons in org.springframework.beans.factory.support.DefaultListableBeanFactory@36fb3414: defining beans [propertyConfigurer,org.springframework.context.annotation.internalAsyncAnnotationProcessor,org.springframework.context.annotation.internalScheduledAnnotationProcessor,scheduler,org.springframework.aop.config.internalAutoProxyCreator,currentUserInterceptor,employeeService,testUserService,vmVehicleService,testTask,org.springframework.context.annotation.internalConfigurationAnnotationProcessor,org.springframework.context.annotation.internalAutowiredAnnotationProcessor,org.springframework.context.annotation.internalRequiredAnnotationProcessor,org.springframework.context.annotation.internalCommonAnnotationProcessor,org.springframework.context.annotation.internalPersistenceAnnotationProcessor,validator,entityManagerFactory,hibernateJpaVendorAdapter,employeeDao,sysFreeDateDao,sysConfigDao,vmVehicleDao,callReminderDao,testUserDao,baseDao,feeMonthRebateDao,org.springframework.data.repository.core.support.RepositoryInterfaceAwareBeanPostProcessor#0,org.springframework.dao.annotation.PersistenceExceptionTranslationPostProcessor#0,transactionManager,org.springframework.transaction.annotation.AnnotationTransactionAttributeSource#0,org.springframework.transaction.interceptor.TransactionInterceptor#0,org.springframework.transaction.config.internalTransactionAdvisor,dataSource,multipartResolver,org.springframework.context.annotation.ConfigurationClassPostProcessor.importAwareProcessor]; root of factory hierarchy
17:34:45.998 [Thread-1] INFO  o.s.scheduling.concurrent.ThreadPoolTaskScheduler:191 - Shutting down ExecutorService 'scheduler'
17:34:45.998 [Thread-1] INFO  o.s.orm.jpa.LocalContainerEntityManagerFactoryBean:441 - Closing JPA EntityManagerFactory for persistence unit 'default'
17:34:58.558 [main] INFO  o.s.beans.factory.xml.XmlBeanDefinitionReader:315 - Loading XML bean definitions from class path resource [applicationContext.xml]
17:34:59.496 [main] INFO  o.s.context.support.GenericApplicationContext:510 - Refreshing org.springframework.context.support.GenericApplicationContext@4a44bd92: startup date [Thu Nov 16 17:34:59 CST 2017]; root of context hierarchy
17:34:59.731 [main] INFO  o.s.b.factory.config.PropertyPlaceholderConfigurer:172 - Loading properties file from class path resource [jdbc.properties]
17:34:59.742 [main] INFO  o.s.b.factory.config.PropertyPlaceholderConfigurer:172 - Loading properties file from class path resource [file.properties]
17:35:00.122 [main] INFO  o.s.jdbc.datasource.DriverManagerDataSource:153 - Loaded JDBC driver: com.microsoft.sqlserver.jdbc.SQLServerDriver
17:35:00.124 [main] INFO  o.s.context.support.GenericApplicationContext:1374 - Bean 'dataSource' of type [class org.springframework.jdbc.datasource.DriverManagerDataSource] is not eligible for getting processed by all BeanPostProcessors (for example: not eligible for auto-proxying)
17:35:00.147 [main] INFO  o.s.context.support.GenericApplicationContext:1374 - Bean 'hibernateJpaVendorAdapter' of type [class org.springframework.orm.jpa.vendor.HibernateJpaVendorAdapter] is not eligible for getting processed by all BeanPostProcessors (for example: not eligible for auto-proxying)
17:35:00.259 [main] INFO  o.s.orm.jpa.LocalContainerEntityManagerFactoryBean:287 - Building JPA container EntityManagerFactory for persistence unit 'default'
17:35:00.527 [main] INFO  org.hibernate.annotations.common.Version:37 - HCANN000001: Hibernate Commons Annotations {4.0.2.Final}
17:35:00.539 [main] INFO  org.hibernate.Version:41 - HHH000412: Hibernate Core {4.2.3.Final}
17:35:00.542 [main] INFO  org.hibernate.cfg.Environment:239 - HHH000206: hibernate.properties not found
17:35:00.545 [main] INFO  org.hibernate.cfg.Environment:342 - HHH000021: Bytecode provider name : javassist
17:35:00.575 [main] INFO  org.hibernate.ejb.Ejb3Configuration:529 - HHH000204: Processing PersistenceUnitInfo [
	name: default
	...]
17:35:00.693 [main] INFO  o.h.s.j.c.internal.ConnectionProviderInitiator:188 - HHH000130: Instantiating explicit connection provider: org.hibernate.ejb.connection.InjectedDataSourceConnectionProvider
17:35:01.088 [main] INFO  org.hibernate.dialect.Dialect:130 - HHH000400: Using dialect: org.hibernate.dialect.SQLServerDialect
17:35:01.319 [main] INFO  o.h.e.t.internal.TransactionFactoryInitiator:73 - HHH000268: Transaction strategy: org.hibernate.engine.transaction.internal.jdbc.JdbcTransactionFactory
17:35:01.327 [main] INFO  o.h.hql.internal.ast.ASTQueryTranslatorFactory:48 - HHH000397: Using ASTQueryTranslatorFactory
17:35:01.368 [main] INFO  org.hibernate.validator.util.Version:56 - Hibernate Validator 4.1.0.Final
17:35:01.374 [main] INFO  o.h.v.engine.resolver.DefaultTraversableResolver:81 - Instantiated an instance of org.hibernate.validator.engine.resolver.JPATraversableResolver.
17:35:01.395 [main] INFO  o.h.v.engine.resolver.DefaultTraversableResolver:81 - Instantiated an instance of org.hibernate.validator.engine.resolver.JPATraversableResolver.
17:35:01.744 [main] INFO  o.s.context.support.GenericApplicationContext:1374 - Bean 'entityManagerFactory' of type [class org.springframework.orm.jpa.LocalContainerEntityManagerFactoryBean] is not eligible for getting processed by all BeanPostProcessors (for example: not eligible for auto-proxying)
17:35:01.762 [main] INFO  o.s.context.support.GenericApplicationContext:1374 - Bean 'org.springframework.transaction.annotation.AnnotationTransactionAttributeSource#0' of type [class org.springframework.transaction.annotation.AnnotationTransactionAttributeSource] is not eligible for getting processed by all BeanPostProcessors (for example: not eligible for auto-proxying)
17:35:01.768 [main] INFO  o.s.context.support.GenericApplicationContext:1374 - Bean 'org.springframework.transaction.config.internalTransactionAdvisor' of type [class org.springframework.transaction.interceptor.BeanFactoryTransactionAttributeSourceAdvisor] is not eligible for getting processed by all BeanPostProcessors (for example: not eligible for auto-proxying)
17:35:01.793 [main] INFO  o.s.b.factory.support.DefaultListableBeanFactory:598 - Pre-instantiating singletons in org.springframework.beans.factory.support.DefaultListableBeanFactory@36fb3414: defining beans [propertyConfigurer,org.springframework.context.annotation.internalAsyncAnnotationProcessor,org.springframework.context.annotation.internalScheduledAnnotationProcessor,scheduler,org.springframework.aop.config.internalAutoProxyCreator,currentUserInterceptor,employeeService,testUserService,vmVehicleService,testTask,org.springframework.context.annotation.internalConfigurationAnnotationProcessor,org.springframework.context.annotation.internalAutowiredAnnotationProcessor,org.springframework.context.annotation.internalRequiredAnnotationProcessor,org.springframework.context.annotation.internalCommonAnnotationProcessor,org.springframework.context.annotation.internalPersistenceAnnotationProcessor,validator,entityManagerFactory,hibernateJpaVendorAdapter,employeeDao,sysFreeDateDao,sysConfigDao,vmVehicleDao,callReminderDao,testUserDao,baseDao,feeMonthRebateDao,org.springframework.data.repository.core.support.RepositoryInterfaceAwareBeanPostProcessor#0,org.springframework.dao.annotation.PersistenceExceptionTranslationPostProcessor#0,transactionManager,org.springframework.transaction.annotation.AnnotationTransactionAttributeSource#0,org.springframework.transaction.interceptor.TransactionInterceptor#0,org.springframework.transaction.config.internalTransactionAdvisor,dataSource,multipartResolver,org.springframework.context.annotation.ConfigurationClassPostProcessor.importAwareProcessor]; root of factory hierarchy
17:35:01.805 [main] INFO  o.s.scheduling.concurrent.ThreadPoolTaskScheduler:154 - Initializing ExecutorService  'scheduler'
17:35:02.529 [main] INFO  o.h.v.engine.resolver.DefaultTraversableResolver:81 - Instantiated an instance of org.hibernate.validator.engine.resolver.JPATraversableResolver.
17:35:02.624 [Thread-1] INFO  o.s.context.support.GenericApplicationContext:1042 - Closing org.springframework.context.support.GenericApplicationContext@4a44bd92: startup date [Thu Nov 16 17:34:59 CST 2017]; root of context hierarchy
17:35:02.626 [Thread-1] INFO  o.s.b.factory.support.DefaultListableBeanFactory:444 - Destroying singletons in org.springframework.beans.factory.support.DefaultListableBeanFactory@36fb3414: defining beans [propertyConfigurer,org.springframework.context.annotation.internalAsyncAnnotationProcessor,org.springframework.context.annotation.internalScheduledAnnotationProcessor,scheduler,org.springframework.aop.config.internalAutoProxyCreator,currentUserInterceptor,employeeService,testUserService,vmVehicleService,testTask,org.springframework.context.annotation.internalConfigurationAnnotationProcessor,org.springframework.context.annotation.internalAutowiredAnnotationProcessor,org.springframework.context.annotation.internalRequiredAnnotationProcessor,org.springframework.context.annotation.internalCommonAnnotationProcessor,org.springframework.context.annotation.internalPersistenceAnnotationProcessor,validator,entityManagerFactory,hibernateJpaVendorAdapter,employeeDao,sysFreeDateDao,sysConfigDao,vmVehicleDao,callReminderDao,testUserDao,baseDao,feeMonthRebateDao,org.springframework.data.repository.core.support.RepositoryInterfaceAwareBeanPostProcessor#0,org.springframework.dao.annotation.PersistenceExceptionTranslationPostProcessor#0,transactionManager,org.springframework.transaction.annotation.AnnotationTransactionAttributeSource#0,org.springframework.transaction.interceptor.TransactionInterceptor#0,org.springframework.transaction.config.internalTransactionAdvisor,dataSource,multipartResolver,org.springframework.context.annotation.ConfigurationClassPostProcessor.importAwareProcessor]; root of factory hierarchy
17:35:02.635 [Thread-1] INFO  o.s.scheduling.concurrent.ThreadPoolTaskScheduler:191 - Shutting down ExecutorService 'scheduler'
17:35:02.636 [Thread-1] INFO  o.s.orm.jpa.LocalContainerEntityManagerFactoryBean:441 - Closing JPA EntityManagerFactory for persistence unit 'default'
17:35:19.600 [main] INFO  o.s.beans.factory.xml.XmlBeanDefinitionReader:315 - Loading XML bean definitions from class path resource [applicationContext.xml]
17:35:20.675 [main] INFO  o.s.context.support.GenericApplicationContext:510 - Refreshing org.springframework.context.support.GenericApplicationContext@1f7a6f44: startup date [Thu Nov 16 17:35:20 CST 2017]; root of context hierarchy
17:35:20.982 [main] INFO  o.s.b.factory.config.PropertyPlaceholderConfigurer:172 - Loading properties file from class path resource [jdbc.properties]
17:35:20.984 [main] INFO  o.s.b.factory.config.PropertyPlaceholderConfigurer:172 - Loading properties file from class path resource [file.properties]
17:35:21.370 [main] INFO  o.s.jdbc.datasource.DriverManagerDataSource:153 - Loaded JDBC driver: com.microsoft.sqlserver.jdbc.SQLServerDriver
17:35:21.371 [main] INFO  o.s.context.support.GenericApplicationContext:1374 - Bean 'dataSource' of type [class org.springframework.jdbc.datasource.DriverManagerDataSource] is not eligible for getting processed by all BeanPostProcessors (for example: not eligible for auto-proxying)
17:35:21.387 [main] INFO  o.s.context.support.GenericApplicationContext:1374 - Bean 'hibernateJpaVendorAdapter' of type [class org.springframework.orm.jpa.vendor.HibernateJpaVendorAdapter] is not eligible for getting processed by all BeanPostProcessors (for example: not eligible for auto-proxying)
17:35:21.461 [main] INFO  o.s.orm.jpa.LocalContainerEntityManagerFactoryBean:287 - Building JPA container EntityManagerFactory for persistence unit 'default'
17:35:21.666 [main] INFO  org.hibernate.annotations.common.Version:37 - HCANN000001: Hibernate Commons Annotations {4.0.2.Final}
17:35:21.676 [main] INFO  org.hibernate.Version:41 - HHH000412: Hibernate Core {4.2.3.Final}
17:35:21.679 [main] INFO  org.hibernate.cfg.Environment:239 - HHH000206: hibernate.properties not found
17:35:21.681 [main] INFO  org.hibernate.cfg.Environment:342 - HHH000021: Bytecode provider name : javassist
17:35:21.705 [main] INFO  org.hibernate.ejb.Ejb3Configuration:529 - HHH000204: Processing PersistenceUnitInfo [
	name: default
	...]
17:35:21.811 [main] INFO  o.h.s.j.c.internal.ConnectionProviderInitiator:188 - HHH000130: Instantiating explicit connection provider: org.hibernate.ejb.connection.InjectedDataSourceConnectionProvider
17:35:22.204 [main] INFO  org.hibernate.dialect.Dialect:130 - HHH000400: Using dialect: org.hibernate.dialect.SQLServerDialect
17:35:22.434 [main] INFO  o.h.e.t.internal.TransactionFactoryInitiator:73 - HHH000268: Transaction strategy: org.hibernate.engine.transaction.internal.jdbc.JdbcTransactionFactory
17:35:22.441 [main] INFO  o.h.hql.internal.ast.ASTQueryTranslatorFactory:48 - HHH000397: Using ASTQueryTranslatorFactory
17:35:22.483 [main] INFO  org.hibernate.validator.util.Version:56 - Hibernate Validator 4.1.0.Final
17:35:22.493 [main] INFO  o.h.v.engine.resolver.DefaultTraversableResolver:81 - Instantiated an instance of org.hibernate.validator.engine.resolver.JPATraversableResolver.
17:35:22.514 [main] INFO  o.h.v.engine.resolver.DefaultTraversableResolver:81 - Instantiated an instance of org.hibernate.validator.engine.resolver.JPATraversableResolver.
17:35:22.871 [main] INFO  o.s.context.support.GenericApplicationContext:1374 - Bean 'entityManagerFactory' of type [class org.springframework.orm.jpa.LocalContainerEntityManagerFactoryBean] is not eligible for getting processed by all BeanPostProcessors (for example: not eligible for auto-proxying)
17:35:22.887 [main] INFO  o.s.context.support.GenericApplicationContext:1374 - Bean 'org.springframework.transaction.annotation.AnnotationTransactionAttributeSource#0' of type [class org.springframework.transaction.annotation.AnnotationTransactionAttributeSource] is not eligible for getting processed by all BeanPostProcessors (for example: not eligible for auto-proxying)
17:35:22.893 [main] INFO  o.s.context.support.GenericApplicationContext:1374 - Bean 'org.springframework.transaction.config.internalTransactionAdvisor' of type [class org.springframework.transaction.interceptor.BeanFactoryTransactionAttributeSourceAdvisor] is not eligible for getting processed by all BeanPostProcessors (for example: not eligible for auto-proxying)
17:35:22.909 [main] INFO  o.s.b.factory.support.DefaultListableBeanFactory:598 - Pre-instantiating singletons in org.springframework.beans.factory.support.DefaultListableBeanFactory@7c3bfaa2: defining beans [propertyConfigurer,org.springframework.context.annotation.internalAsyncAnnotationProcessor,org.springframework.context.annotation.internalScheduledAnnotationProcessor,scheduler,org.springframework.aop.config.internalAutoProxyCreator,currentUserInterceptor,employeeService,testUserService,vmVehicleService,testTask,org.springframework.context.annotation.internalConfigurationAnnotationProcessor,org.springframework.context.annotation.internalAutowiredAnnotationProcessor,org.springframework.context.annotation.internalRequiredAnnotationProcessor,org.springframework.context.annotation.internalCommonAnnotationProcessor,org.springframework.context.annotation.internalPersistenceAnnotationProcessor,validator,entityManagerFactory,hibernateJpaVendorAdapter,testUserDao,feeMonthRebateDao,callReminderDao,baseDao,sysFreeDateDao,sysConfigDao,employeeDao,vmVehicleDao,org.springframework.data.repository.core.support.RepositoryInterfaceAwareBeanPostProcessor#0,org.springframework.dao.annotation.PersistenceExceptionTranslationPostProcessor#0,transactionManager,org.springframework.transaction.annotation.AnnotationTransactionAttributeSource#0,org.springframework.transaction.interceptor.TransactionInterceptor#0,org.springframework.transaction.config.internalTransactionAdvisor,dataSource,multipartResolver,org.springframework.context.annotation.ConfigurationClassPostProcessor.importAwareProcessor]; root of factory hierarchy
17:35:22.927 [main] INFO  o.s.scheduling.concurrent.ThreadPoolTaskScheduler:154 - Initializing ExecutorService  'scheduler'
17:35:23.663 [main] INFO  o.h.v.engine.resolver.DefaultTraversableResolver:81 - Instantiated an instance of org.hibernate.validator.engine.resolver.JPATraversableResolver.
17:35:23.752 [Thread-1] INFO  o.s.context.support.GenericApplicationContext:1042 - Closing org.springframework.context.support.GenericApplicationContext@1f7a6f44: startup date [Thu Nov 16 17:35:20 CST 2017]; root of context hierarchy
17:35:23.753 [Thread-1] INFO  o.s.b.factory.support.DefaultListableBeanFactory:444 - Destroying singletons in org.springframework.beans.factory.support.DefaultListableBeanFactory@7c3bfaa2: defining beans [propertyConfigurer,org.springframework.context.annotation.internalAsyncAnnotationProcessor,org.springframework.context.annotation.internalScheduledAnnotationProcessor,scheduler,org.springframework.aop.config.internalAutoProxyCreator,currentUserInterceptor,employeeService,testUserService,vmVehicleService,testTask,org.springframework.context.annotation.internalConfigurationAnnotationProcessor,org.springframework.context.annotation.internalAutowiredAnnotationProcessor,org.springframework.context.annotation.internalRequiredAnnotationProcessor,org.springframework.context.annotation.internalCommonAnnotationProcessor,org.springframework.context.annotation.internalPersistenceAnnotationProcessor,validator,entityManagerFactory,hibernateJpaVendorAdapter,testUserDao,feeMonthRebateDao,callReminderDao,baseDao,sysFreeDateDao,sysConfigDao,employeeDao,vmVehicleDao,org.springframework.data.repository.core.support.RepositoryInterfaceAwareBeanPostProcessor#0,org.springframework.dao.annotation.PersistenceExceptionTranslationPostProcessor#0,transactionManager,org.springframework.transaction.annotation.AnnotationTransactionAttributeSource#0,org.springframework.transaction.interceptor.TransactionInterceptor#0,org.springframework.transaction.config.internalTransactionAdvisor,dataSource,multipartResolver,org.springframework.context.annotation.ConfigurationClassPostProcessor.importAwareProcessor]; root of factory hierarchy
17:35:23.763 [Thread-1] INFO  o.s.scheduling.concurrent.ThreadPoolTaskScheduler:191 - Shutting down ExecutorService 'scheduler'
17:35:23.764 [Thread-1] INFO  o.s.orm.jpa.LocalContainerEntityManagerFactoryBean:441 - Closing JPA EntityManagerFactory for persistence unit 'default'
17:35:34.010 [main] INFO  o.s.beans.factory.xml.XmlBeanDefinitionReader:315 - Loading XML bean definitions from class path resource [applicationContext.xml]
17:35:34.940 [main] INFO  o.s.context.support.GenericApplicationContext:510 - Refreshing org.springframework.context.support.GenericApplicationContext@4039d66f: startup date [Thu Nov 16 17:35:34 CST 2017]; root of context hierarchy
17:35:35.233 [main] INFO  o.s.b.factory.config.PropertyPlaceholderConfigurer:172 - Loading properties file from class path resource [jdbc.properties]
17:35:35.234 [main] INFO  o.s.b.factory.config.PropertyPlaceholderConfigurer:172 - Loading properties file from class path resource [file.properties]
17:35:35.550 [main] INFO  o.s.jdbc.datasource.DriverManagerDataSource:153 - Loaded JDBC driver: com.microsoft.sqlserver.jdbc.SQLServerDriver
17:35:35.551 [main] INFO  o.s.context.support.GenericApplicationContext:1374 - Bean 'dataSource' of type [class org.springframework.jdbc.datasource.DriverManagerDataSource] is not eligible for getting processed by all BeanPostProcessors (for example: not eligible for auto-proxying)
17:35:35.566 [main] INFO  o.s.context.support.GenericApplicationContext:1374 - Bean 'hibernateJpaVendorAdapter' of type [class org.springframework.orm.jpa.vendor.HibernateJpaVendorAdapter] is not eligible for getting processed by all BeanPostProcessors (for example: not eligible for auto-proxying)
17:35:35.648 [main] INFO  o.s.orm.jpa.LocalContainerEntityManagerFactoryBean:287 - Building JPA container EntityManagerFactory for persistence unit 'default'
17:35:35.846 [main] INFO  org.hibernate.annotations.common.Version:37 - HCANN000001: Hibernate Commons Annotations {4.0.2.Final}
17:35:35.856 [main] INFO  org.hibernate.Version:41 - HHH000412: Hibernate Core {4.2.3.Final}
17:35:35.859 [main] INFO  org.hibernate.cfg.Environment:239 - HHH000206: hibernate.properties not found
17:35:35.862 [main] INFO  org.hibernate.cfg.Environment:342 - HHH000021: Bytecode provider name : javassist
17:35:35.892 [main] INFO  org.hibernate.ejb.Ejb3Configuration:529 - HHH000204: Processing PersistenceUnitInfo [
	name: default
	...]
17:35:36.019 [main] INFO  o.h.s.j.c.internal.ConnectionProviderInitiator:188 - HHH000130: Instantiating explicit connection provider: org.hibernate.ejb.connection.InjectedDataSourceConnectionProvider
17:35:36.424 [main] INFO  org.hibernate.dialect.Dialect:130 - HHH000400: Using dialect: org.hibernate.dialect.SQLServerDialect
17:35:36.666 [main] INFO  o.h.e.t.internal.TransactionFactoryInitiator:73 - HHH000268: Transaction strategy: org.hibernate.engine.transaction.internal.jdbc.JdbcTransactionFactory
17:35:36.673 [main] INFO  o.h.hql.internal.ast.ASTQueryTranslatorFactory:48 - HHH000397: Using ASTQueryTranslatorFactory
17:35:36.718 [main] INFO  org.hibernate.validator.util.Version:56 - Hibernate Validator 4.1.0.Final
17:35:36.725 [main] INFO  o.h.v.engine.resolver.DefaultTraversableResolver:81 - Instantiated an instance of org.hibernate.validator.engine.resolver.JPATraversableResolver.
17:35:36.748 [main] INFO  o.h.v.engine.resolver.DefaultTraversableResolver:81 - Instantiated an instance of org.hibernate.validator.engine.resolver.JPATraversableResolver.
17:35:37.131 [main] INFO  o.s.context.support.GenericApplicationContext:1374 - Bean 'entityManagerFactory' of type [class org.springframework.orm.jpa.LocalContainerEntityManagerFactoryBean] is not eligible for getting processed by all BeanPostProcessors (for example: not eligible for auto-proxying)
17:35:37.147 [main] INFO  o.s.context.support.GenericApplicationContext:1374 - Bean 'org.springframework.transaction.annotation.AnnotationTransactionAttributeSource#0' of type [class org.springframework.transaction.annotation.AnnotationTransactionAttributeSource] is not eligible for getting processed by all BeanPostProcessors (for example: not eligible for auto-proxying)
17:35:37.153 [main] INFO  o.s.context.support.GenericApplicationContext:1374 - Bean 'org.springframework.transaction.config.internalTransactionAdvisor' of type [class org.springframework.transaction.interceptor.BeanFactoryTransactionAttributeSourceAdvisor] is not eligible for getting processed by all BeanPostProcessors (for example: not eligible for auto-proxying)
17:35:37.179 [main] INFO  o.s.b.factory.support.DefaultListableBeanFactory:598 - Pre-instantiating singletons in org.springframework.beans.factory.support.DefaultListableBeanFactory@71eddbd3: defining beans [propertyConfigurer,org.springframework.context.annotation.internalAsyncAnnotationProcessor,org.springframework.context.annotation.internalScheduledAnnotationProcessor,scheduler,org.springframework.aop.config.internalAutoProxyCreator,currentUserInterceptor,employeeService,testUserService,vmVehicleService,testTask,org.springframework.context.annotation.internalConfigurationAnnotationProcessor,org.springframework.context.annotation.internalAutowiredAnnotationProcessor,org.springframework.context.annotation.internalRequiredAnnotationProcessor,org.springframework.context.annotation.internalCommonAnnotationProcessor,org.springframework.context.annotation.internalPersistenceAnnotationProcessor,validator,entityManagerFactory,hibernateJpaVendorAdapter,sysConfigDao,feeMonthRebateDao,sysFreeDateDao,baseDao,employeeDao,vmVehicleDao,testUserDao,callReminderDao,org.springframework.data.repository.core.support.RepositoryInterfaceAwareBeanPostProcessor#0,org.springframework.dao.annotation.PersistenceExceptionTranslationPostProcessor#0,transactionManager,org.springframework.transaction.annotation.AnnotationTransactionAttributeSource#0,org.springframework.transaction.interceptor.TransactionInterceptor#0,org.springframework.transaction.config.internalTransactionAdvisor,dataSource,multipartResolver,org.springframework.context.annotation.ConfigurationClassPostProcessor.importAwareProcessor]; root of factory hierarchy
17:35:37.192 [main] INFO  o.s.scheduling.concurrent.ThreadPoolTaskScheduler:154 - Initializing ExecutorService  'scheduler'
17:35:37.968 [main] INFO  o.h.v.engine.resolver.DefaultTraversableResolver:81 - Instantiated an instance of org.hibernate.validator.engine.resolver.JPATraversableResolver.
17:35:38.053 [Thread-1] INFO  o.s.context.support.GenericApplicationContext:1042 - Closing org.springframework.context.support.GenericApplicationContext@4039d66f: startup date [Thu Nov 16 17:35:34 CST 2017]; root of context hierarchy
17:35:38.055 [Thread-1] INFO  o.s.b.factory.support.DefaultListableBeanFactory:444 - Destroying singletons in org.springframework.beans.factory.support.DefaultListableBeanFactory@71eddbd3: defining beans [propertyConfigurer,org.springframework.context.annotation.internalAsyncAnnotationProcessor,org.springframework.context.annotation.internalScheduledAnnotationProcessor,scheduler,org.springframework.aop.config.internalAutoProxyCreator,currentUserInterceptor,employeeService,testUserService,vmVehicleService,testTask,org.springframework.context.annotation.internalConfigurationAnnotationProcessor,org.springframework.context.annotation.internalAutowiredAnnotationProcessor,org.springframework.context.annotation.internalRequiredAnnotationProcessor,org.springframework.context.annotation.internalCommonAnnotationProcessor,org.springframework.context.annotation.internalPersistenceAnnotationProcessor,validator,entityManagerFactory,hibernateJpaVendorAdapter,sysConfigDao,feeMonthRebateDao,sysFreeDateDao,baseDao,employeeDao,vmVehicleDao,testUserDao,callReminderDao,org.springframework.data.repository.core.support.RepositoryInterfaceAwareBeanPostProcessor#0,org.springframework.dao.annotation.PersistenceExceptionTranslationPostProcessor#0,transactionManager,org.springframework.transaction.annotation.AnnotationTransactionAttributeSource#0,org.springframework.transaction.interceptor.TransactionInterceptor#0,org.springframework.transaction.config.internalTransactionAdvisor,dataSource,multipartResolver,org.springframework.context.annotation.ConfigurationClassPostProcessor.importAwareProcessor]; root of factory hierarchy
17:35:38.063 [Thread-1] INFO  o.s.scheduling.concurrent.ThreadPoolTaskScheduler:191 - Shutting down ExecutorService 'scheduler'
17:35:38.065 [Thread-1] INFO  o.s.orm.jpa.LocalContainerEntityManagerFactoryBean:441 - Closing JPA EntityManagerFactory for persistence unit 'default'
