09:33:32.323 [main] INFO  o.s.beans.factory.xml.XmlBeanDefinitionReader:315 - Loading XML bean definitions from class path resource [applicationContext.xml]
09:33:33.427 [main] INFO  o.s.context.support.GenericApplicationContext:510 - Refreshing org.springframework.context.support.GenericApplicationContext@4e318ff7: startup date [Thu Nov 09 09:33:33 CST 2017]; root of context hierarchy
09:33:33.665 [main] INFO  o.s.b.factory.config.PropertyPlaceholderConfigurer:172 - Loading properties file from class path resource [jdbc.properties]
09:33:33.667 [main] INFO  o.s.b.factory.config.PropertyPlaceholderConfigurer:172 - Loading properties file from class path resource [file.properties]
09:33:34.263 [main] INFO  o.s.jdbc.datasource.DriverManagerDataSource:153 - Loaded JDBC driver: com.microsoft.sqlserver.jdbc.SQLServerDriver
09:33:34.264 [main] INFO  o.s.context.support.GenericApplicationContext:1374 - Bean 'dataSource' of type [class org.springframework.jdbc.datasource.DriverManagerDataSource] is not eligible for getting processed by all BeanPostProcessors (for example: not eligible for auto-proxying)
09:33:34.278 [main] INFO  o.s.context.support.GenericApplicationContext:1374 - Bean 'hibernateJpaVendorAdapter' of type [class org.springframework.orm.jpa.vendor.HibernateJpaVendorAdapter] is not eligible for getting processed by all BeanPostProcessors (for example: not eligible for auto-proxying)
09:33:34.349 [main] INFO  o.s.orm.jpa.LocalContainerEntityManagerFactoryBean:287 - Building JPA container EntityManagerFactory for persistence unit 'default'
09:33:34.558 [main] INFO  org.hibernate.annotations.common.Version:37 - HCANN000001: Hibernate Commons Annotations {4.0.2.Final}
09:33:34.570 [main] INFO  org.hibernate.Version:41 - HHH000412: Hibernate Core {4.2.3.Final}
09:33:34.574 [main] INFO  org.hibernate.cfg.Environment:239 - HHH000206: hibernate.properties not found
09:33:34.577 [main] INFO  org.hibernate.cfg.Environment:342 - HHH000021: Bytecode provider name : javassist
09:33:34.610 [main] INFO  org.hibernate.ejb.Ejb3Configuration:529 - HHH000204: Processing PersistenceUnitInfo [
	name: default
	...]
09:33:34.763 [main] INFO  o.h.s.j.c.internal.ConnectionProviderInitiator:188 - HHH000130: Instantiating explicit connection provider: org.hibernate.ejb.connection.InjectedDataSourceConnectionProvider
09:33:35.741 [main] INFO  org.hibernate.dialect.Dialect:130 - HHH000400: Using dialect: org.hibernate.dialect.SQLServerDialect
09:33:35.984 [main] INFO  o.h.e.t.internal.TransactionFactoryInitiator:73 - HHH000268: Transaction strategy: org.hibernate.engine.transaction.internal.jdbc.JdbcTransactionFactory
09:33:35.991 [main] INFO  o.h.hql.internal.ast.ASTQueryTranslatorFactory:48 - HHH000397: Using ASTQueryTranslatorFactory
09:33:36.031 [main] INFO  org.hibernate.validator.util.Version:56 - Hibernate Validator 4.1.0.Final
09:33:36.037 [main] INFO  o.h.v.engine.resolver.DefaultTraversableResolver:81 - Instantiated an instance of org.hibernate.validator.engine.resolver.JPATraversableResolver.
09:33:36.059 [main] INFO  o.h.v.engine.resolver.DefaultTraversableResolver:81 - Instantiated an instance of org.hibernate.validator.engine.resolver.JPATraversableResolver.
09:33:36.505 [main] INFO  o.s.context.support.GenericApplicationContext:1374 - Bean 'entityManagerFactory' of type [class org.springframework.orm.jpa.LocalContainerEntityManagerFactoryBean] is not eligible for getting processed by all BeanPostProcessors (for example: not eligible for auto-proxying)
09:33:36.521 [main] INFO  o.s.context.support.GenericApplicationContext:1374 - Bean 'org.springframework.transaction.annotation.AnnotationTransactionAttributeSource#0' of type [class org.springframework.transaction.annotation.AnnotationTransactionAttributeSource] is not eligible for getting processed by all BeanPostProcessors (for example: not eligible for auto-proxying)
09:33:36.526 [main] INFO  o.s.context.support.GenericApplicationContext:1374 - Bean 'org.springframework.transaction.config.internalTransactionAdvisor' of type [class org.springframework.transaction.interceptor.BeanFactoryTransactionAttributeSourceAdvisor] is not eligible for getting processed by all BeanPostProcessors (for example: not eligible for auto-proxying)
09:33:36.552 [main] INFO  o.s.b.factory.support.DefaultListableBeanFactory:598 - Pre-instantiating singletons in org.springframework.beans.factory.support.DefaultListableBeanFactory@1bd141bb: defining beans [propertyConfigurer,org.springframework.context.annotation.internalAsyncAnnotationProcessor,org.springframework.context.annotation.internalScheduledAnnotationProcessor,scheduler,org.springframework.aop.config.internalAutoProxyCreator,currentUserInterceptor,employeeService,testUserService,vmVehicleService,testTask,org.springframework.context.annotation.internalConfigurationAnnotationProcessor,org.springframework.context.annotation.internalAutowiredAnnotationProcessor,org.springframework.context.annotation.internalRequiredAnnotationProcessor,org.springframework.context.annotation.internalCommonAnnotationProcessor,org.springframework.context.annotation.internalPersistenceAnnotationProcessor,validator,entityManagerFactory,hibernateJpaVendorAdapter,vmVehicleDao,callReminderDao,testUserDao,sysConfigDao,employeeDao,feeMonthRebateDao,baseDao,sysFreeDateDao,org.springframework.data.repository.core.support.RepositoryInterfaceAwareBeanPostProcessor#0,org.springframework.dao.annotation.PersistenceExceptionTranslationPostProcessor#0,transactionManager,org.springframework.transaction.annotation.AnnotationTransactionAttributeSource#0,org.springframework.transaction.interceptor.TransactionInterceptor#0,org.springframework.transaction.config.internalTransactionAdvisor,dataSource,multipartResolver,org.springframework.context.annotation.ConfigurationClassPostProcessor.importAwareProcessor]; root of factory hierarchy
09:33:36.564 [main] INFO  o.s.scheduling.concurrent.ThreadPoolTaskScheduler:154 - Initializing ExecutorService  'scheduler'
09:33:37.357 [main] INFO  o.h.v.engine.resolver.DefaultTraversableResolver:81 - Instantiated an instance of org.hibernate.validator.engine.resolver.JPATraversableResolver.
09:33:37.635 [Thread-1] INFO  o.s.context.support.GenericApplicationContext:1042 - Closing org.springframework.context.support.GenericApplicationContext@4e318ff7: startup date [Thu Nov 09 09:33:33 CST 2017]; root of context hierarchy
09:33:37.636 [Thread-1] INFO  o.s.b.factory.support.DefaultListableBeanFactory:444 - Destroying singletons in org.springframework.beans.factory.support.DefaultListableBeanFactory@1bd141bb: defining beans [propertyConfigurer,org.springframework.context.annotation.internalAsyncAnnotationProcessor,org.springframework.context.annotation.internalScheduledAnnotationProcessor,scheduler,org.springframework.aop.config.internalAutoProxyCreator,currentUserInterceptor,employeeService,testUserService,vmVehicleService,testTask,org.springframework.context.annotation.internalConfigurationAnnotationProcessor,org.springframework.context.annotation.internalAutowiredAnnotationProcessor,org.springframework.context.annotation.internalRequiredAnnotationProcessor,org.springframework.context.annotation.internalCommonAnnotationProcessor,org.springframework.context.annotation.internalPersistenceAnnotationProcessor,validator,entityManagerFactory,hibernateJpaVendorAdapter,vmVehicleDao,callReminderDao,testUserDao,sysConfigDao,employeeDao,feeMonthRebateDao,baseDao,sysFreeDateDao,org.springframework.data.repository.core.support.RepositoryInterfaceAwareBeanPostProcessor#0,org.springframework.dao.annotation.PersistenceExceptionTranslationPostProcessor#0,transactionManager,org.springframework.transaction.annotation.AnnotationTransactionAttributeSource#0,org.springframework.transaction.interceptor.TransactionInterceptor#0,org.springframework.transaction.config.internalTransactionAdvisor,dataSource,multipartResolver,org.springframework.context.annotation.ConfigurationClassPostProcessor.importAwareProcessor]; root of factory hierarchy
09:33:37.648 [Thread-1] INFO  o.s.scheduling.concurrent.ThreadPoolTaskScheduler:191 - Shutting down ExecutorService 'scheduler'
09:33:37.649 [Thread-1] INFO  o.s.orm.jpa.LocalContainerEntityManagerFactoryBean:441 - Closing JPA EntityManagerFactory for persistence unit 'default'
