09:27:41.162 [main] INFO  o.s.beans.factory.xml.XmlBeanDefinitionReader:315 - Loading XML bean definitions from class path resource [applicationContext.xml]
09:27:42.281 [main] INFO  o.s.context.support.GenericApplicationContext:510 - Refreshing org.springframework.context.support.GenericApplicationContext@7efd05c7: startup date [Mon Jan 29 09:27:42 CST 2018]; root of context hierarchy
09:27:42.564 [main] INFO  o.s.b.factory.config.PropertyPlaceholderConfigurer:172 - Loading properties file from class path resource [jdbc.properties]
09:27:42.565 [main] INFO  o.s.b.factory.config.PropertyPlaceholderConfigurer:172 - Loading properties file from class path resource [file.properties]
09:27:42.845 [main] INFO  o.s.jdbc.datasource.DriverManagerDataSource:153 - Loaded JDBC driver: com.microsoft.sqlserver.jdbc.SQLServerDriver
09:27:42.846 [main] INFO  o.s.context.support.GenericApplicationContext:1374 - Bean 'dataSource' of type [class org.springframework.jdbc.datasource.DriverManagerDataSource] is not eligible for getting processed by all BeanPostProcessors (for example: not eligible for auto-proxying)
09:27:42.864 [main] INFO  o.s.context.support.GenericApplicationContext:1374 - Bean 'hibernateJpaVendorAdapter' of type [class org.springframework.orm.jpa.vendor.HibernateJpaVendorAdapter] is not eligible for getting processed by all BeanPostProcessors (for example: not eligible for auto-proxying)
09:27:42.955 [main] INFO  o.s.orm.jpa.LocalContainerEntityManagerFactoryBean:287 - Building JPA container EntityManagerFactory for persistence unit 'default'
09:27:43.149 [main] INFO  org.hibernate.annotations.common.Version:37 - HCANN000001: Hibernate Commons Annotations {4.0.2.Final}
09:27:43.160 [main] INFO  org.hibernate.Version:41 - HHH000412: Hibernate Core {4.2.3.Final}
09:27:43.163 [main] INFO  org.hibernate.cfg.Environment:239 - HHH000206: hibernate.properties not found
09:27:43.165 [main] INFO  org.hibernate.cfg.Environment:342 - HHH000021: Bytecode provider name : javassist
09:27:43.196 [main] INFO  org.hibernate.ejb.Ejb3Configuration:529 - HHH000204: Processing PersistenceUnitInfo [
	name: default
	...]
09:27:43.305 [main] INFO  o.h.s.j.c.internal.ConnectionProviderInitiator:188 - HHH000130: Instantiating explicit connection provider: org.hibernate.ejb.connection.InjectedDataSourceConnectionProvider
09:27:43.742 [main] INFO  org.hibernate.dialect.Dialect:130 - HHH000400: Using dialect: org.hibernate.dialect.SQLServerDialect
09:27:44.010 [main] INFO  o.h.e.t.internal.TransactionFactoryInitiator:73 - HHH000268: Transaction strategy: org.hibernate.engine.transaction.internal.jdbc.JdbcTransactionFactory
09:27:44.018 [main] INFO  o.h.hql.internal.ast.ASTQueryTranslatorFactory:48 - HHH000397: Using ASTQueryTranslatorFactory
09:27:44.074 [main] INFO  org.hibernate.validator.util.Version:56 - Hibernate Validator 4.1.0.Final
09:27:44.082 [main] INFO  o.h.v.engine.resolver.DefaultTraversableResolver:81 - Instantiated an instance of org.hibernate.validator.engine.resolver.JPATraversableResolver.
09:27:44.106 [main] INFO  o.h.v.engine.resolver.DefaultTraversableResolver:81 - Instantiated an instance of org.hibernate.validator.engine.resolver.JPATraversableResolver.
09:27:44.447 [main] INFO  o.s.context.support.GenericApplicationContext:1374 - Bean 'entityManagerFactory' of type [class org.springframework.orm.jpa.LocalContainerEntityManagerFactoryBean] is not eligible for getting processed by all BeanPostProcessors (for example: not eligible for auto-proxying)
09:27:44.461 [main] INFO  o.s.context.support.GenericApplicationContext:1374 - Bean 'org.springframework.transaction.annotation.AnnotationTransactionAttributeSource#0' of type [class org.springframework.transaction.annotation.AnnotationTransactionAttributeSource] is not eligible for getting processed by all BeanPostProcessors (for example: not eligible for auto-proxying)
09:27:44.466 [main] INFO  o.s.context.support.GenericApplicationContext:1374 - Bean 'org.springframework.transaction.config.internalTransactionAdvisor' of type [class org.springframework.transaction.interceptor.BeanFactoryTransactionAttributeSourceAdvisor] is not eligible for getting processed by all BeanPostProcessors (for example: not eligible for auto-proxying)
09:27:44.482 [main] INFO  o.s.b.factory.support.DefaultListableBeanFactory:598 - Pre-instantiating singletons in org.springframework.beans.factory.support.DefaultListableBeanFactory@585a54a8: defining beans [propertyConfigurer,org.springframework.context.annotation.internalAsyncAnnotationProcessor,org.springframework.context.annotation.internalScheduledAnnotationProcessor,scheduler,org.springframework.aop.config.internalAutoProxyCreator,currentUserInterceptor,employeeService,testUserService,vmVehicleService,testTask,org.springframework.context.annotation.internalConfigurationAnnotationProcessor,org.springframework.context.annotation.internalAutowiredAnnotationProcessor,org.springframework.context.annotation.internalRequiredAnnotationProcessor,org.springframework.context.annotation.internalCommonAnnotationProcessor,org.springframework.context.annotation.internalPersistenceAnnotationProcessor,validator,entityManagerFactory,hibernateJpaVendorAdapter,vmVehicleDao,employeeDao,testUserDao,feeMonthRebateDao,callReminderDao,baseDao,sysFreeDateDao,sysConfigDao,org.springframework.data.repository.core.support.RepositoryInterfaceAwareBeanPostProcessor#0,org.springframework.dao.annotation.PersistenceExceptionTranslationPostProcessor#0,transactionManager,org.springframework.transaction.annotation.AnnotationTransactionAttributeSource#0,org.springframework.transaction.interceptor.TransactionInterceptor#0,org.springframework.transaction.config.internalTransactionAdvisor,dataSource,multipartResolver,org.springframework.context.annotation.ConfigurationClassPostProcessor.importAwareProcessor]; root of factory hierarchy
09:27:44.494 [main] INFO  o.s.scheduling.concurrent.ThreadPoolTaskScheduler:154 - Initializing ExecutorService  'scheduler'
09:27:45.176 [main] INFO  o.h.v.engine.resolver.DefaultTraversableResolver:81 - Instantiated an instance of org.hibernate.validator.engine.resolver.JPATraversableResolver.
09:27:45.367 [Thread-1] INFO  o.s.context.support.GenericApplicationContext:1042 - Closing org.springframework.context.support.GenericApplicationContext@7efd05c7: startup date [Mon Jan 29 09:27:42 CST 2018]; root of context hierarchy
09:27:45.368 [Thread-1] INFO  o.s.b.factory.support.DefaultListableBeanFactory:444 - Destroying singletons in org.springframework.beans.factory.support.DefaultListableBeanFactory@585a54a8: defining beans [propertyConfigurer,org.springframework.context.annotation.internalAsyncAnnotationProcessor,org.springframework.context.annotation.internalScheduledAnnotationProcessor,scheduler,org.springframework.aop.config.internalAutoProxyCreator,currentUserInterceptor,employeeService,testUserService,vmVehicleService,testTask,org.springframework.context.annotation.internalConfigurationAnnotationProcessor,org.springframework.context.annotation.internalAutowiredAnnotationProcessor,org.springframework.context.annotation.internalRequiredAnnotationProcessor,org.springframework.context.annotation.internalCommonAnnotationProcessor,org.springframework.context.annotation.internalPersistenceAnnotationProcessor,validator,entityManagerFactory,hibernateJpaVendorAdapter,vmVehicleDao,employeeDao,testUserDao,feeMonthRebateDao,callReminderDao,baseDao,sysFreeDateDao,sysConfigDao,org.springframework.data.repository.core.support.RepositoryInterfaceAwareBeanPostProcessor#0,org.springframework.dao.annotation.PersistenceExceptionTranslationPostProcessor#0,transactionManager,org.springframework.transaction.annotation.AnnotationTransactionAttributeSource#0,org.springframework.transaction.interceptor.TransactionInterceptor#0,org.springframework.transaction.config.internalTransactionAdvisor,dataSource,multipartResolver,org.springframework.context.annotation.ConfigurationClassPostProcessor.importAwareProcessor]; root of factory hierarchy
09:27:45.376 [Thread-1] INFO  o.s.scheduling.concurrent.ThreadPoolTaskScheduler:191 - Shutting down ExecutorService 'scheduler'
09:27:45.377 [Thread-1] INFO  o.s.orm.jpa.LocalContainerEntityManagerFactoryBean:441 - Closing JPA EntityManagerFactory for persistence unit 'default'
