15:44:27.396 [main] INFO  o.s.beans.factory.xml.XmlBeanDefinitionReader:315 - Loading XML bean definitions from class path resource [applicationContext.xml]
15:44:28.113 [main] INFO  o.s.context.support.GenericApplicationContext:510 - Refreshing org.springframework.context.support.GenericApplicationContext@23fdf653: startup date [Wed Nov 08 15:44:28 CST 2017]; root of context hierarchy
15:44:28.413 [main] INFO  o.s.b.factory.config.PropertyPlaceholderConfigurer:172 - Loading properties file from class path resource [jdbc.properties]
15:44:28.415 [main] INFO  o.s.b.factory.config.PropertyPlaceholderConfigurer:172 - Loading properties file from class path resource [file.properties]
15:44:28.899 [main] INFO  o.s.jdbc.datasource.DriverManagerDataSource:153 - Loaded JDBC driver: com.microsoft.sqlserver.jdbc.SQLServerDriver
15:44:28.900 [main] INFO  o.s.context.support.GenericApplicationContext:1374 - Bean 'dataSource' of type [class org.springframework.jdbc.datasource.DriverManagerDataSource] is not eligible for getting processed by all BeanPostProcessors (for example: not eligible for auto-proxying)
15:44:28.935 [main] INFO  o.s.context.support.GenericApplicationContext:1374 - Bean 'hibernateJpaVendorAdapter' of type [class org.springframework.orm.jpa.vendor.HibernateJpaVendorAdapter] is not eligible for getting processed by all BeanPostProcessors (for example: not eligible for auto-proxying)
15:44:29.043 [main] INFO  o.s.orm.jpa.LocalContainerEntityManagerFactoryBean:287 - Building JPA container EntityManagerFactory for persistence unit 'default'
15:44:29.420 [main] INFO  org.hibernate.annotations.common.Version:37 - HCANN000001: Hibernate Commons Annotations {4.0.2.Final}
15:44:29.439 [main] INFO  org.hibernate.Version:41 - HHH000412: Hibernate Core {4.2.3.Final}
15:44:29.445 [main] INFO  org.hibernate.cfg.Environment:239 - HHH000206: hibernate.properties not found
15:44:29.449 [main] INFO  org.hibernate.cfg.Environment:342 - HHH000021: Bytecode provider name : javassist
15:44:29.520 [main] INFO  org.hibernate.ejb.Ejb3Configuration:529 - HHH000204: Processing PersistenceUnitInfo [
	name: default
	...]
15:44:29.706 [main] INFO  o.h.s.j.c.internal.ConnectionProviderInitiator:188 - HHH000130: Instantiating explicit connection provider: org.hibernate.ejb.connection.InjectedDataSourceConnectionProvider
15:44:30.202 [main] INFO  org.hibernate.dialect.Dialect:130 - HHH000400: Using dialect: org.hibernate.dialect.SQLServerDialect
15:44:30.518 [main] INFO  o.h.e.t.internal.TransactionFactoryInitiator:73 - HHH000268: Transaction strategy: org.hibernate.engine.transaction.internal.jdbc.JdbcTransactionFactory
15:44:30.528 [main] INFO  o.h.hql.internal.ast.ASTQueryTranslatorFactory:48 - HHH000397: Using ASTQueryTranslatorFactory
15:44:30.583 [main] INFO  org.hibernate.validator.util.Version:56 - Hibernate Validator 4.1.0.Final
15:44:30.592 [main] INFO  o.h.v.engine.resolver.DefaultTraversableResolver:81 - Instantiated an instance of org.hibernate.validator.engine.resolver.JPATraversableResolver.
15:44:30.635 [main] INFO  o.h.v.engine.resolver.DefaultTraversableResolver:81 - Instantiated an instance of org.hibernate.validator.engine.resolver.JPATraversableResolver.
15:44:31.163 [main] INFO  o.s.context.support.GenericApplicationContext:1374 - Bean 'entityManagerFactory' of type [class org.springframework.orm.jpa.LocalContainerEntityManagerFactoryBean] is not eligible for getting processed by all BeanPostProcessors (for example: not eligible for auto-proxying)
15:44:31.179 [main] INFO  o.s.context.support.GenericApplicationContext:1374 - Bean 'org.springframework.transaction.annotation.AnnotationTransactionAttributeSource#0' of type [class org.springframework.transaction.annotation.AnnotationTransactionAttributeSource] is not eligible for getting processed by all BeanPostProcessors (for example: not eligible for auto-proxying)
15:44:31.185 [main] INFO  o.s.context.support.GenericApplicationContext:1374 - Bean 'org.springframework.transaction.config.internalTransactionAdvisor' of type [class org.springframework.transaction.interceptor.BeanFactoryTransactionAttributeSourceAdvisor] is not eligible for getting processed by all BeanPostProcessors (for example: not eligible for auto-proxying)
15:44:31.212 [main] INFO  o.s.b.factory.support.DefaultListableBeanFactory:598 - Pre-instantiating singletons in org.springframework.beans.factory.support.DefaultListableBeanFactory@55dd153b: defining beans [propertyConfigurer,org.springframework.context.annotation.internalAsyncAnnotationProcessor,org.springframework.context.annotation.internalScheduledAnnotationProcessor,scheduler,org.springframework.aop.config.internalAutoProxyCreator,currentUserInterceptor,employeeService,testUserService,vmVehicleService,testTask,org.springframework.context.annotation.internalConfigurationAnnotationProcessor,org.springframework.context.annotation.internalAutowiredAnnotationProcessor,org.springframework.context.annotation.internalRequiredAnnotationProcessor,org.springframework.context.annotation.internalCommonAnnotationProcessor,org.springframework.context.annotation.internalPersistenceAnnotationProcessor,validator,entityManagerFactory,hibernateJpaVendorAdapter,feeMonthRebateDao,sysFreeDateDao,baseDao,vmVehicleDao,testUserDao,callReminderDao,sysConfigDao,employeeDao,org.springframework.data.repository.core.support.RepositoryInterfaceAwareBeanPostProcessor#0,org.springframework.dao.annotation.PersistenceExceptionTranslationPostProcessor#0,transactionManager,org.springframework.transaction.annotation.AnnotationTransactionAttributeSource#0,org.springframework.transaction.interceptor.TransactionInterceptor#0,org.springframework.transaction.config.internalTransactionAdvisor,dataSource,multipartResolver,org.springframework.context.annotation.ConfigurationClassPostProcessor.importAwareProcessor]; root of factory hierarchy
15:44:31.225 [main] INFO  o.s.scheduling.concurrent.ThreadPoolTaskScheduler:154 - Initializing ExecutorService  'scheduler'
15:44:31.706 [main] INFO  o.s.b.factory.support.DefaultListableBeanFactory:444 - Destroying singletons in org.springframework.beans.factory.support.DefaultListableBeanFactory@55dd153b: defining beans [propertyConfigurer,org.springframework.context.annotation.internalAsyncAnnotationProcessor,org.springframework.context.annotation.internalScheduledAnnotationProcessor,scheduler,org.springframework.aop.config.internalAutoProxyCreator,currentUserInterceptor,employeeService,testUserService,vmVehicleService,testTask,org.springframework.context.annotation.internalConfigurationAnnotationProcessor,org.springframework.context.annotation.internalAutowiredAnnotationProcessor,org.springframework.context.annotation.internalRequiredAnnotationProcessor,org.springframework.context.annotation.internalCommonAnnotationProcessor,org.springframework.context.annotation.internalPersistenceAnnotationProcessor,validator,entityManagerFactory,hibernateJpaVendorAdapter,feeMonthRebateDao,sysFreeDateDao,baseDao,vmVehicleDao,testUserDao,callReminderDao,sysConfigDao,employeeDao,org.springframework.data.repository.core.support.RepositoryInterfaceAwareBeanPostProcessor#0,org.springframework.dao.annotation.PersistenceExceptionTranslationPostProcessor#0,transactionManager,org.springframework.transaction.annotation.AnnotationTransactionAttributeSource#0,org.springframework.transaction.interceptor.TransactionInterceptor#0,org.springframework.transaction.config.internalTransactionAdvisor,dataSource,multipartResolver,org.springframework.context.annotation.ConfigurationClassPostProcessor.importAwareProcessor]; root of factory hierarchy
15:44:31.713 [main] INFO  o.s.scheduling.concurrent.ThreadPoolTaskScheduler:191 - Shutting down ExecutorService 'scheduler'
15:44:31.714 [main] INFO  o.s.orm.jpa.LocalContainerEntityManagerFactoryBean:441 - Closing JPA EntityManagerFactory for persistence unit 'default'
15:47:48.056 [main] INFO  o.s.beans.factory.xml.XmlBeanDefinitionReader:315 - Loading XML bean definitions from class path resource [applicationContext.xml]
15:47:49.069 [main] INFO  o.s.context.support.GenericApplicationContext:510 - Refreshing org.springframework.context.support.GenericApplicationContext@566749c5: startup date [Wed Nov 08 15:47:49 CST 2017]; root of context hierarchy
15:47:49.365 [main] INFO  o.s.b.factory.config.PropertyPlaceholderConfigurer:172 - Loading properties file from class path resource [jdbc.properties]
15:47:49.366 [main] INFO  o.s.b.factory.config.PropertyPlaceholderConfigurer:172 - Loading properties file from class path resource [file.properties]
15:47:49.690 [main] INFO  o.s.jdbc.datasource.DriverManagerDataSource:153 - Loaded JDBC driver: com.microsoft.sqlserver.jdbc.SQLServerDriver
15:47:49.692 [main] INFO  o.s.context.support.GenericApplicationContext:1374 - Bean 'dataSource' of type [class org.springframework.jdbc.datasource.DriverManagerDataSource] is not eligible for getting processed by all BeanPostProcessors (for example: not eligible for auto-proxying)
15:47:49.710 [main] INFO  o.s.context.support.GenericApplicationContext:1374 - Bean 'hibernateJpaVendorAdapter' of type [class org.springframework.orm.jpa.vendor.HibernateJpaVendorAdapter] is not eligible for getting processed by all BeanPostProcessors (for example: not eligible for auto-proxying)
15:47:49.779 [main] INFO  o.s.orm.jpa.LocalContainerEntityManagerFactoryBean:287 - Building JPA container EntityManagerFactory for persistence unit 'default'
15:47:49.994 [main] INFO  org.hibernate.annotations.common.Version:37 - HCANN000001: Hibernate Commons Annotations {4.0.2.Final}
15:47:50.004 [main] INFO  org.hibernate.Version:41 - HHH000412: Hibernate Core {4.2.3.Final}
15:47:50.006 [main] INFO  org.hibernate.cfg.Environment:239 - HHH000206: hibernate.properties not found
15:47:50.009 [main] INFO  org.hibernate.cfg.Environment:342 - HHH000021: Bytecode provider name : javassist
15:47:50.034 [main] INFO  org.hibernate.ejb.Ejb3Configuration:529 - HHH000204: Processing PersistenceUnitInfo [
	name: default
	...]
15:47:50.143 [main] INFO  o.h.s.j.c.internal.ConnectionProviderInitiator:188 - HHH000130: Instantiating explicit connection provider: org.hibernate.ejb.connection.InjectedDataSourceConnectionProvider
15:47:50.556 [main] INFO  org.hibernate.dialect.Dialect:130 - HHH000400: Using dialect: org.hibernate.dialect.SQLServerDialect
15:47:50.797 [main] INFO  o.h.e.t.internal.TransactionFactoryInitiator:73 - HHH000268: Transaction strategy: org.hibernate.engine.transaction.internal.jdbc.JdbcTransactionFactory
15:47:50.803 [main] INFO  o.h.hql.internal.ast.ASTQueryTranslatorFactory:48 - HHH000397: Using ASTQueryTranslatorFactory
15:47:50.845 [main] INFO  org.hibernate.validator.util.Version:56 - Hibernate Validator 4.1.0.Final
15:47:50.852 [main] INFO  o.h.v.engine.resolver.DefaultTraversableResolver:81 - Instantiated an instance of org.hibernate.validator.engine.resolver.JPATraversableResolver.
15:47:50.873 [main] INFO  o.h.v.engine.resolver.DefaultTraversableResolver:81 - Instantiated an instance of org.hibernate.validator.engine.resolver.JPATraversableResolver.
15:47:51.269 [main] INFO  o.s.context.support.GenericApplicationContext:1374 - Bean 'entityManagerFactory' of type [class org.springframework.orm.jpa.LocalContainerEntityManagerFactoryBean] is not eligible for getting processed by all BeanPostProcessors (for example: not eligible for auto-proxying)
15:47:51.284 [main] INFO  o.s.context.support.GenericApplicationContext:1374 - Bean 'org.springframework.transaction.annotation.AnnotationTransactionAttributeSource#0' of type [class org.springframework.transaction.annotation.AnnotationTransactionAttributeSource] is not eligible for getting processed by all BeanPostProcessors (for example: not eligible for auto-proxying)
15:47:51.289 [main] INFO  o.s.context.support.GenericApplicationContext:1374 - Bean 'org.springframework.transaction.config.internalTransactionAdvisor' of type [class org.springframework.transaction.interceptor.BeanFactoryTransactionAttributeSourceAdvisor] is not eligible for getting processed by all BeanPostProcessors (for example: not eligible for auto-proxying)
15:47:51.306 [main] INFO  o.s.b.factory.support.DefaultListableBeanFactory:598 - Pre-instantiating singletons in org.springframework.beans.factory.support.DefaultListableBeanFactory@7b5ce015: defining beans [propertyConfigurer,org.springframework.context.annotation.internalAsyncAnnotationProcessor,org.springframework.context.annotation.internalScheduledAnnotationProcessor,scheduler,org.springframework.aop.config.internalAutoProxyCreator,currentUserInterceptor,employeeService,testUserService,vmVehicleService,testTask,org.springframework.context.annotation.internalConfigurationAnnotationProcessor,org.springframework.context.annotation.internalAutowiredAnnotationProcessor,org.springframework.context.annotation.internalRequiredAnnotationProcessor,org.springframework.context.annotation.internalCommonAnnotationProcessor,org.springframework.context.annotation.internalPersistenceAnnotationProcessor,validator,entityManagerFactory,hibernateJpaVendorAdapter,testUserDao,baseDao,sysConfigDao,feeMonthRebateDao,vmVehicleDao,employeeDao,callReminderDao,sysFreeDateDao,org.springframework.data.repository.core.support.RepositoryInterfaceAwareBeanPostProcessor#0,org.springframework.dao.annotation.PersistenceExceptionTranslationPostProcessor#0,transactionManager,org.springframework.transaction.annotation.AnnotationTransactionAttributeSource#0,org.springframework.transaction.interceptor.TransactionInterceptor#0,org.springframework.transaction.config.internalTransactionAdvisor,dataSource,multipartResolver,org.springframework.context.annotation.ConfigurationClassPostProcessor.importAwareProcessor]; root of factory hierarchy
15:47:51.319 [main] INFO  o.s.scheduling.concurrent.ThreadPoolTaskScheduler:154 - Initializing ExecutorService  'scheduler'
15:47:51.949 [main] INFO  o.s.b.factory.support.DefaultListableBeanFactory:444 - Destroying singletons in org.springframework.beans.factory.support.DefaultListableBeanFactory@7b5ce015: defining beans [propertyConfigurer,org.springframework.context.annotation.internalAsyncAnnotationProcessor,org.springframework.context.annotation.internalScheduledAnnotationProcessor,scheduler,org.springframework.aop.config.internalAutoProxyCreator,currentUserInterceptor,employeeService,testUserService,vmVehicleService,testTask,org.springframework.context.annotation.internalConfigurationAnnotationProcessor,org.springframework.context.annotation.internalAutowiredAnnotationProcessor,org.springframework.context.annotation.internalRequiredAnnotationProcessor,org.springframework.context.annotation.internalCommonAnnotationProcessor,org.springframework.context.annotation.internalPersistenceAnnotationProcessor,validator,entityManagerFactory,hibernateJpaVendorAdapter,testUserDao,baseDao,sysConfigDao,feeMonthRebateDao,vmVehicleDao,employeeDao,callReminderDao,sysFreeDateDao,org.springframework.data.repository.core.support.RepositoryInterfaceAwareBeanPostProcessor#0,org.springframework.dao.annotation.PersistenceExceptionTranslationPostProcessor#0,transactionManager,org.springframework.transaction.annotation.AnnotationTransactionAttributeSource#0,org.springframework.transaction.interceptor.TransactionInterceptor#0,org.springframework.transaction.config.internalTransactionAdvisor,dataSource,multipartResolver,org.springframework.context.annotation.ConfigurationClassPostProcessor.importAwareProcessor]; root of factory hierarchy
15:47:51.957 [main] INFO  o.s.scheduling.concurrent.ThreadPoolTaskScheduler:191 - Shutting down ExecutorService 'scheduler'
15:47:51.959 [main] INFO  o.s.orm.jpa.LocalContainerEntityManagerFactoryBean:441 - Closing JPA EntityManagerFactory for persistence unit 'default'
15:49:31.608 [main] INFO  o.s.beans.factory.xml.XmlBeanDefinitionReader:315 - Loading XML bean definitions from class path resource [applicationContext.xml]
15:49:32.752 [main] INFO  o.s.context.support.GenericApplicationContext:510 - Refreshing org.springframework.context.support.GenericApplicationContext@66f95a5a: startup date [Wed Nov 08 15:49:32 CST 2017]; root of context hierarchy
15:49:33.016 [main] INFO  o.s.b.factory.config.PropertyPlaceholderConfigurer:172 - Loading properties file from class path resource [jdbc.properties]
15:49:33.018 [main] INFO  o.s.b.factory.config.PropertyPlaceholderConfigurer:172 - Loading properties file from class path resource [file.properties]
15:49:33.355 [main] INFO  o.s.jdbc.datasource.DriverManagerDataSource:153 - Loaded JDBC driver: com.microsoft.sqlserver.jdbc.SQLServerDriver
15:49:33.356 [main] INFO  o.s.context.support.GenericApplicationContext:1374 - Bean 'dataSource' of type [class org.springframework.jdbc.datasource.DriverManagerDataSource] is not eligible for getting processed by all BeanPostProcessors (for example: not eligible for auto-proxying)
15:49:33.374 [main] INFO  o.s.context.support.GenericApplicationContext:1374 - Bean 'hibernateJpaVendorAdapter' of type [class org.springframework.orm.jpa.vendor.HibernateJpaVendorAdapter] is not eligible for getting processed by all BeanPostProcessors (for example: not eligible for auto-proxying)
15:49:33.457 [main] INFO  o.s.orm.jpa.LocalContainerEntityManagerFactoryBean:287 - Building JPA container EntityManagerFactory for persistence unit 'default'
15:49:33.628 [main] INFO  org.hibernate.annotations.common.Version:37 - HCANN000001: Hibernate Commons Annotations {4.0.2.Final}
15:49:33.637 [main] INFO  org.hibernate.Version:41 - HHH000412: Hibernate Core {4.2.3.Final}
15:49:33.639 [main] INFO  org.hibernate.cfg.Environment:239 - HHH000206: hibernate.properties not found
15:49:33.642 [main] INFO  org.hibernate.cfg.Environment:342 - HHH000021: Bytecode provider name : javassist
15:49:33.666 [main] INFO  org.hibernate.ejb.Ejb3Configuration:529 - HHH000204: Processing PersistenceUnitInfo [
	name: default
	...]
15:49:33.770 [main] INFO  o.h.s.j.c.internal.ConnectionProviderInitiator:188 - HHH000130: Instantiating explicit connection provider: org.hibernate.ejb.connection.InjectedDataSourceConnectionProvider
15:49:34.159 [main] INFO  org.hibernate.dialect.Dialect:130 - HHH000400: Using dialect: org.hibernate.dialect.SQLServerDialect
15:49:34.396 [main] INFO  o.h.e.t.internal.TransactionFactoryInitiator:73 - HHH000268: Transaction strategy: org.hibernate.engine.transaction.internal.jdbc.JdbcTransactionFactory
15:49:34.403 [main] INFO  o.h.hql.internal.ast.ASTQueryTranslatorFactory:48 - HHH000397: Using ASTQueryTranslatorFactory
15:49:34.444 [main] INFO  org.hibernate.validator.util.Version:56 - Hibernate Validator 4.1.0.Final
15:49:34.451 [main] INFO  o.h.v.engine.resolver.DefaultTraversableResolver:81 - Instantiated an instance of org.hibernate.validator.engine.resolver.JPATraversableResolver.
15:49:34.473 [main] INFO  o.h.v.engine.resolver.DefaultTraversableResolver:81 - Instantiated an instance of org.hibernate.validator.engine.resolver.JPATraversableResolver.
15:49:34.821 [main] INFO  o.s.context.support.GenericApplicationContext:1374 - Bean 'entityManagerFactory' of type [class org.springframework.orm.jpa.LocalContainerEntityManagerFactoryBean] is not eligible for getting processed by all BeanPostProcessors (for example: not eligible for auto-proxying)
15:49:34.836 [main] INFO  o.s.context.support.GenericApplicationContext:1374 - Bean 'org.springframework.transaction.annotation.AnnotationTransactionAttributeSource#0' of type [class org.springframework.transaction.annotation.AnnotationTransactionAttributeSource] is not eligible for getting processed by all BeanPostProcessors (for example: not eligible for auto-proxying)
15:49:34.842 [main] INFO  o.s.context.support.GenericApplicationContext:1374 - Bean 'org.springframework.transaction.config.internalTransactionAdvisor' of type [class org.springframework.transaction.interceptor.BeanFactoryTransactionAttributeSourceAdvisor] is not eligible for getting processed by all BeanPostProcessors (for example: not eligible for auto-proxying)
15:49:34.862 [main] INFO  o.s.b.factory.support.DefaultListableBeanFactory:598 - Pre-instantiating singletons in org.springframework.beans.factory.support.DefaultListableBeanFactory@20c9b767: defining beans [propertyConfigurer,org.springframework.context.annotation.internalAsyncAnnotationProcessor,org.springframework.context.annotation.internalScheduledAnnotationProcessor,scheduler,org.springframework.aop.config.internalAutoProxyCreator,currentUserInterceptor,employeeService,testUserService,vmVehicleService,testTask,org.springframework.context.annotation.internalConfigurationAnnotationProcessor,org.springframework.context.annotation.internalAutowiredAnnotationProcessor,org.springframework.context.annotation.internalRequiredAnnotationProcessor,org.springframework.context.annotation.internalCommonAnnotationProcessor,org.springframework.context.annotation.internalPersistenceAnnotationProcessor,validator,entityManagerFactory,hibernateJpaVendorAdapter,employeeDao,callReminderDao,vmVehicleDao,sysConfigDao,feeMonthRebateDao,sysFreeDateDao,testUserDao,baseDao,org.springframework.data.repository.core.support.RepositoryInterfaceAwareBeanPostProcessor#0,org.springframework.dao.annotation.PersistenceExceptionTranslationPostProcessor#0,transactionManager,org.springframework.transaction.annotation.AnnotationTransactionAttributeSource#0,org.springframework.transaction.interceptor.TransactionInterceptor#0,org.springframework.transaction.config.internalTransactionAdvisor,dataSource,multipartResolver,org.springframework.context.annotation.ConfigurationClassPostProcessor.importAwareProcessor]; root of factory hierarchy
15:49:34.877 [main] INFO  o.s.scheduling.concurrent.ThreadPoolTaskScheduler:154 - Initializing ExecutorService  'scheduler'
15:49:35.763 [main] INFO  o.h.v.engine.resolver.DefaultTraversableResolver:81 - Instantiated an instance of org.hibernate.validator.engine.resolver.JPATraversableResolver.
15:49:35.995 [Thread-1] INFO  o.s.context.support.GenericApplicationContext:1042 - Closing org.springframework.context.support.GenericApplicationContext@66f95a5a: startup date [Wed Nov 08 15:49:32 CST 2017]; root of context hierarchy
15:49:35.996 [Thread-1] INFO  o.s.b.factory.support.DefaultListableBeanFactory:444 - Destroying singletons in org.springframework.beans.factory.support.DefaultListableBeanFactory@20c9b767: defining beans [propertyConfigurer,org.springframework.context.annotation.internalAsyncAnnotationProcessor,org.springframework.context.annotation.internalScheduledAnnotationProcessor,scheduler,org.springframework.aop.config.internalAutoProxyCreator,currentUserInterceptor,employeeService,testUserService,vmVehicleService,testTask,org.springframework.context.annotation.internalConfigurationAnnotationProcessor,org.springframework.context.annotation.internalAutowiredAnnotationProcessor,org.springframework.context.annotation.internalRequiredAnnotationProcessor,org.springframework.context.annotation.internalCommonAnnotationProcessor,org.springframework.context.annotation.internalPersistenceAnnotationProcessor,validator,entityManagerFactory,hibernateJpaVendorAdapter,employeeDao,callReminderDao,vmVehicleDao,sysConfigDao,feeMonthRebateDao,sysFreeDateDao,testUserDao,baseDao,org.springframework.data.repository.core.support.RepositoryInterfaceAwareBeanPostProcessor#0,org.springframework.dao.annotation.PersistenceExceptionTranslationPostProcessor#0,transactionManager,org.springframework.transaction.annotation.AnnotationTransactionAttributeSource#0,org.springframework.transaction.interceptor.TransactionInterceptor#0,org.springframework.transaction.config.internalTransactionAdvisor,dataSource,multipartResolver,org.springframework.context.annotation.ConfigurationClassPostProcessor.importAwareProcessor]; root of factory hierarchy
15:49:36.005 [Thread-1] INFO  o.s.scheduling.concurrent.ThreadPoolTaskScheduler:191 - Shutting down ExecutorService 'scheduler'
15:49:36.006 [Thread-1] INFO  o.s.orm.jpa.LocalContainerEntityManagerFactoryBean:441 - Closing JPA EntityManagerFactory for persistence unit 'default'
15:50:35.149 [main] INFO  o.s.beans.factory.xml.XmlBeanDefinitionReader:315 - Loading XML bean definitions from class path resource [applicationContext.xml]
15:50:36.096 [main] INFO  o.s.context.support.GenericApplicationContext:510 - Refreshing org.springframework.context.support.GenericApplicationContext@23fdf653: startup date [Wed Nov 08 15:50:36 CST 2017]; root of context hierarchy
15:50:36.376 [main] INFO  o.s.b.factory.config.PropertyPlaceholderConfigurer:172 - Loading properties file from class path resource [jdbc.properties]
15:50:36.378 [main] INFO  o.s.b.factory.config.PropertyPlaceholderConfigurer:172 - Loading properties file from class path resource [file.properties]
15:50:36.759 [main] INFO  o.s.jdbc.datasource.DriverManagerDataSource:153 - Loaded JDBC driver: com.microsoft.sqlserver.jdbc.SQLServerDriver
15:50:36.760 [main] INFO  o.s.context.support.GenericApplicationContext:1374 - Bean 'dataSource' of type [class org.springframework.jdbc.datasource.DriverManagerDataSource] is not eligible for getting processed by all BeanPostProcessors (for example: not eligible for auto-proxying)
15:50:36.778 [main] INFO  o.s.context.support.GenericApplicationContext:1374 - Bean 'hibernateJpaVendorAdapter' of type [class org.springframework.orm.jpa.vendor.HibernateJpaVendorAdapter] is not eligible for getting processed by all BeanPostProcessors (for example: not eligible for auto-proxying)
15:50:36.855 [main] INFO  o.s.orm.jpa.LocalContainerEntityManagerFactoryBean:287 - Building JPA container EntityManagerFactory for persistence unit 'default'
15:50:37.061 [main] INFO  org.hibernate.annotations.common.Version:37 - HCANN000001: Hibernate Commons Annotations {4.0.2.Final}
15:50:37.070 [main] INFO  org.hibernate.Version:41 - HHH000412: Hibernate Core {4.2.3.Final}
15:50:37.072 [main] INFO  org.hibernate.cfg.Environment:239 - HHH000206: hibernate.properties not found
15:50:37.077 [main] INFO  org.hibernate.cfg.Environment:342 - HHH000021: Bytecode provider name : javassist
15:50:37.109 [main] INFO  org.hibernate.ejb.Ejb3Configuration:529 - HHH000204: Processing PersistenceUnitInfo [
	name: default
	...]
15:50:37.259 [main] INFO  o.h.s.j.c.internal.ConnectionProviderInitiator:188 - HHH000130: Instantiating explicit connection provider: org.hibernate.ejb.connection.InjectedDataSourceConnectionProvider
15:50:37.783 [main] INFO  org.hibernate.dialect.Dialect:130 - HHH000400: Using dialect: org.hibernate.dialect.SQLServerDialect
15:50:38.014 [main] INFO  o.h.e.t.internal.TransactionFactoryInitiator:73 - HHH000268: Transaction strategy: org.hibernate.engine.transaction.internal.jdbc.JdbcTransactionFactory
15:50:38.022 [main] INFO  o.h.hql.internal.ast.ASTQueryTranslatorFactory:48 - HHH000397: Using ASTQueryTranslatorFactory
15:50:38.064 [main] INFO  org.hibernate.validator.util.Version:56 - Hibernate Validator 4.1.0.Final
15:50:38.070 [main] INFO  o.h.v.engine.resolver.DefaultTraversableResolver:81 - Instantiated an instance of org.hibernate.validator.engine.resolver.JPATraversableResolver.
15:50:38.091 [main] INFO  o.h.v.engine.resolver.DefaultTraversableResolver:81 - Instantiated an instance of org.hibernate.validator.engine.resolver.JPATraversableResolver.
15:50:38.458 [main] INFO  o.s.context.support.GenericApplicationContext:1374 - Bean 'entityManagerFactory' of type [class org.springframework.orm.jpa.LocalContainerEntityManagerFactoryBean] is not eligible for getting processed by all BeanPostProcessors (for example: not eligible for auto-proxying)
15:50:38.474 [main] INFO  o.s.context.support.GenericApplicationContext:1374 - Bean 'org.springframework.transaction.annotation.AnnotationTransactionAttributeSource#0' of type [class org.springframework.transaction.annotation.AnnotationTransactionAttributeSource] is not eligible for getting processed by all BeanPostProcessors (for example: not eligible for auto-proxying)
15:50:38.479 [main] INFO  o.s.context.support.GenericApplicationContext:1374 - Bean 'org.springframework.transaction.config.internalTransactionAdvisor' of type [class org.springframework.transaction.interceptor.BeanFactoryTransactionAttributeSourceAdvisor] is not eligible for getting processed by all BeanPostProcessors (for example: not eligible for auto-proxying)
15:50:38.499 [main] INFO  o.s.b.factory.support.DefaultListableBeanFactory:598 - Pre-instantiating singletons in org.springframework.beans.factory.support.DefaultListableBeanFactory@668db25b: defining beans [propertyConfigurer,org.springframework.context.annotation.internalAsyncAnnotationProcessor,org.springframework.context.annotation.internalScheduledAnnotationProcessor,scheduler,org.springframework.aop.config.internalAutoProxyCreator,currentUserInterceptor,employeeService,testUserService,vmVehicleService,testTask,org.springframework.context.annotation.internalConfigurationAnnotationProcessor,org.springframework.context.annotation.internalAutowiredAnnotationProcessor,org.springframework.context.annotation.internalRequiredAnnotationProcessor,org.springframework.context.annotation.internalCommonAnnotationProcessor,org.springframework.context.annotation.internalPersistenceAnnotationProcessor,validator,entityManagerFactory,hibernateJpaVendorAdapter,vmVehicleDao,testUserDao,employeeDao,baseDao,sysConfigDao,sysFreeDateDao,callReminderDao,feeMonthRebateDao,org.springframework.data.repository.core.support.RepositoryInterfaceAwareBeanPostProcessor#0,org.springframework.dao.annotation.PersistenceExceptionTranslationPostProcessor#0,transactionManager,org.springframework.transaction.annotation.AnnotationTransactionAttributeSource#0,org.springframework.transaction.interceptor.TransactionInterceptor#0,org.springframework.transaction.config.internalTransactionAdvisor,dataSource,multipartResolver,org.springframework.context.annotation.ConfigurationClassPostProcessor.importAwareProcessor]; root of factory hierarchy
15:50:38.514 [main] INFO  o.s.scheduling.concurrent.ThreadPoolTaskScheduler:154 - Initializing ExecutorService  'scheduler'
15:50:39.085 [main] INFO  o.h.v.engine.resolver.DefaultTraversableResolver:81 - Instantiated an instance of org.hibernate.validator.engine.resolver.JPATraversableResolver.
15:50:39.231 [Thread-1] INFO  o.s.context.support.GenericApplicationContext:1042 - Closing org.springframework.context.support.GenericApplicationContext@23fdf653: startup date [Wed Nov 08 15:50:36 CST 2017]; root of context hierarchy
15:50:39.232 [Thread-1] INFO  o.s.b.factory.support.DefaultListableBeanFactory:444 - Destroying singletons in org.springframework.beans.factory.support.DefaultListableBeanFactory@668db25b: defining beans [propertyConfigurer,org.springframework.context.annotation.internalAsyncAnnotationProcessor,org.springframework.context.annotation.internalScheduledAnnotationProcessor,scheduler,org.springframework.aop.config.internalAutoProxyCreator,currentUserInterceptor,employeeService,testUserService,vmVehicleService,testTask,org.springframework.context.annotation.internalConfigurationAnnotationProcessor,org.springframework.context.annotation.internalAutowiredAnnotationProcessor,org.springframework.context.annotation.internalRequiredAnnotationProcessor,org.springframework.context.annotation.internalCommonAnnotationProcessor,org.springframework.context.annotation.internalPersistenceAnnotationProcessor,validator,entityManagerFactory,hibernateJpaVendorAdapter,vmVehicleDao,testUserDao,employeeDao,baseDao,sysConfigDao,sysFreeDateDao,callReminderDao,feeMonthRebateDao,org.springframework.data.repository.core.support.RepositoryInterfaceAwareBeanPostProcessor#0,org.springframework.dao.annotation.PersistenceExceptionTranslationPostProcessor#0,transactionManager,org.springframework.transaction.annotation.AnnotationTransactionAttributeSource#0,org.springframework.transaction.interceptor.TransactionInterceptor#0,org.springframework.transaction.config.internalTransactionAdvisor,dataSource,multipartResolver,org.springframework.context.annotation.ConfigurationClassPostProcessor.importAwareProcessor]; root of factory hierarchy
15:50:39.238 [Thread-1] INFO  o.s.scheduling.concurrent.ThreadPoolTaskScheduler:191 - Shutting down ExecutorService 'scheduler'
15:50:39.239 [Thread-1] INFO  o.s.orm.jpa.LocalContainerEntityManagerFactoryBean:441 - Closing JPA EntityManagerFactory for persistence unit 'default'
16:28:03.447 [main] INFO  o.s.beans.factory.xml.XmlBeanDefinitionReader:315 - Loading XML bean definitions from class path resource [applicationContext.xml]
16:28:04.374 [main] INFO  o.s.context.support.GenericApplicationContext:510 - Refreshing org.springframework.context.support.GenericApplicationContext@43fe9a26: startup date [Wed Nov 08 16:28:04 CST 2017]; root of context hierarchy
16:28:04.754 [main] INFO  o.s.b.factory.config.PropertyPlaceholderConfigurer:172 - Loading properties file from class path resource [jdbc.properties]
16:28:04.756 [main] INFO  o.s.b.factory.config.PropertyPlaceholderConfigurer:172 - Loading properties file from class path resource [file.properties]
16:28:05.127 [main] INFO  o.s.jdbc.datasource.DriverManagerDataSource:153 - Loaded JDBC driver: com.microsoft.sqlserver.jdbc.SQLServerDriver
16:28:05.128 [main] INFO  o.s.context.support.GenericApplicationContext:1374 - Bean 'dataSource' of type [class org.springframework.jdbc.datasource.DriverManagerDataSource] is not eligible for getting processed by all BeanPostProcessors (for example: not eligible for auto-proxying)
16:28:05.143 [main] INFO  o.s.context.support.GenericApplicationContext:1374 - Bean 'hibernateJpaVendorAdapter' of type [class org.springframework.orm.jpa.vendor.HibernateJpaVendorAdapter] is not eligible for getting processed by all BeanPostProcessors (for example: not eligible for auto-proxying)
16:28:05.231 [main] INFO  o.s.orm.jpa.LocalContainerEntityManagerFactoryBean:287 - Building JPA container EntityManagerFactory for persistence unit 'default'
16:28:05.426 [main] INFO  org.hibernate.annotations.common.Version:37 - HCANN000001: Hibernate Commons Annotations {4.0.2.Final}
16:28:05.438 [main] INFO  org.hibernate.Version:41 - HHH000412: Hibernate Core {4.2.3.Final}
16:28:05.442 [main] INFO  org.hibernate.cfg.Environment:239 - HHH000206: hibernate.properties not found
16:28:05.444 [main] INFO  org.hibernate.cfg.Environment:342 - HHH000021: Bytecode provider name : javassist
16:28:05.477 [main] INFO  org.hibernate.ejb.Ejb3Configuration:529 - HHH000204: Processing PersistenceUnitInfo [
	name: default
	...]
16:28:05.605 [main] INFO  o.h.s.j.c.internal.ConnectionProviderInitiator:188 - HHH000130: Instantiating explicit connection provider: org.hibernate.ejb.connection.InjectedDataSourceConnectionProvider
16:28:06.020 [main] INFO  org.hibernate.dialect.Dialect:130 - HHH000400: Using dialect: org.hibernate.dialect.SQLServerDialect
16:28:06.260 [main] INFO  o.h.e.t.internal.TransactionFactoryInitiator:73 - HHH000268: Transaction strategy: org.hibernate.engine.transaction.internal.jdbc.JdbcTransactionFactory
16:28:06.268 [main] INFO  o.h.hql.internal.ast.ASTQueryTranslatorFactory:48 - HHH000397: Using ASTQueryTranslatorFactory
16:28:06.311 [main] INFO  org.hibernate.validator.util.Version:56 - Hibernate Validator 4.1.0.Final
16:28:06.318 [main] INFO  o.h.v.engine.resolver.DefaultTraversableResolver:81 - Instantiated an instance of org.hibernate.validator.engine.resolver.JPATraversableResolver.
16:28:06.341 [main] INFO  o.h.v.engine.resolver.DefaultTraversableResolver:81 - Instantiated an instance of org.hibernate.validator.engine.resolver.JPATraversableResolver.
16:28:06.687 [main] INFO  o.s.context.support.GenericApplicationContext:1374 - Bean 'entityManagerFactory' of type [class org.springframework.orm.jpa.LocalContainerEntityManagerFactoryBean] is not eligible for getting processed by all BeanPostProcessors (for example: not eligible for auto-proxying)
16:28:06.702 [main] INFO  o.s.context.support.GenericApplicationContext:1374 - Bean 'org.springframework.transaction.annotation.AnnotationTransactionAttributeSource#0' of type [class org.springframework.transaction.annotation.AnnotationTransactionAttributeSource] is not eligible for getting processed by all BeanPostProcessors (for example: not eligible for auto-proxying)
16:28:06.708 [main] INFO  o.s.context.support.GenericApplicationContext:1374 - Bean 'org.springframework.transaction.config.internalTransactionAdvisor' of type [class org.springframework.transaction.interceptor.BeanFactoryTransactionAttributeSourceAdvisor] is not eligible for getting processed by all BeanPostProcessors (for example: not eligible for auto-proxying)
16:28:06.728 [main] INFO  o.s.b.factory.support.DefaultListableBeanFactory:598 - Pre-instantiating singletons in org.springframework.beans.factory.support.DefaultListableBeanFactory@5efbc9dc: defining beans [propertyConfigurer,org.springframework.context.annotation.internalAsyncAnnotationProcessor,org.springframework.context.annotation.internalScheduledAnnotationProcessor,scheduler,org.springframework.aop.config.internalAutoProxyCreator,currentUserInterceptor,employeeService,testUserService,vmVehicleService,testTask,org.springframework.context.annotation.internalConfigurationAnnotationProcessor,org.springframework.context.annotation.internalAutowiredAnnotationProcessor,org.springframework.context.annotation.internalRequiredAnnotationProcessor,org.springframework.context.annotation.internalCommonAnnotationProcessor,org.springframework.context.annotation.internalPersistenceAnnotationProcessor,validator,entityManagerFactory,hibernateJpaVendorAdapter,sysConfigDao,employeeDao,callReminderDao,baseDao,feeMonthRebateDao,vmVehicleDao,sysFreeDateDao,testUserDao,org.springframework.data.repository.core.support.RepositoryInterfaceAwareBeanPostProcessor#0,org.springframework.dao.annotation.PersistenceExceptionTranslationPostProcessor#0,transactionManager,org.springframework.transaction.annotation.AnnotationTransactionAttributeSource#0,org.springframework.transaction.interceptor.TransactionInterceptor#0,org.springframework.transaction.config.internalTransactionAdvisor,dataSource,multipartResolver,org.springframework.context.annotation.ConfigurationClassPostProcessor.importAwareProcessor]; root of factory hierarchy
16:28:06.741 [main] INFO  o.s.scheduling.concurrent.ThreadPoolTaskScheduler:154 - Initializing ExecutorService  'scheduler'
16:28:07.514 [main] INFO  o.h.v.engine.resolver.DefaultTraversableResolver:81 - Instantiated an instance of org.hibernate.validator.engine.resolver.JPATraversableResolver.
16:28:07.637 [Thread-1] INFO  o.s.context.support.GenericApplicationContext:1042 - Closing org.springframework.context.support.GenericApplicationContext@43fe9a26: startup date [Wed Nov 08 16:28:04 CST 2017]; root of context hierarchy
16:28:07.638 [Thread-1] INFO  o.s.b.factory.support.DefaultListableBeanFactory:444 - Destroying singletons in org.springframework.beans.factory.support.DefaultListableBeanFactory@5efbc9dc: defining beans [propertyConfigurer,org.springframework.context.annotation.internalAsyncAnnotationProcessor,org.springframework.context.annotation.internalScheduledAnnotationProcessor,scheduler,org.springframework.aop.config.internalAutoProxyCreator,currentUserInterceptor,employeeService,testUserService,vmVehicleService,testTask,org.springframework.context.annotation.internalConfigurationAnnotationProcessor,org.springframework.context.annotation.internalAutowiredAnnotationProcessor,org.springframework.context.annotation.internalRequiredAnnotationProcessor,org.springframework.context.annotation.internalCommonAnnotationProcessor,org.springframework.context.annotation.internalPersistenceAnnotationProcessor,validator,entityManagerFactory,hibernateJpaVendorAdapter,sysConfigDao,employeeDao,callReminderDao,baseDao,feeMonthRebateDao,vmVehicleDao,sysFreeDateDao,testUserDao,org.springframework.data.repository.core.support.RepositoryInterfaceAwareBeanPostProcessor#0,org.springframework.dao.annotation.PersistenceExceptionTranslationPostProcessor#0,transactionManager,org.springframework.transaction.annotation.AnnotationTransactionAttributeSource#0,org.springframework.transaction.interceptor.TransactionInterceptor#0,org.springframework.transaction.config.internalTransactionAdvisor,dataSource,multipartResolver,org.springframework.context.annotation.ConfigurationClassPostProcessor.importAwareProcessor]; root of factory hierarchy
16:28:07.647 [Thread-1] INFO  o.s.scheduling.concurrent.ThreadPoolTaskScheduler:191 - Shutting down ExecutorService 'scheduler'
16:28:07.648 [Thread-1] INFO  o.s.orm.jpa.LocalContainerEntityManagerFactoryBean:441 - Closing JPA EntityManagerFactory for persistence unit 'default'
16:32:44.422 [main] INFO  o.s.beans.factory.xml.XmlBeanDefinitionReader:315 - Loading XML bean definitions from class path resource [applicationContext.xml]
16:32:45.516 [main] INFO  o.s.context.support.GenericApplicationContext:510 - Refreshing org.springframework.context.support.GenericApplicationContext@171c50d4: startup date [Wed Nov 08 16:32:45 CST 2017]; root of context hierarchy
16:32:45.835 [main] INFO  o.s.b.factory.config.PropertyPlaceholderConfigurer:172 - Loading properties file from class path resource [jdbc.properties]
16:32:45.838 [main] INFO  o.s.b.factory.config.PropertyPlaceholderConfigurer:172 - Loading properties file from class path resource [file.properties]
16:32:46.141 [main] INFO  o.s.jdbc.datasource.DriverManagerDataSource:153 - Loaded JDBC driver: com.microsoft.sqlserver.jdbc.SQLServerDriver
16:32:46.142 [main] INFO  o.s.context.support.GenericApplicationContext:1374 - Bean 'dataSource' of type [class org.springframework.jdbc.datasource.DriverManagerDataSource] is not eligible for getting processed by all BeanPostProcessors (for example: not eligible for auto-proxying)
16:32:46.162 [main] INFO  o.s.context.support.GenericApplicationContext:1374 - Bean 'hibernateJpaVendorAdapter' of type [class org.springframework.orm.jpa.vendor.HibernateJpaVendorAdapter] is not eligible for getting processed by all BeanPostProcessors (for example: not eligible for auto-proxying)
16:32:46.245 [main] INFO  o.s.orm.jpa.LocalContainerEntityManagerFactoryBean:287 - Building JPA container EntityManagerFactory for persistence unit 'default'
16:32:46.445 [main] INFO  org.hibernate.annotations.common.Version:37 - HCANN000001: Hibernate Commons Annotations {4.0.2.Final}
16:32:46.456 [main] INFO  org.hibernate.Version:41 - HHH000412: Hibernate Core {4.2.3.Final}
16:32:46.458 [main] INFO  org.hibernate.cfg.Environment:239 - HHH000206: hibernate.properties not found
16:32:46.461 [main] INFO  org.hibernate.cfg.Environment:342 - HHH000021: Bytecode provider name : javassist
16:32:46.491 [main] INFO  org.hibernate.ejb.Ejb3Configuration:529 - HHH000204: Processing PersistenceUnitInfo [
	name: default
	...]
16:32:46.638 [main] INFO  o.h.s.j.c.internal.ConnectionProviderInitiator:188 - HHH000130: Instantiating explicit connection provider: org.hibernate.ejb.connection.InjectedDataSourceConnectionProvider
16:32:47.222 [main] INFO  org.hibernate.dialect.Dialect:130 - HHH000400: Using dialect: org.hibernate.dialect.SQLServerDialect
16:32:47.542 [main] INFO  o.h.e.t.internal.TransactionFactoryInitiator:73 - HHH000268: Transaction strategy: org.hibernate.engine.transaction.internal.jdbc.JdbcTransactionFactory
16:32:47.548 [main] INFO  o.h.hql.internal.ast.ASTQueryTranslatorFactory:48 - HHH000397: Using ASTQueryTranslatorFactory
16:32:47.591 [main] INFO  org.hibernate.validator.util.Version:56 - Hibernate Validator 4.1.0.Final
16:32:47.597 [main] INFO  o.h.v.engine.resolver.DefaultTraversableResolver:81 - Instantiated an instance of org.hibernate.validator.engine.resolver.JPATraversableResolver.
16:32:47.620 [main] INFO  o.h.v.engine.resolver.DefaultTraversableResolver:81 - Instantiated an instance of org.hibernate.validator.engine.resolver.JPATraversableResolver.
16:32:47.960 [main] INFO  o.s.context.support.GenericApplicationContext:1374 - Bean 'entityManagerFactory' of type [class org.springframework.orm.jpa.LocalContainerEntityManagerFactoryBean] is not eligible for getting processed by all BeanPostProcessors (for example: not eligible for auto-proxying)
16:32:47.975 [main] INFO  o.s.context.support.GenericApplicationContext:1374 - Bean 'org.springframework.transaction.annotation.AnnotationTransactionAttributeSource#0' of type [class org.springframework.transaction.annotation.AnnotationTransactionAttributeSource] is not eligible for getting processed by all BeanPostProcessors (for example: not eligible for auto-proxying)
16:32:47.981 [main] INFO  o.s.context.support.GenericApplicationContext:1374 - Bean 'org.springframework.transaction.config.internalTransactionAdvisor' of type [class org.springframework.transaction.interceptor.BeanFactoryTransactionAttributeSourceAdvisor] is not eligible for getting processed by all BeanPostProcessors (for example: not eligible for auto-proxying)
16:32:48.008 [main] INFO  o.s.b.factory.support.DefaultListableBeanFactory:598 - Pre-instantiating singletons in org.springframework.beans.factory.support.DefaultListableBeanFactory@e7bc1f9: defining beans [propertyConfigurer,org.springframework.context.annotation.internalAsyncAnnotationProcessor,org.springframework.context.annotation.internalScheduledAnnotationProcessor,scheduler,org.springframework.aop.config.internalAutoProxyCreator,currentUserInterceptor,employeeService,testUserService,vmVehicleService,testTask,org.springframework.context.annotation.internalConfigurationAnnotationProcessor,org.springframework.context.annotation.internalAutowiredAnnotationProcessor,org.springframework.context.annotation.internalRequiredAnnotationProcessor,org.springframework.context.annotation.internalCommonAnnotationProcessor,org.springframework.context.annotation.internalPersistenceAnnotationProcessor,validator,entityManagerFactory,hibernateJpaVendorAdapter,baseDao,sysConfigDao,employeeDao,sysFreeDateDao,testUserDao,callReminderDao,feeMonthRebateDao,vmVehicleDao,org.springframework.data.repository.core.support.RepositoryInterfaceAwareBeanPostProcessor#0,org.springframework.dao.annotation.PersistenceExceptionTranslationPostProcessor#0,transactionManager,org.springframework.transaction.annotation.AnnotationTransactionAttributeSource#0,org.springframework.transaction.interceptor.TransactionInterceptor#0,org.springframework.transaction.config.internalTransactionAdvisor,dataSource,multipartResolver,org.springframework.context.annotation.ConfigurationClassPostProcessor.importAwareProcessor]; root of factory hierarchy
16:32:48.022 [main] INFO  o.s.scheduling.concurrent.ThreadPoolTaskScheduler:154 - Initializing ExecutorService  'scheduler'
16:32:48.757 [main] INFO  o.h.v.engine.resolver.DefaultTraversableResolver:81 - Instantiated an instance of org.hibernate.validator.engine.resolver.JPATraversableResolver.
16:32:49.014 [Thread-1] INFO  o.s.context.support.GenericApplicationContext:1042 - Closing org.springframework.context.support.GenericApplicationContext@171c50d4: startup date [Wed Nov 08 16:32:45 CST 2017]; root of context hierarchy
16:32:49.016 [Thread-1] INFO  o.s.b.factory.support.DefaultListableBeanFactory:444 - Destroying singletons in org.springframework.beans.factory.support.DefaultListableBeanFactory@e7bc1f9: defining beans [propertyConfigurer,org.springframework.context.annotation.internalAsyncAnnotationProcessor,org.springframework.context.annotation.internalScheduledAnnotationProcessor,scheduler,org.springframework.aop.config.internalAutoProxyCreator,currentUserInterceptor,employeeService,testUserService,vmVehicleService,testTask,org.springframework.context.annotation.internalConfigurationAnnotationProcessor,org.springframework.context.annotation.internalAutowiredAnnotationProcessor,org.springframework.context.annotation.internalRequiredAnnotationProcessor,org.springframework.context.annotation.internalCommonAnnotationProcessor,org.springframework.context.annotation.internalPersistenceAnnotationProcessor,validator,entityManagerFactory,hibernateJpaVendorAdapter,baseDao,sysConfigDao,employeeDao,sysFreeDateDao,testUserDao,callReminderDao,feeMonthRebateDao,vmVehicleDao,org.springframework.data.repository.core.support.RepositoryInterfaceAwareBeanPostProcessor#0,org.springframework.dao.annotation.PersistenceExceptionTranslationPostProcessor#0,transactionManager,org.springframework.transaction.annotation.AnnotationTransactionAttributeSource#0,org.springframework.transaction.interceptor.TransactionInterceptor#0,org.springframework.transaction.config.internalTransactionAdvisor,dataSource,multipartResolver,org.springframework.context.annotation.ConfigurationClassPostProcessor.importAwareProcessor]; root of factory hierarchy
16:32:49.026 [Thread-1] INFO  o.s.scheduling.concurrent.ThreadPoolTaskScheduler:191 - Shutting down ExecutorService 'scheduler'
16:32:49.027 [Thread-1] INFO  o.s.orm.jpa.LocalContainerEntityManagerFactoryBean:441 - Closing JPA EntityManagerFactory for persistence unit 'default'
16:47:03.436 [main] INFO  o.s.beans.factory.xml.XmlBeanDefinitionReader:315 - Loading XML bean definitions from class path resource [applicationContext.xml]
16:47:04.639 [main] INFO  o.s.context.support.GenericApplicationContext:510 - Refreshing org.springframework.context.support.GenericApplicationContext@171c50d4: startup date [Wed Nov 08 16:47:04 CST 2017]; root of context hierarchy
16:47:04.907 [main] INFO  o.s.b.factory.config.PropertyPlaceholderConfigurer:172 - Loading properties file from class path resource [jdbc.properties]
16:47:04.909 [main] INFO  o.s.b.factory.config.PropertyPlaceholderConfigurer:172 - Loading properties file from class path resource [file.properties]
16:47:05.233 [main] INFO  o.s.jdbc.datasource.DriverManagerDataSource:153 - Loaded JDBC driver: com.microsoft.sqlserver.jdbc.SQLServerDriver
16:47:05.234 [main] INFO  o.s.context.support.GenericApplicationContext:1374 - Bean 'dataSource' of type [class org.springframework.jdbc.datasource.DriverManagerDataSource] is not eligible for getting processed by all BeanPostProcessors (for example: not eligible for auto-proxying)
16:47:05.248 [main] INFO  o.s.context.support.GenericApplicationContext:1374 - Bean 'hibernateJpaVendorAdapter' of type [class org.springframework.orm.jpa.vendor.HibernateJpaVendorAdapter] is not eligible for getting processed by all BeanPostProcessors (for example: not eligible for auto-proxying)
16:47:05.318 [main] INFO  o.s.orm.jpa.LocalContainerEntityManagerFactoryBean:287 - Building JPA container EntityManagerFactory for persistence unit 'default'
16:47:05.481 [main] INFO  org.hibernate.annotations.common.Version:37 - HCANN000001: Hibernate Commons Annotations {4.0.2.Final}
16:47:05.491 [main] INFO  org.hibernate.Version:41 - HHH000412: Hibernate Core {4.2.3.Final}
16:47:05.493 [main] INFO  org.hibernate.cfg.Environment:239 - HHH000206: hibernate.properties not found
16:47:05.495 [main] INFO  org.hibernate.cfg.Environment:342 - HHH000021: Bytecode provider name : javassist
16:47:05.524 [main] INFO  org.hibernate.ejb.Ejb3Configuration:529 - HHH000204: Processing PersistenceUnitInfo [
	name: default
	...]
16:47:05.660 [main] INFO  o.h.s.j.c.internal.ConnectionProviderInitiator:188 - HHH000130: Instantiating explicit connection provider: org.hibernate.ejb.connection.InjectedDataSourceConnectionProvider
16:47:06.071 [main] INFO  org.hibernate.dialect.Dialect:130 - HHH000400: Using dialect: org.hibernate.dialect.SQLServerDialect
16:47:06.341 [main] INFO  o.h.e.t.internal.TransactionFactoryInitiator:73 - HHH000268: Transaction strategy: org.hibernate.engine.transaction.internal.jdbc.JdbcTransactionFactory
16:47:06.351 [main] INFO  o.h.hql.internal.ast.ASTQueryTranslatorFactory:48 - HHH000397: Using ASTQueryTranslatorFactory
16:47:06.406 [main] INFO  org.hibernate.validator.util.Version:56 - Hibernate Validator 4.1.0.Final
16:47:06.415 [main] INFO  o.h.v.engine.resolver.DefaultTraversableResolver:81 - Instantiated an instance of org.hibernate.validator.engine.resolver.JPATraversableResolver.
16:47:06.446 [main] INFO  o.h.v.engine.resolver.DefaultTraversableResolver:81 - Instantiated an instance of org.hibernate.validator.engine.resolver.JPATraversableResolver.
16:47:06.791 [main] INFO  o.s.context.support.GenericApplicationContext:1374 - Bean 'entityManagerFactory' of type [class org.springframework.orm.jpa.LocalContainerEntityManagerFactoryBean] is not eligible for getting processed by all BeanPostProcessors (for example: not eligible for auto-proxying)
16:47:06.806 [main] INFO  o.s.context.support.GenericApplicationContext:1374 - Bean 'org.springframework.transaction.annotation.AnnotationTransactionAttributeSource#0' of type [class org.springframework.transaction.annotation.AnnotationTransactionAttributeSource] is not eligible for getting processed by all BeanPostProcessors (for example: not eligible for auto-proxying)
16:47:06.812 [main] INFO  o.s.context.support.GenericApplicationContext:1374 - Bean 'org.springframework.transaction.config.internalTransactionAdvisor' of type [class org.springframework.transaction.interceptor.BeanFactoryTransactionAttributeSourceAdvisor] is not eligible for getting processed by all BeanPostProcessors (for example: not eligible for auto-proxying)
16:47:06.839 [main] INFO  o.s.b.factory.support.DefaultListableBeanFactory:598 - Pre-instantiating singletons in org.springframework.beans.factory.support.DefaultListableBeanFactory@e7bc1f9: defining beans [propertyConfigurer,org.springframework.context.annotation.internalAsyncAnnotationProcessor,org.springframework.context.annotation.internalScheduledAnnotationProcessor,scheduler,org.springframework.aop.config.internalAutoProxyCreator,currentUserInterceptor,employeeService,testUserService,vmVehicleService,testTask,org.springframework.context.annotation.internalConfigurationAnnotationProcessor,org.springframework.context.annotation.internalAutowiredAnnotationProcessor,org.springframework.context.annotation.internalRequiredAnnotationProcessor,org.springframework.context.annotation.internalCommonAnnotationProcessor,org.springframework.context.annotation.internalPersistenceAnnotationProcessor,validator,entityManagerFactory,hibernateJpaVendorAdapter,baseDao,sysConfigDao,employeeDao,sysFreeDateDao,testUserDao,callReminderDao,feeMonthRebateDao,vmVehicleDao,org.springframework.data.repository.core.support.RepositoryInterfaceAwareBeanPostProcessor#0,org.springframework.dao.annotation.PersistenceExceptionTranslationPostProcessor#0,transactionManager,org.springframework.transaction.annotation.AnnotationTransactionAttributeSource#0,org.springframework.transaction.interceptor.TransactionInterceptor#0,org.springframework.transaction.config.internalTransactionAdvisor,dataSource,multipartResolver,org.springframework.context.annotation.ConfigurationClassPostProcessor.importAwareProcessor]; root of factory hierarchy
16:47:06.853 [main] INFO  o.s.scheduling.concurrent.ThreadPoolTaskScheduler:154 - Initializing ExecutorService  'scheduler'
16:47:07.551 [main] INFO  o.h.v.engine.resolver.DefaultTraversableResolver:81 - Instantiated an instance of org.hibernate.validator.engine.resolver.JPATraversableResolver.
16:47:07.744 [Thread-1] INFO  o.s.context.support.GenericApplicationContext:1042 - Closing org.springframework.context.support.GenericApplicationContext@171c50d4: startup date [Wed Nov 08 16:47:04 CST 2017]; root of context hierarchy
16:47:07.748 [Thread-1] INFO  o.s.b.factory.support.DefaultListableBeanFactory:444 - Destroying singletons in org.springframework.beans.factory.support.DefaultListableBeanFactory@e7bc1f9: defining beans [propertyConfigurer,org.springframework.context.annotation.internalAsyncAnnotationProcessor,org.springframework.context.annotation.internalScheduledAnnotationProcessor,scheduler,org.springframework.aop.config.internalAutoProxyCreator,currentUserInterceptor,employeeService,testUserService,vmVehicleService,testTask,org.springframework.context.annotation.internalConfigurationAnnotationProcessor,org.springframework.context.annotation.internalAutowiredAnnotationProcessor,org.springframework.context.annotation.internalRequiredAnnotationProcessor,org.springframework.context.annotation.internalCommonAnnotationProcessor,org.springframework.context.annotation.internalPersistenceAnnotationProcessor,validator,entityManagerFactory,hibernateJpaVendorAdapter,baseDao,sysConfigDao,employeeDao,sysFreeDateDao,testUserDao,callReminderDao,feeMonthRebateDao,vmVehicleDao,org.springframework.data.repository.core.support.RepositoryInterfaceAwareBeanPostProcessor#0,org.springframework.dao.annotation.PersistenceExceptionTranslationPostProcessor#0,transactionManager,org.springframework.transaction.annotation.AnnotationTransactionAttributeSource#0,org.springframework.transaction.interceptor.TransactionInterceptor#0,org.springframework.transaction.config.internalTransactionAdvisor,dataSource,multipartResolver,org.springframework.context.annotation.ConfigurationClassPostProcessor.importAwareProcessor]; root of factory hierarchy
16:47:07.754 [Thread-1] INFO  o.s.scheduling.concurrent.ThreadPoolTaskScheduler:191 - Shutting down ExecutorService 'scheduler'
16:47:07.755 [Thread-1] INFO  o.s.orm.jpa.LocalContainerEntityManagerFactoryBean:441 - Closing JPA EntityManagerFactory for persistence unit 'default'
