15:44:31.669 [main] ERROR org.hibernate.hql.internal.ast.ErrorCounter:54 - line 1:23: unexpected token: count
15:44:31.675 [main] ERROR org.hibernate.hql.internal.ast.ErrorCounter:50 - line 1:23: unexpected token: count
antlr.NoViableAltException: unexpected token: count
	at org.hibernate.hql.internal.antlr.HqlBaseParser.atom(HqlBaseParser.java:3556) [hibernate-core-4.2.3.Final.jar:4.2.3.Final]
	at org.hibernate.hql.internal.antlr.HqlBaseParser.unaryExpression(HqlBaseParser.java:3250) [hibernate-core-4.2.3.Final.jar:4.2.3.Final]
	at org.hibernate.hql.internal.antlr.HqlBaseParser.multiplyExpression(HqlBaseParser.java:3122) [hibernate-core-4.2.3.Final.jar:4.2.3.Final]
	at org.hibernate.hql.internal.antlr.HqlBaseParser.additiveExpression(HqlBaseParser.java:2828) [hibernate-core-4.2.3.Final.jar:4.2.3.Final]
	at org.hibernate.hql.internal.antlr.HqlBaseParser.concatenation(HqlBaseParser.java:568) [hibernate-core-4.2.3.Final.jar:4.2.3.Final]
	at org.hibernate.hql.internal.antlr.HqlBaseParser.relationalExpression(HqlBaseParser.java:2595) [hibernate-core-4.2.3.Final.jar:4.2.3.Final]
	at org.hibernate.hql.internal.antlr.HqlBaseParser.equalityExpression(HqlBaseParser.java:2456) [hibernate-core-4.2.3.Final.jar:4.2.3.Final]
	at org.hibernate.hql.internal.antlr.HqlBaseParser.negatedExpression(HqlBaseParser.java:2420) [hibernate-core-4.2.3.Final.jar:4.2.3.Final]
	at org.hibernate.hql.internal.antlr.HqlBaseParser.logicalAndExpression(HqlBaseParser.java:2336) [hibernate-core-4.2.3.Final.jar:4.2.3.Final]
	at org.hibernate.hql.internal.antlr.HqlBaseParser.logicalOrExpression(HqlBaseParser.java:2301) [hibernate-core-4.2.3.Final.jar:4.2.3.Final]
	at org.hibernate.hql.internal.antlr.HqlBaseParser.expression(HqlBaseParser.java:2011) [hibernate-core-4.2.3.Final.jar:4.2.3.Final]
	at org.hibernate.hql.internal.antlr.HqlBaseParser.aliasedExpression(HqlBaseParser.java:2254) [hibernate-core-4.2.3.Final.jar:4.2.3.Final]
	at org.hibernate.hql.internal.antlr.HqlBaseParser.selectedPropertiesList(HqlBaseParser.java:1384) [hibernate-core-4.2.3.Final.jar:4.2.3.Final]
	at org.hibernate.hql.internal.antlr.HqlBaseParser.selectClause(HqlBaseParser.java:1294) [hibernate-core-4.2.3.Final.jar:4.2.3.Final]
	at org.hibernate.hql.internal.antlr.HqlBaseParser.selectFrom(HqlBaseParser.java:1031) [hibernate-core-4.2.3.Final.jar:4.2.3.Final]
	at org.hibernate.hql.internal.antlr.HqlBaseParser.queryRule(HqlBaseParser.java:701) [hibernate-core-4.2.3.Final.jar:4.2.3.Final]
	at org.hibernate.hql.internal.antlr.HqlBaseParser.selectStatement(HqlBaseParser.java:294) [hibernate-core-4.2.3.Final.jar:4.2.3.Final]
	at org.hibernate.hql.internal.antlr.HqlBaseParser.statement(HqlBaseParser.java:157) [hibernate-core-4.2.3.Final.jar:4.2.3.Final]
	at org.hibernate.hql.internal.ast.QueryTranslatorImpl.parse(QueryTranslatorImpl.java:267) [hibernate-core-4.2.3.Final.jar:4.2.3.Final]
	at org.hibernate.hql.internal.ast.QueryTranslatorImpl.doCompile(QueryTranslatorImpl.java:181) [hibernate-core-4.2.3.Final.jar:4.2.3.Final]
	at org.hibernate.hql.internal.ast.QueryTranslatorImpl.compile(QueryTranslatorImpl.java:137) [hibernate-core-4.2.3.Final.jar:4.2.3.Final]
	at org.hibernate.engine.query.spi.HQLQueryPlan.<init>(HQLQueryPlan.java:105) [hibernate-core-4.2.3.Final.jar:4.2.3.Final]
	at org.hibernate.engine.query.spi.HQLQueryPlan.<init>(HQLQueryPlan.java:80) [hibernate-core-4.2.3.Final.jar:4.2.3.Final]
	at org.hibernate.engine.query.spi.QueryPlanCache.getHQLQueryPlan(QueryPlanCache.java:168) [hibernate-core-4.2.3.Final.jar:4.2.3.Final]
	at org.hibernate.internal.AbstractSessionImpl.getHQLQueryPlan(AbstractSessionImpl.java:221) [hibernate-core-4.2.3.Final.jar:4.2.3.Final]
	at org.hibernate.internal.AbstractSessionImpl.createQuery(AbstractSessionImpl.java:199) [hibernate-core-4.2.3.Final.jar:4.2.3.Final]
	at org.hibernate.internal.SessionImpl.createQuery(SessionImpl.java:1778) [hibernate-core-4.2.3.Final.jar:4.2.3.Final]
	at org.hibernate.ejb.AbstractEntityManagerImpl.createQuery(AbstractEntityManagerImpl.java:291) [hibernate-entitymanager-4.2.3.Final.jar:4.2.3.Final]
	at sun.reflect.NativeMethodAccessorImpl.invoke0(Native Method) ~[na:1.7.0_13]
	at sun.reflect.NativeMethodAccessorImpl.invoke(NativeMethodAccessorImpl.java:57) ~[na:1.7.0_13]
	at sun.reflect.DelegatingMethodAccessorImpl.invoke(DelegatingMethodAccessorImpl.java:43) ~[na:1.7.0_13]
	at java.lang.reflect.Method.invoke(Method.java:601) ~[na:1.7.0_13]
	at org.springframework.orm.jpa.ExtendedEntityManagerCreator$ExtendedEntityManagerInvocationHandler.invoke(ExtendedEntityManagerCreator.java:366) [spring-orm-3.2.8.RELEASE.jar:3.2.8.RELEASE]
	at sun.proxy.$Proxy29.createQuery(Unknown Source) [na:na]
	at sun.reflect.NativeMethodAccessorImpl.invoke0(Native Method) ~[na:1.7.0_13]
	at sun.reflect.NativeMethodAccessorImpl.invoke(NativeMethodAccessorImpl.java:57) ~[na:1.7.0_13]
	at sun.reflect.DelegatingMethodAccessorImpl.invoke(DelegatingMethodAccessorImpl.java:43) ~[na:1.7.0_13]
	at java.lang.reflect.Method.invoke(Method.java:601) ~[na:1.7.0_13]
	at org.springframework.orm.jpa.SharedEntityManagerCreator$SharedEntityManagerInvocationHandler.invoke(SharedEntityManagerCreator.java:241) [spring-orm-3.2.8.RELEASE.jar:3.2.8.RELEASE]
	at sun.proxy.$Proxy29.createQuery(Unknown Source) [na:na]
	at org.springframework.data.jpa.repository.query.SimpleJpaQuery.<init>(SimpleJpaQuery.java:67) [spring-data-jpa-1.3.2.RELEASE.jar:na]
	at org.springframework.data.jpa.repository.query.SimpleJpaQuery.fromQueryAnnotation(SimpleJpaQuery.java:138) [spring-data-jpa-1.3.2.RELEASE.jar:na]
	at org.springframework.data.jpa.repository.query.JpaQueryLookupStrategy$DeclaredQueryLookupStrategy.resolveQuery(JpaQueryLookupStrategy.java:114) [spring-data-jpa-1.3.2.RELEASE.jar:na]
	at org.springframework.data.jpa.repository.query.JpaQueryLookupStrategy$CreateIfNotFoundQueryLookupStrategy.resolveQuery(JpaQueryLookupStrategy.java:160) [spring-data-jpa-1.3.2.RELEASE.jar:na]
	at org.springframework.data.jpa.repository.query.JpaQueryLookupStrategy$AbstractQueryLookupStrategy.resolveQuery(JpaQueryLookupStrategy.java:68) [spring-data-jpa-1.3.2.RELEASE.jar:na]
	at org.springframework.data.repository.core.support.RepositoryFactorySupport$QueryExecutorMethodInterceptor.<init>(RepositoryFactorySupport.java:279) [spring-data-commons-1.5.1.RELEASE.jar:na]
	at org.springframework.data.repository.core.support.RepositoryFactorySupport.getRepository(RepositoryFactorySupport.java:147) [spring-data-commons-1.5.1.RELEASE.jar:na]
	at org.springframework.data.repository.core.support.RepositoryFactoryBeanSupport.getObject(RepositoryFactoryBeanSupport.java:153) [spring-data-commons-1.5.1.RELEASE.jar:na]
	at org.springframework.data.repository.core.support.RepositoryFactoryBeanSupport.getObject(RepositoryFactoryBeanSupport.java:43) [spring-data-commons-1.5.1.RELEASE.jar:na]
	at org.springframework.beans.factory.support.FactoryBeanRegistrySupport.doGetObjectFromFactoryBean(FactoryBeanRegistrySupport.java:142) [spring-beans-3.2.8.RELEASE.jar:3.2.8.RELEASE]
	at org.springframework.beans.factory.support.FactoryBeanRegistrySupport.getObjectFromFactoryBean(FactoryBeanRegistrySupport.java:102) [spring-beans-3.2.8.RELEASE.jar:3.2.8.RELEASE]
	at org.springframework.beans.factory.support.AbstractBeanFactory.getObjectForBeanInstance(AbstractBeanFactory.java:1468) [spring-beans-3.2.8.RELEASE.jar:3.2.8.RELEASE]
	at org.springframework.beans.factory.support.AbstractBeanFactory.doGetBean(AbstractBeanFactory.java:307) [spring-beans-3.2.8.RELEASE.jar:3.2.8.RELEASE]
	at org.springframework.beans.factory.support.AbstractBeanFactory.getBean(AbstractBeanFactory.java:194) [spring-beans-3.2.8.RELEASE.jar:3.2.8.RELEASE]
	at org.springframework.beans.factory.support.DefaultListableBeanFactory.findAutowireCandidates(DefaultListableBeanFactory.java:912) [spring-beans-3.2.8.RELEASE.jar:3.2.8.RELEASE]
	at org.springframework.beans.factory.support.DefaultListableBeanFactory.doResolveDependency(DefaultListableBeanFactory.java:855) [spring-beans-3.2.8.RELEASE.jar:3.2.8.RELEASE]
	at org.springframework.beans.factory.support.DefaultListableBeanFactory.resolveDependency(DefaultListableBeanFactory.java:770) [spring-beans-3.2.8.RELEASE.jar:3.2.8.RELEASE]
	at org.springframework.beans.factory.annotation.AutowiredAnnotationBeanPostProcessor$AutowiredFieldElement.inject(AutowiredAnnotationBeanPostProcessor.java:489) [spring-beans-3.2.8.RELEASE.jar:3.2.8.RELEASE]
	at org.springframework.beans.factory.annotation.InjectionMetadata.inject(InjectionMetadata.java:87) [spring-beans-3.2.8.RELEASE.jar:3.2.8.RELEASE]
	at org.springframework.beans.factory.annotation.AutowiredAnnotationBeanPostProcessor.postProcessPropertyValues(AutowiredAnnotationBeanPostProcessor.java:286) [spring-beans-3.2.8.RELEASE.jar:3.2.8.RELEASE]
	at org.springframework.beans.factory.support.AbstractAutowireCapableBeanFactory.populateBean(AbstractAutowireCapableBeanFactory.java:1146) [spring-beans-3.2.8.RELEASE.jar:3.2.8.RELEASE]
	at org.springframework.beans.factory.support.AbstractAutowireCapableBeanFactory.doCreateBean(AbstractAutowireCapableBeanFactory.java:519) [spring-beans-3.2.8.RELEASE.jar:3.2.8.RELEASE]
	at org.springframework.beans.factory.support.AbstractAutowireCapableBeanFactory.createBean(AbstractAutowireCapableBeanFactory.java:458) [spring-beans-3.2.8.RELEASE.jar:3.2.8.RELEASE]
	at org.springframework.beans.factory.support.AbstractBeanFactory$1.getObject(AbstractBeanFactory.java:296) [spring-beans-3.2.8.RELEASE.jar:3.2.8.RELEASE]
	at org.springframework.beans.factory.support.DefaultSingletonBeanRegistry.getSingleton(DefaultSingletonBeanRegistry.java:223) [spring-beans-3.2.8.RELEASE.jar:3.2.8.RELEASE]
	at org.springframework.beans.factory.support.AbstractBeanFactory.doGetBean(AbstractBeanFactory.java:293) [spring-beans-3.2.8.RELEASE.jar:3.2.8.RELEASE]
	at org.springframework.beans.factory.support.AbstractBeanFactory.getBean(AbstractBeanFactory.java:194) [spring-beans-3.2.8.RELEASE.jar:3.2.8.RELEASE]
	at org.springframework.beans.factory.support.DefaultListableBeanFactory.preInstantiateSingletons(DefaultListableBeanFactory.java:628) [spring-beans-3.2.8.RELEASE.jar:3.2.8.RELEASE]
	at org.springframework.context.support.AbstractApplicationContext.finishBeanFactoryInitialization(AbstractApplicationContext.java:932) [spring-context-3.2.8.RELEASE.jar:3.2.8.RELEASE]
	at org.springframework.context.support.AbstractApplicationContext.refresh(AbstractApplicationContext.java:479) [spring-context-3.2.8.RELEASE.jar:3.2.8.RELEASE]
	at org.springframework.test.context.support.AbstractGenericContextLoader.loadContext(AbstractGenericContextLoader.java:120) [spring-test-3.2.8.RELEASE.jar:3.2.8.RELEASE]
	at org.springframework.test.context.support.AbstractGenericContextLoader.loadContext(AbstractGenericContextLoader.java:60) [spring-test-3.2.8.RELEASE.jar:3.2.8.RELEASE]
	at org.springframework.test.context.support.AbstractDelegatingSmartContextLoader.delegateLoading(AbstractDelegatingSmartContextLoader.java:100) [spring-test-3.2.8.RELEASE.jar:3.2.8.RELEASE]
	at org.springframework.test.context.support.AbstractDelegatingSmartContextLoader.loadContext(AbstractDelegatingSmartContextLoader.java:248) [spring-test-3.2.8.RELEASE.jar:3.2.8.RELEASE]
	at org.springframework.test.context.CacheAwareContextLoaderDelegate.loadContextInternal(CacheAwareContextLoaderDelegate.java:64) [spring-test-3.2.8.RELEASE.jar:3.2.8.RELEASE]
	at org.springframework.test.context.CacheAwareContextLoaderDelegate.loadContext(CacheAwareContextLoaderDelegate.java:91) [spring-test-3.2.8.RELEASE.jar:3.2.8.RELEASE]
	at org.springframework.test.context.TestContext.getApplicationContext(TestContext.java:122) [spring-test-3.2.8.RELEASE.jar:3.2.8.RELEASE]
	at org.springframework.test.context.support.DependencyInjectionTestExecutionListener.injectDependencies(DependencyInjectionTestExecutionListener.java:109) [spring-test-3.2.8.RELEASE.jar:3.2.8.RELEASE]
	at org.springframework.test.context.support.DependencyInjectionTestExecutionListener.prepareTestInstance(DependencyInjectionTestExecutionListener.java:75) [spring-test-3.2.8.RELEASE.jar:3.2.8.RELEASE]
	at org.springframework.test.context.TestContextManager.prepareTestInstance(TestContextManager.java:307) [spring-test-3.2.8.RELEASE.jar:3.2.8.RELEASE]
	at org.springframework.test.context.junit4.SpringJUnit4ClassRunner.createTest(SpringJUnit4ClassRunner.java:211) [spring-test-3.2.8.RELEASE.jar:3.2.8.RELEASE]
	at org.springframework.test.context.junit4.SpringJUnit4ClassRunner$1.runReflectiveCall(SpringJUnit4ClassRunner.java:288) [spring-test-3.2.8.RELEASE.jar:3.2.8.RELEASE]
	at org.junit.internal.runners.model.ReflectiveCallable.run(ReflectiveCallable.java:12) [junit-4.11.jar:na]
	at org.springframework.test.context.junit4.SpringJUnit4ClassRunner.methodBlock(SpringJUnit4ClassRunner.java:284) [spring-test-3.2.8.RELEASE.jar:3.2.8.RELEASE]
	at org.springframework.test.context.junit4.SpringJUnit4ClassRunner.runChild(SpringJUnit4ClassRunner.java:231) [spring-test-3.2.8.RELEASE.jar:3.2.8.RELEASE]
	at org.springframework.test.context.junit4.SpringJUnit4ClassRunner.runChild(SpringJUnit4ClassRunner.java:88) [spring-test-3.2.8.RELEASE.jar:3.2.8.RELEASE]
	at org.junit.runners.ParentRunner$3.run(ParentRunner.java:238) [junit-4.11.jar:na]
	at org.junit.runners.ParentRunner$1.schedule(ParentRunner.java:63) [junit-4.11.jar:na]
	at org.junit.runners.ParentRunner.runChildren(ParentRunner.java:236) [junit-4.11.jar:na]
	at org.junit.runners.ParentRunner.access$000(ParentRunner.java:53) [junit-4.11.jar:na]
	at org.junit.runners.ParentRunner$2.evaluate(ParentRunner.java:229) [junit-4.11.jar:na]
	at org.springframework.test.context.junit4.statements.RunBeforeTestClassCallbacks.evaluate(RunBeforeTestClassCallbacks.java:61) [spring-test-3.2.8.RELEASE.jar:3.2.8.RELEASE]
	at org.springframework.test.context.junit4.statements.RunAfterTestClassCallbacks.evaluate(RunAfterTestClassCallbacks.java:71) [spring-test-3.2.8.RELEASE.jar:3.2.8.RELEASE]
	at org.junit.runners.ParentRunner.run(ParentRunner.java:309) [junit-4.11.jar:na]
	at org.springframework.test.context.junit4.SpringJUnit4ClassRunner.run(SpringJUnit4ClassRunner.java:174) [spring-test-3.2.8.RELEASE.jar:3.2.8.RELEASE]
	at org.junit.runner.JUnitCore.run(JUnitCore.java:160) [junit-4.11.jar:na]
	at com.intellij.junit4.JUnit4IdeaTestRunner.startRunnerWithArgs(JUnit4IdeaTestRunner.java:74) [junit-rt.jar:na]
	at com.intellij.rt.execution.junit.JUnitStarter.prepareStreamsAndStart(JUnitStarter.java:211) [junit-rt.jar:na]
	at com.intellij.rt.execution.junit.JUnitStarter.main(JUnitStarter.java:67) [junit-rt.jar:na]
	at sun.reflect.NativeMethodAccessorImpl.invoke0(Native Method) ~[na:1.7.0_13]
	at sun.reflect.NativeMethodAccessorImpl.invoke(NativeMethodAccessorImpl.java:57) ~[na:1.7.0_13]
	at sun.reflect.DelegatingMethodAccessorImpl.invoke(DelegatingMethodAccessorImpl.java:43) ~[na:1.7.0_13]
	at java.lang.reflect.Method.invoke(Method.java:601) ~[na:1.7.0_13]
	at com.intellij.rt.execution.application.AppMain.main(AppMain.java:134) [idea_rt.jar:na]
15:44:31.717 [main] ERROR o.springframework.test.context.TestContextManager:309 - Caught exception while allowing TestExecutionListener [org.springframework.test.context.support.DependencyInjectionTestExecutionListener@7915b3e] to prepare test instance [gmms.service.UsersServiceTest@57fd4753]
java.lang.IllegalStateException: Failed to load ApplicationContext
	at org.springframework.test.context.CacheAwareContextLoaderDelegate.loadContext(CacheAwareContextLoaderDelegate.java:99) ~[spring-test-3.2.8.RELEASE.jar:3.2.8.RELEASE]
	at org.springframework.test.context.TestContext.getApplicationContext(TestContext.java:122) ~[spring-test-3.2.8.RELEASE.jar:3.2.8.RELEASE]
	at org.springframework.test.context.support.DependencyInjectionTestExecutionListener.injectDependencies(DependencyInjectionTestExecutionListener.java:109) ~[spring-test-3.2.8.RELEASE.jar:3.2.8.RELEASE]
	at org.springframework.test.context.support.DependencyInjectionTestExecutionListener.prepareTestInstance(DependencyInjectionTestExecutionListener.java:75) ~[spring-test-3.2.8.RELEASE.jar:3.2.8.RELEASE]
	at org.springframework.test.context.TestContextManager.prepareTestInstance(TestContextManager.java:307) ~[spring-test-3.2.8.RELEASE.jar:3.2.8.RELEASE]
	at org.springframework.test.context.junit4.SpringJUnit4ClassRunner.createTest(SpringJUnit4ClassRunner.java:211) [spring-test-3.2.8.RELEASE.jar:3.2.8.RELEASE]
	at org.springframework.test.context.junit4.SpringJUnit4ClassRunner$1.runReflectiveCall(SpringJUnit4ClassRunner.java:288) [spring-test-3.2.8.RELEASE.jar:3.2.8.RELEASE]
	at org.junit.internal.runners.model.ReflectiveCallable.run(ReflectiveCallable.java:12) [junit-4.11.jar:na]
	at org.springframework.test.context.junit4.SpringJUnit4ClassRunner.methodBlock(SpringJUnit4ClassRunner.java:284) [spring-test-3.2.8.RELEASE.jar:3.2.8.RELEASE]
	at org.springframework.test.context.junit4.SpringJUnit4ClassRunner.runChild(SpringJUnit4ClassRunner.java:231) [spring-test-3.2.8.RELEASE.jar:3.2.8.RELEASE]
	at org.springframework.test.context.junit4.SpringJUnit4ClassRunner.runChild(SpringJUnit4ClassRunner.java:88) [spring-test-3.2.8.RELEASE.jar:3.2.8.RELEASE]
	at org.junit.runners.ParentRunner$3.run(ParentRunner.java:238) [junit-4.11.jar:na]
	at org.junit.runners.ParentRunner$1.schedule(ParentRunner.java:63) [junit-4.11.jar:na]
	at org.junit.runners.ParentRunner.runChildren(ParentRunner.java:236) [junit-4.11.jar:na]
	at org.junit.runners.ParentRunner.access$000(ParentRunner.java:53) [junit-4.11.jar:na]
	at org.junit.runners.ParentRunner$2.evaluate(ParentRunner.java:229) [junit-4.11.jar:na]
	at org.springframework.test.context.junit4.statements.RunBeforeTestClassCallbacks.evaluate(RunBeforeTestClassCallbacks.java:61) [spring-test-3.2.8.RELEASE.jar:3.2.8.RELEASE]
	at org.springframework.test.context.junit4.statements.RunAfterTestClassCallbacks.evaluate(RunAfterTestClassCallbacks.java:71) [spring-test-3.2.8.RELEASE.jar:3.2.8.RELEASE]
	at org.junit.runners.ParentRunner.run(ParentRunner.java:309) [junit-4.11.jar:na]
	at org.springframework.test.context.junit4.SpringJUnit4ClassRunner.run(SpringJUnit4ClassRunner.java:174) [spring-test-3.2.8.RELEASE.jar:3.2.8.RELEASE]
	at org.junit.runner.JUnitCore.run(JUnitCore.java:160) [junit-4.11.jar:na]
	at com.intellij.junit4.JUnit4IdeaTestRunner.startRunnerWithArgs(JUnit4IdeaTestRunner.java:74) [junit-rt.jar:na]
	at com.intellij.rt.execution.junit.JUnitStarter.prepareStreamsAndStart(JUnitStarter.java:211) [junit-rt.jar:na]
	at com.intellij.rt.execution.junit.JUnitStarter.main(JUnitStarter.java:67) [junit-rt.jar:na]
	at sun.reflect.NativeMethodAccessorImpl.invoke0(Native Method) ~[na:1.7.0_13]
	at sun.reflect.NativeMethodAccessorImpl.invoke(NativeMethodAccessorImpl.java:57) ~[na:1.7.0_13]
	at sun.reflect.DelegatingMethodAccessorImpl.invoke(DelegatingMethodAccessorImpl.java:43) ~[na:1.7.0_13]
	at java.lang.reflect.Method.invoke(Method.java:601) ~[na:1.7.0_13]
	at com.intellij.rt.execution.application.AppMain.main(AppMain.java:134) [idea_rt.jar:na]
Caused by: org.springframework.beans.factory.BeanCreationException: Error creating bean with name 'vmVehicleService': Injection of autowired dependencies failed; nested exception is org.springframework.beans.factory.BeanCreationException: Could not autowire field: private gmms.dao.CallReminderDao gmms.service.VmVehicleService.callReminderDao; nested exception is org.springframework.beans.factory.BeanCreationException: Error creating bean with name 'callReminderDao': FactoryBean threw exception on object creation; nested exception is java.lang.IllegalArgumentException: org.hibernate.hql.internal.ast.QuerySyntaxException: unexpected token: count near line 1, column 23 [select cr.vehicleType count(id) from gmms.domain.db.CallReminder cr  where userID=?  group by VehicleType]
	at org.springframework.beans.factory.annotation.AutowiredAnnotationBeanPostProcessor.postProcessPropertyValues(AutowiredAnnotationBeanPostProcessor.java:289) ~[spring-beans-3.2.8.RELEASE.jar:3.2.8.RELEASE]
	at org.springframework.beans.factory.support.AbstractAutowireCapableBeanFactory.populateBean(AbstractAutowireCapableBeanFactory.java:1146) ~[spring-beans-3.2.8.RELEASE.jar:3.2.8.RELEASE]
	at org.springframework.beans.factory.support.AbstractAutowireCapableBeanFactory.doCreateBean(AbstractAutowireCapableBeanFactory.java:519) ~[spring-beans-3.2.8.RELEASE.jar:3.2.8.RELEASE]
	at org.springframework.beans.factory.support.AbstractAutowireCapableBeanFactory.createBean(AbstractAutowireCapableBeanFactory.java:458) ~[spring-beans-3.2.8.RELEASE.jar:3.2.8.RELEASE]
	at org.springframework.beans.factory.support.AbstractBeanFactory$1.getObject(AbstractBeanFactory.java:296) ~[spring-beans-3.2.8.RELEASE.jar:3.2.8.RELEASE]
	at org.springframework.beans.factory.support.DefaultSingletonBeanRegistry.getSingleton(DefaultSingletonBeanRegistry.java:223) ~[spring-beans-3.2.8.RELEASE.jar:3.2.8.RELEASE]
	at org.springframework.beans.factory.support.AbstractBeanFactory.doGetBean(AbstractBeanFactory.java:293) ~[spring-beans-3.2.8.RELEASE.jar:3.2.8.RELEASE]
	at org.springframework.beans.factory.support.AbstractBeanFactory.getBean(AbstractBeanFactory.java:194) ~[spring-beans-3.2.8.RELEASE.jar:3.2.8.RELEASE]
	at org.springframework.beans.factory.support.DefaultListableBeanFactory.preInstantiateSingletons(DefaultListableBeanFactory.java:628) ~[spring-beans-3.2.8.RELEASE.jar:3.2.8.RELEASE]
	at org.springframework.context.support.AbstractApplicationContext.finishBeanFactoryInitialization(AbstractApplicationContext.java:932) ~[spring-context-3.2.8.RELEASE.jar:3.2.8.RELEASE]
	at org.springframework.context.support.AbstractApplicationContext.refresh(AbstractApplicationContext.java:479) ~[spring-context-3.2.8.RELEASE.jar:3.2.8.RELEASE]
	at org.springframework.test.context.support.AbstractGenericContextLoader.loadContext(AbstractGenericContextLoader.java:120) ~[spring-test-3.2.8.RELEASE.jar:3.2.8.RELEASE]
	at org.springframework.test.context.support.AbstractGenericContextLoader.loadContext(AbstractGenericContextLoader.java:60) ~[spring-test-3.2.8.RELEASE.jar:3.2.8.RELEASE]
	at org.springframework.test.context.support.AbstractDelegatingSmartContextLoader.delegateLoading(AbstractDelegatingSmartContextLoader.java:100) ~[spring-test-3.2.8.RELEASE.jar:3.2.8.RELEASE]
	at org.springframework.test.context.support.AbstractDelegatingSmartContextLoader.loadContext(AbstractDelegatingSmartContextLoader.java:248) ~[spring-test-3.2.8.RELEASE.jar:3.2.8.RELEASE]
	at org.springframework.test.context.CacheAwareContextLoaderDelegate.loadContextInternal(CacheAwareContextLoaderDelegate.java:64) ~[spring-test-3.2.8.RELEASE.jar:3.2.8.RELEASE]
	at org.springframework.test.context.CacheAwareContextLoaderDelegate.loadContext(CacheAwareContextLoaderDelegate.java:91) ~[spring-test-3.2.8.RELEASE.jar:3.2.8.RELEASE]
	... 28 common frames omitted
Caused by: org.springframework.beans.factory.BeanCreationException: Could not autowire field: private gmms.dao.CallReminderDao gmms.service.VmVehicleService.callReminderDao; nested exception is org.springframework.beans.factory.BeanCreationException: Error creating bean with name 'callReminderDao': FactoryBean threw exception on object creation; nested exception is java.lang.IllegalArgumentException: org.hibernate.hql.internal.ast.QuerySyntaxException: unexpected token: count near line 1, column 23 [select cr.vehicleType count(id) from gmms.domain.db.CallReminder cr  where userID=?  group by VehicleType]
	at org.springframework.beans.factory.annotation.AutowiredAnnotationBeanPostProcessor$AutowiredFieldElement.inject(AutowiredAnnotationBeanPostProcessor.java:517) ~[spring-beans-3.2.8.RELEASE.jar:3.2.8.RELEASE]
	at org.springframework.beans.factory.annotation.InjectionMetadata.inject(InjectionMetadata.java:87) ~[spring-beans-3.2.8.RELEASE.jar:3.2.8.RELEASE]
	at org.springframework.beans.factory.annotation.AutowiredAnnotationBeanPostProcessor.postProcessPropertyValues(AutowiredAnnotationBeanPostProcessor.java:286) ~[spring-beans-3.2.8.RELEASE.jar:3.2.8.RELEASE]
	... 44 common frames omitted
Caused by: org.springframework.beans.factory.BeanCreationException: Error creating bean with name 'callReminderDao': FactoryBean threw exception on object creation; nested exception is java.lang.IllegalArgumentException: org.hibernate.hql.internal.ast.QuerySyntaxException: unexpected token: count near line 1, column 23 [select cr.vehicleType count(id) from gmms.domain.db.CallReminder cr  where userID=?  group by VehicleType]
	at org.springframework.beans.factory.support.FactoryBeanRegistrySupport.doGetObjectFromFactoryBean(FactoryBeanRegistrySupport.java:149) ~[spring-beans-3.2.8.RELEASE.jar:3.2.8.RELEASE]
	at org.springframework.beans.factory.support.FactoryBeanRegistrySupport.getObjectFromFactoryBean(FactoryBeanRegistrySupport.java:102) ~[spring-beans-3.2.8.RELEASE.jar:3.2.8.RELEASE]
	at org.springframework.beans.factory.support.AbstractBeanFactory.getObjectForBeanInstance(AbstractBeanFactory.java:1468) ~[spring-beans-3.2.8.RELEASE.jar:3.2.8.RELEASE]
	at org.springframework.beans.factory.support.AbstractBeanFactory.doGetBean(AbstractBeanFactory.java:307) ~[spring-beans-3.2.8.RELEASE.jar:3.2.8.RELEASE]
	at org.springframework.beans.factory.support.AbstractBeanFactory.getBean(AbstractBeanFactory.java:194) ~[spring-beans-3.2.8.RELEASE.jar:3.2.8.RELEASE]
	at org.springframework.beans.factory.support.DefaultListableBeanFactory.findAutowireCandidates(DefaultListableBeanFactory.java:912) ~[spring-beans-3.2.8.RELEASE.jar:3.2.8.RELEASE]
	at org.springframework.beans.factory.support.DefaultListableBeanFactory.doResolveDependency(DefaultListableBeanFactory.java:855) ~[spring-beans-3.2.8.RELEASE.jar:3.2.8.RELEASE]
	at org.springframework.beans.factory.support.DefaultListableBeanFactory.resolveDependency(DefaultListableBeanFactory.java:770) ~[spring-beans-3.2.8.RELEASE.jar:3.2.8.RELEASE]
	at org.springframework.beans.factory.annotation.AutowiredAnnotationBeanPostProcessor$AutowiredFieldElement.inject(AutowiredAnnotationBeanPostProcessor.java:489) ~[spring-beans-3.2.8.RELEASE.jar:3.2.8.RELEASE]
	... 46 common frames omitted
Caused by: java.lang.IllegalArgumentException: org.hibernate.hql.internal.ast.QuerySyntaxException: unexpected token: count near line 1, column 23 [select cr.vehicleType count(id) from gmms.domain.db.CallReminder cr  where userID=?  group by VehicleType]
	at org.hibernate.ejb.AbstractEntityManagerImpl.convert(AbstractEntityManagerImpl.java:1374) ~[hibernate-entitymanager-4.2.3.Final.jar:4.2.3.Final]
	at org.hibernate.ejb.AbstractEntityManagerImpl.convert(AbstractEntityManagerImpl.java:1310) ~[hibernate-entitymanager-4.2.3.Final.jar:4.2.3.Final]
	at org.hibernate.ejb.AbstractEntityManagerImpl.createQuery(AbstractEntityManagerImpl.java:294) ~[hibernate-entitymanager-4.2.3.Final.jar:4.2.3.Final]
	at sun.reflect.NativeMethodAccessorImpl.invoke0(Native Method) ~[na:1.7.0_13]
	at sun.reflect.NativeMethodAccessorImpl.invoke(NativeMethodAccessorImpl.java:57) ~[na:1.7.0_13]
	at sun.reflect.DelegatingMethodAccessorImpl.invoke(DelegatingMethodAccessorImpl.java:43) ~[na:1.7.0_13]
	at java.lang.reflect.Method.invoke(Method.java:601) ~[na:1.7.0_13]
	at org.springframework.orm.jpa.ExtendedEntityManagerCreator$ExtendedEntityManagerInvocationHandler.invoke(ExtendedEntityManagerCreator.java:366) ~[spring-orm-3.2.8.RELEASE.jar:3.2.8.RELEASE]
	at sun.proxy.$Proxy29.createQuery(Unknown Source) ~[na:na]
	at sun.reflect.NativeMethodAccessorImpl.invoke0(Native Method) ~[na:1.7.0_13]
	at sun.reflect.NativeMethodAccessorImpl.invoke(NativeMethodAccessorImpl.java:57) ~[na:1.7.0_13]
	at sun.reflect.DelegatingMethodAccessorImpl.invoke(DelegatingMethodAccessorImpl.java:43) ~[na:1.7.0_13]
	at java.lang.reflect.Method.invoke(Method.java:601) ~[na:1.7.0_13]
	at org.springframework.orm.jpa.SharedEntityManagerCreator$SharedEntityManagerInvocationHandler.invoke(SharedEntityManagerCreator.java:241) ~[spring-orm-3.2.8.RELEASE.jar:3.2.8.RELEASE]
	at sun.proxy.$Proxy29.createQuery(Unknown Source) ~[na:na]
	at org.springframework.data.jpa.repository.query.SimpleJpaQuery.<init>(SimpleJpaQuery.java:67) ~[spring-data-jpa-1.3.2.RELEASE.jar:na]
	at org.springframework.data.jpa.repository.query.SimpleJpaQuery.fromQueryAnnotation(SimpleJpaQuery.java:138) ~[spring-data-jpa-1.3.2.RELEASE.jar:na]
	at org.springframework.data.jpa.repository.query.JpaQueryLookupStrategy$DeclaredQueryLookupStrategy.resolveQuery(JpaQueryLookupStrategy.java:114) ~[spring-data-jpa-1.3.2.RELEASE.jar:na]
	at org.springframework.data.jpa.repository.query.JpaQueryLookupStrategy$CreateIfNotFoundQueryLookupStrategy.resolveQuery(JpaQueryLookupStrategy.java:160) ~[spring-data-jpa-1.3.2.RELEASE.jar:na]
	at org.springframework.data.jpa.repository.query.JpaQueryLookupStrategy$AbstractQueryLookupStrategy.resolveQuery(JpaQueryLookupStrategy.java:68) ~[spring-data-jpa-1.3.2.RELEASE.jar:na]
	at org.springframework.data.repository.core.support.RepositoryFactorySupport$QueryExecutorMethodInterceptor.<init>(RepositoryFactorySupport.java:279) ~[spring-data-commons-1.5.1.RELEASE.jar:na]
	at org.springframework.data.repository.core.support.RepositoryFactorySupport.getRepository(RepositoryFactorySupport.java:147) ~[spring-data-commons-1.5.1.RELEASE.jar:na]
	at org.springframework.data.repository.core.support.RepositoryFactoryBeanSupport.getObject(RepositoryFactoryBeanSupport.java:153) ~[spring-data-commons-1.5.1.RELEASE.jar:na]
	at org.springframework.data.repository.core.support.RepositoryFactoryBeanSupport.getObject(RepositoryFactoryBeanSupport.java:43) ~[spring-data-commons-1.5.1.RELEASE.jar:na]
	at org.springframework.beans.factory.support.FactoryBeanRegistrySupport.doGetObjectFromFactoryBean(FactoryBeanRegistrySupport.java:142) ~[spring-beans-3.2.8.RELEASE.jar:3.2.8.RELEASE]
	... 54 common frames omitted
Caused by: org.hibernate.hql.internal.ast.QuerySyntaxException: unexpected token: count near line 1, column 23 [select cr.vehicleType count(id) from gmms.domain.db.CallReminder cr  where userID=?  group by VehicleType]
	at org.hibernate.hql.internal.ast.QuerySyntaxException.convert(QuerySyntaxException.java:54) ~[hibernate-core-4.2.3.Final.jar:4.2.3.Final]
	at org.hibernate.hql.internal.ast.QuerySyntaxException.convert(QuerySyntaxException.java:47) ~[hibernate-core-4.2.3.Final.jar:4.2.3.Final]
	at org.hibernate.hql.internal.ast.ErrorCounter.throwQueryException(ErrorCounter.java:79) ~[hibernate-core-4.2.3.Final.jar:4.2.3.Final]
	at org.hibernate.hql.internal.ast.QueryTranslatorImpl.parse(QueryTranslatorImpl.java:277) ~[hibernate-core-4.2.3.Final.jar:4.2.3.Final]
	at org.hibernate.hql.internal.ast.QueryTranslatorImpl.doCompile(QueryTranslatorImpl.java:181) ~[hibernate-core-4.2.3.Final.jar:4.2.3.Final]
	at org.hibernate.hql.internal.ast.QueryTranslatorImpl.compile(QueryTranslatorImpl.java:137) ~[hibernate-core-4.2.3.Final.jar:4.2.3.Final]
	at org.hibernate.engine.query.spi.HQLQueryPlan.<init>(HQLQueryPlan.java:105) ~[hibernate-core-4.2.3.Final.jar:4.2.3.Final]
	at org.hibernate.engine.query.spi.HQLQueryPlan.<init>(HQLQueryPlan.java:80) ~[hibernate-core-4.2.3.Final.jar:4.2.3.Final]
	at org.hibernate.engine.query.spi.QueryPlanCache.getHQLQueryPlan(QueryPlanCache.java:168) ~[hibernate-core-4.2.3.Final.jar:4.2.3.Final]
	at org.hibernate.internal.AbstractSessionImpl.getHQLQueryPlan(AbstractSessionImpl.java:221) ~[hibernate-core-4.2.3.Final.jar:4.2.3.Final]
	at org.hibernate.internal.AbstractSessionImpl.createQuery(AbstractSessionImpl.java:199) ~[hibernate-core-4.2.3.Final.jar:4.2.3.Final]
	at org.hibernate.internal.SessionImpl.createQuery(SessionImpl.java:1778) ~[hibernate-core-4.2.3.Final.jar:4.2.3.Final]
	at org.hibernate.ejb.AbstractEntityManagerImpl.createQuery(AbstractEntityManagerImpl.java:291) ~[hibernate-entitymanager-4.2.3.Final.jar:4.2.3.Final]
	... 76 common frames omitted
15:47:51.904 [main] ERROR org.hibernate.hql.internal.ast.ErrorCounter:54 - line 1:23: unexpected token: count
15:47:51.912 [main] ERROR org.hibernate.hql.internal.ast.ErrorCounter:50 - line 1:23: unexpected token: count
antlr.NoViableAltException: unexpected token: count
	at org.hibernate.hql.internal.antlr.HqlBaseParser.atom(HqlBaseParser.java:3556) [hibernate-core-4.2.3.Final.jar:4.2.3.Final]
	at org.hibernate.hql.internal.antlr.HqlBaseParser.unaryExpression(HqlBaseParser.java:3250) [hibernate-core-4.2.3.Final.jar:4.2.3.Final]
	at org.hibernate.hql.internal.antlr.HqlBaseParser.multiplyExpression(HqlBaseParser.java:3122) [hibernate-core-4.2.3.Final.jar:4.2.3.Final]
	at org.hibernate.hql.internal.antlr.HqlBaseParser.additiveExpression(HqlBaseParser.java:2828) [hibernate-core-4.2.3.Final.jar:4.2.3.Final]
	at org.hibernate.hql.internal.antlr.HqlBaseParser.concatenation(HqlBaseParser.java:568) [hibernate-core-4.2.3.Final.jar:4.2.3.Final]
	at org.hibernate.hql.internal.antlr.HqlBaseParser.relationalExpression(HqlBaseParser.java:2595) [hibernate-core-4.2.3.Final.jar:4.2.3.Final]
	at org.hibernate.hql.internal.antlr.HqlBaseParser.equalityExpression(HqlBaseParser.java:2456) [hibernate-core-4.2.3.Final.jar:4.2.3.Final]
	at org.hibernate.hql.internal.antlr.HqlBaseParser.negatedExpression(HqlBaseParser.java:2420) [hibernate-core-4.2.3.Final.jar:4.2.3.Final]
	at org.hibernate.hql.internal.antlr.HqlBaseParser.logicalAndExpression(HqlBaseParser.java:2336) [hibernate-core-4.2.3.Final.jar:4.2.3.Final]
	at org.hibernate.hql.internal.antlr.HqlBaseParser.logicalOrExpression(HqlBaseParser.java:2301) [hibernate-core-4.2.3.Final.jar:4.2.3.Final]
	at org.hibernate.hql.internal.antlr.HqlBaseParser.expression(HqlBaseParser.java:2011) [hibernate-core-4.2.3.Final.jar:4.2.3.Final]
	at org.hibernate.hql.internal.antlr.HqlBaseParser.aliasedExpression(HqlBaseParser.java:2254) [hibernate-core-4.2.3.Final.jar:4.2.3.Final]
	at org.hibernate.hql.internal.antlr.HqlBaseParser.selectedPropertiesList(HqlBaseParser.java:1384) [hibernate-core-4.2.3.Final.jar:4.2.3.Final]
	at org.hibernate.hql.internal.antlr.HqlBaseParser.selectClause(HqlBaseParser.java:1294) [hibernate-core-4.2.3.Final.jar:4.2.3.Final]
	at org.hibernate.hql.internal.antlr.HqlBaseParser.selectFrom(HqlBaseParser.java:1031) [hibernate-core-4.2.3.Final.jar:4.2.3.Final]
	at org.hibernate.hql.internal.antlr.HqlBaseParser.queryRule(HqlBaseParser.java:701) [hibernate-core-4.2.3.Final.jar:4.2.3.Final]
	at org.hibernate.hql.internal.antlr.HqlBaseParser.selectStatement(HqlBaseParser.java:294) [hibernate-core-4.2.3.Final.jar:4.2.3.Final]
	at org.hibernate.hql.internal.antlr.HqlBaseParser.statement(HqlBaseParser.java:157) [hibernate-core-4.2.3.Final.jar:4.2.3.Final]
	at org.hibernate.hql.internal.ast.QueryTranslatorImpl.parse(QueryTranslatorImpl.java:267) [hibernate-core-4.2.3.Final.jar:4.2.3.Final]
	at org.hibernate.hql.internal.ast.QueryTranslatorImpl.doCompile(QueryTranslatorImpl.java:181) [hibernate-core-4.2.3.Final.jar:4.2.3.Final]
	at org.hibernate.hql.internal.ast.QueryTranslatorImpl.compile(QueryTranslatorImpl.java:137) [hibernate-core-4.2.3.Final.jar:4.2.3.Final]
	at org.hibernate.engine.query.spi.HQLQueryPlan.<init>(HQLQueryPlan.java:105) [hibernate-core-4.2.3.Final.jar:4.2.3.Final]
	at org.hibernate.engine.query.spi.HQLQueryPlan.<init>(HQLQueryPlan.java:80) [hibernate-core-4.2.3.Final.jar:4.2.3.Final]
	at org.hibernate.engine.query.spi.QueryPlanCache.getHQLQueryPlan(QueryPlanCache.java:168) [hibernate-core-4.2.3.Final.jar:4.2.3.Final]
	at org.hibernate.internal.AbstractSessionImpl.getHQLQueryPlan(AbstractSessionImpl.java:221) [hibernate-core-4.2.3.Final.jar:4.2.3.Final]
	at org.hibernate.internal.AbstractSessionImpl.createQuery(AbstractSessionImpl.java:199) [hibernate-core-4.2.3.Final.jar:4.2.3.Final]
	at org.hibernate.internal.SessionImpl.createQuery(SessionImpl.java:1778) [hibernate-core-4.2.3.Final.jar:4.2.3.Final]
	at org.hibernate.ejb.AbstractEntityManagerImpl.createQuery(AbstractEntityManagerImpl.java:291) [hibernate-entitymanager-4.2.3.Final.jar:4.2.3.Final]
	at sun.reflect.NativeMethodAccessorImpl.invoke0(Native Method) ~[na:1.7.0_13]
	at sun.reflect.NativeMethodAccessorImpl.invoke(NativeMethodAccessorImpl.java:57) ~[na:1.7.0_13]
	at sun.reflect.DelegatingMethodAccessorImpl.invoke(DelegatingMethodAccessorImpl.java:43) ~[na:1.7.0_13]
	at java.lang.reflect.Method.invoke(Method.java:601) ~[na:1.7.0_13]
	at org.springframework.orm.jpa.ExtendedEntityManagerCreator$ExtendedEntityManagerInvocationHandler.invoke(ExtendedEntityManagerCreator.java:366) [spring-orm-3.2.8.RELEASE.jar:3.2.8.RELEASE]
	at sun.proxy.$Proxy29.createQuery(Unknown Source) [na:na]
	at sun.reflect.NativeMethodAccessorImpl.invoke0(Native Method) ~[na:1.7.0_13]
	at sun.reflect.NativeMethodAccessorImpl.invoke(NativeMethodAccessorImpl.java:57) ~[na:1.7.0_13]
	at sun.reflect.DelegatingMethodAccessorImpl.invoke(DelegatingMethodAccessorImpl.java:43) ~[na:1.7.0_13]
	at java.lang.reflect.Method.invoke(Method.java:601) ~[na:1.7.0_13]
	at org.springframework.orm.jpa.SharedEntityManagerCreator$SharedEntityManagerInvocationHandler.invoke(SharedEntityManagerCreator.java:241) [spring-orm-3.2.8.RELEASE.jar:3.2.8.RELEASE]
	at sun.proxy.$Proxy29.createQuery(Unknown Source) [na:na]
	at org.springframework.data.jpa.repository.query.SimpleJpaQuery.<init>(SimpleJpaQuery.java:67) [spring-data-jpa-1.3.2.RELEASE.jar:na]
	at org.springframework.data.jpa.repository.query.SimpleJpaQuery.fromQueryAnnotation(SimpleJpaQuery.java:138) [spring-data-jpa-1.3.2.RELEASE.jar:na]
	at org.springframework.data.jpa.repository.query.JpaQueryLookupStrategy$DeclaredQueryLookupStrategy.resolveQuery(JpaQueryLookupStrategy.java:114) [spring-data-jpa-1.3.2.RELEASE.jar:na]
	at org.springframework.data.jpa.repository.query.JpaQueryLookupStrategy$CreateIfNotFoundQueryLookupStrategy.resolveQuery(JpaQueryLookupStrategy.java:160) [spring-data-jpa-1.3.2.RELEASE.jar:na]
	at org.springframework.data.jpa.repository.query.JpaQueryLookupStrategy$AbstractQueryLookupStrategy.resolveQuery(JpaQueryLookupStrategy.java:68) [spring-data-jpa-1.3.2.RELEASE.jar:na]
	at org.springframework.data.repository.core.support.RepositoryFactorySupport$QueryExecutorMethodInterceptor.<init>(RepositoryFactorySupport.java:279) [spring-data-commons-1.5.1.RELEASE.jar:na]
	at org.springframework.data.repository.core.support.RepositoryFactorySupport.getRepository(RepositoryFactorySupport.java:147) [spring-data-commons-1.5.1.RELEASE.jar:na]
	at org.springframework.data.repository.core.support.RepositoryFactoryBeanSupport.getObject(RepositoryFactoryBeanSupport.java:153) [spring-data-commons-1.5.1.RELEASE.jar:na]
	at org.springframework.data.repository.core.support.RepositoryFactoryBeanSupport.getObject(RepositoryFactoryBeanSupport.java:43) [spring-data-commons-1.5.1.RELEASE.jar:na]
	at org.springframework.beans.factory.support.FactoryBeanRegistrySupport.doGetObjectFromFactoryBean(FactoryBeanRegistrySupport.java:142) [spring-beans-3.2.8.RELEASE.jar:3.2.8.RELEASE]
	at org.springframework.beans.factory.support.FactoryBeanRegistrySupport.getObjectFromFactoryBean(FactoryBeanRegistrySupport.java:102) [spring-beans-3.2.8.RELEASE.jar:3.2.8.RELEASE]
	at org.springframework.beans.factory.support.AbstractBeanFactory.getObjectForBeanInstance(AbstractBeanFactory.java:1468) [spring-beans-3.2.8.RELEASE.jar:3.2.8.RELEASE]
	at org.springframework.beans.factory.support.AbstractBeanFactory.doGetBean(AbstractBeanFactory.java:307) [spring-beans-3.2.8.RELEASE.jar:3.2.8.RELEASE]
	at org.springframework.beans.factory.support.AbstractBeanFactory.getBean(AbstractBeanFactory.java:194) [spring-beans-3.2.8.RELEASE.jar:3.2.8.RELEASE]
	at org.springframework.beans.factory.support.DefaultListableBeanFactory.findAutowireCandidates(DefaultListableBeanFactory.java:912) [spring-beans-3.2.8.RELEASE.jar:3.2.8.RELEASE]
	at org.springframework.beans.factory.support.DefaultListableBeanFactory.doResolveDependency(DefaultListableBeanFactory.java:855) [spring-beans-3.2.8.RELEASE.jar:3.2.8.RELEASE]
	at org.springframework.beans.factory.support.DefaultListableBeanFactory.resolveDependency(DefaultListableBeanFactory.java:770) [spring-beans-3.2.8.RELEASE.jar:3.2.8.RELEASE]
	at org.springframework.beans.factory.annotation.AutowiredAnnotationBeanPostProcessor$AutowiredFieldElement.inject(AutowiredAnnotationBeanPostProcessor.java:489) [spring-beans-3.2.8.RELEASE.jar:3.2.8.RELEASE]
	at org.springframework.beans.factory.annotation.InjectionMetadata.inject(InjectionMetadata.java:87) [spring-beans-3.2.8.RELEASE.jar:3.2.8.RELEASE]
	at org.springframework.beans.factory.annotation.AutowiredAnnotationBeanPostProcessor.postProcessPropertyValues(AutowiredAnnotationBeanPostProcessor.java:286) [spring-beans-3.2.8.RELEASE.jar:3.2.8.RELEASE]
	at org.springframework.beans.factory.support.AbstractAutowireCapableBeanFactory.populateBean(AbstractAutowireCapableBeanFactory.java:1146) [spring-beans-3.2.8.RELEASE.jar:3.2.8.RELEASE]
	at org.springframework.beans.factory.support.AbstractAutowireCapableBeanFactory.doCreateBean(AbstractAutowireCapableBeanFactory.java:519) [spring-beans-3.2.8.RELEASE.jar:3.2.8.RELEASE]
	at org.springframework.beans.factory.support.AbstractAutowireCapableBeanFactory.createBean(AbstractAutowireCapableBeanFactory.java:458) [spring-beans-3.2.8.RELEASE.jar:3.2.8.RELEASE]
	at org.springframework.beans.factory.support.AbstractBeanFactory$1.getObject(AbstractBeanFactory.java:296) [spring-beans-3.2.8.RELEASE.jar:3.2.8.RELEASE]
	at org.springframework.beans.factory.support.DefaultSingletonBeanRegistry.getSingleton(DefaultSingletonBeanRegistry.java:223) [spring-beans-3.2.8.RELEASE.jar:3.2.8.RELEASE]
	at org.springframework.beans.factory.support.AbstractBeanFactory.doGetBean(AbstractBeanFactory.java:293) [spring-beans-3.2.8.RELEASE.jar:3.2.8.RELEASE]
	at org.springframework.beans.factory.support.AbstractBeanFactory.getBean(AbstractBeanFactory.java:194) [spring-beans-3.2.8.RELEASE.jar:3.2.8.RELEASE]
	at org.springframework.beans.factory.support.DefaultListableBeanFactory.preInstantiateSingletons(DefaultListableBeanFactory.java:628) [spring-beans-3.2.8.RELEASE.jar:3.2.8.RELEASE]
	at org.springframework.context.support.AbstractApplicationContext.finishBeanFactoryInitialization(AbstractApplicationContext.java:932) [spring-context-3.2.8.RELEASE.jar:3.2.8.RELEASE]
	at org.springframework.context.support.AbstractApplicationContext.refresh(AbstractApplicationContext.java:479) [spring-context-3.2.8.RELEASE.jar:3.2.8.RELEASE]
	at org.springframework.test.context.support.AbstractGenericContextLoader.loadContext(AbstractGenericContextLoader.java:120) [spring-test-3.2.8.RELEASE.jar:3.2.8.RELEASE]
	at org.springframework.test.context.support.AbstractGenericContextLoader.loadContext(AbstractGenericContextLoader.java:60) [spring-test-3.2.8.RELEASE.jar:3.2.8.RELEASE]
	at org.springframework.test.context.support.AbstractDelegatingSmartContextLoader.delegateLoading(AbstractDelegatingSmartContextLoader.java:100) [spring-test-3.2.8.RELEASE.jar:3.2.8.RELEASE]
	at org.springframework.test.context.support.AbstractDelegatingSmartContextLoader.loadContext(AbstractDelegatingSmartContextLoader.java:248) [spring-test-3.2.8.RELEASE.jar:3.2.8.RELEASE]
	at org.springframework.test.context.CacheAwareContextLoaderDelegate.loadContextInternal(CacheAwareContextLoaderDelegate.java:64) [spring-test-3.2.8.RELEASE.jar:3.2.8.RELEASE]
	at org.springframework.test.context.CacheAwareContextLoaderDelegate.loadContext(CacheAwareContextLoaderDelegate.java:91) [spring-test-3.2.8.RELEASE.jar:3.2.8.RELEASE]
	at org.springframework.test.context.TestContext.getApplicationContext(TestContext.java:122) [spring-test-3.2.8.RELEASE.jar:3.2.8.RELEASE]
	at org.springframework.test.context.support.DependencyInjectionTestExecutionListener.injectDependencies(DependencyInjectionTestExecutionListener.java:109) [spring-test-3.2.8.RELEASE.jar:3.2.8.RELEASE]
	at org.springframework.test.context.support.DependencyInjectionTestExecutionListener.prepareTestInstance(DependencyInjectionTestExecutionListener.java:75) [spring-test-3.2.8.RELEASE.jar:3.2.8.RELEASE]
	at org.springframework.test.context.TestContextManager.prepareTestInstance(TestContextManager.java:307) [spring-test-3.2.8.RELEASE.jar:3.2.8.RELEASE]
	at org.springframework.test.context.junit4.SpringJUnit4ClassRunner.createTest(SpringJUnit4ClassRunner.java:211) [spring-test-3.2.8.RELEASE.jar:3.2.8.RELEASE]
	at org.springframework.test.context.junit4.SpringJUnit4ClassRunner$1.runReflectiveCall(SpringJUnit4ClassRunner.java:288) [spring-test-3.2.8.RELEASE.jar:3.2.8.RELEASE]
	at org.junit.internal.runners.model.ReflectiveCallable.run(ReflectiveCallable.java:12) [junit-4.11.jar:na]
	at org.springframework.test.context.junit4.SpringJUnit4ClassRunner.methodBlock(SpringJUnit4ClassRunner.java:284) [spring-test-3.2.8.RELEASE.jar:3.2.8.RELEASE]
	at org.springframework.test.context.junit4.SpringJUnit4ClassRunner.runChild(SpringJUnit4ClassRunner.java:231) [spring-test-3.2.8.RELEASE.jar:3.2.8.RELEASE]
	at org.springframework.test.context.junit4.SpringJUnit4ClassRunner.runChild(SpringJUnit4ClassRunner.java:88) [spring-test-3.2.8.RELEASE.jar:3.2.8.RELEASE]
	at org.junit.runners.ParentRunner$3.run(ParentRunner.java:238) [junit-4.11.jar:na]
	at org.junit.runners.ParentRunner$1.schedule(ParentRunner.java:63) [junit-4.11.jar:na]
	at org.junit.runners.ParentRunner.runChildren(ParentRunner.java:236) [junit-4.11.jar:na]
	at org.junit.runners.ParentRunner.access$000(ParentRunner.java:53) [junit-4.11.jar:na]
	at org.junit.runners.ParentRunner$2.evaluate(ParentRunner.java:229) [junit-4.11.jar:na]
	at org.springframework.test.context.junit4.statements.RunBeforeTestClassCallbacks.evaluate(RunBeforeTestClassCallbacks.java:61) [spring-test-3.2.8.RELEASE.jar:3.2.8.RELEASE]
	at org.springframework.test.context.junit4.statements.RunAfterTestClassCallbacks.evaluate(RunAfterTestClassCallbacks.java:71) [spring-test-3.2.8.RELEASE.jar:3.2.8.RELEASE]
	at org.junit.runners.ParentRunner.run(ParentRunner.java:309) [junit-4.11.jar:na]
	at org.springframework.test.context.junit4.SpringJUnit4ClassRunner.run(SpringJUnit4ClassRunner.java:174) [spring-test-3.2.8.RELEASE.jar:3.2.8.RELEASE]
	at org.junit.runner.JUnitCore.run(JUnitCore.java:160) [junit-4.11.jar:na]
	at com.intellij.junit4.JUnit4IdeaTestRunner.startRunnerWithArgs(JUnit4IdeaTestRunner.java:74) [junit-rt.jar:na]
	at com.intellij.rt.execution.junit.JUnitStarter.prepareStreamsAndStart(JUnitStarter.java:211) [junit-rt.jar:na]
	at com.intellij.rt.execution.junit.JUnitStarter.main(JUnitStarter.java:67) [junit-rt.jar:na]
	at sun.reflect.NativeMethodAccessorImpl.invoke0(Native Method) ~[na:1.7.0_13]
	at sun.reflect.NativeMethodAccessorImpl.invoke(NativeMethodAccessorImpl.java:57) ~[na:1.7.0_13]
	at sun.reflect.DelegatingMethodAccessorImpl.invoke(DelegatingMethodAccessorImpl.java:43) ~[na:1.7.0_13]
	at java.lang.reflect.Method.invoke(Method.java:601) ~[na:1.7.0_13]
	at com.intellij.rt.execution.application.AppMain.main(AppMain.java:134) [idea_rt.jar:na]
15:47:51.964 [main] ERROR o.springframework.test.context.TestContextManager:309 - Caught exception while allowing TestExecutionListener [org.springframework.test.context.support.DependencyInjectionTestExecutionListener@7e19f267] to prepare test instance [gmms.service.UsersServiceTest@597988de]
java.lang.IllegalStateException: Failed to load ApplicationContext
	at org.springframework.test.context.CacheAwareContextLoaderDelegate.loadContext(CacheAwareContextLoaderDelegate.java:99) ~[spring-test-3.2.8.RELEASE.jar:3.2.8.RELEASE]
	at org.springframework.test.context.TestContext.getApplicationContext(TestContext.java:122) ~[spring-test-3.2.8.RELEASE.jar:3.2.8.RELEASE]
	at org.springframework.test.context.support.DependencyInjectionTestExecutionListener.injectDependencies(DependencyInjectionTestExecutionListener.java:109) ~[spring-test-3.2.8.RELEASE.jar:3.2.8.RELEASE]
	at org.springframework.test.context.support.DependencyInjectionTestExecutionListener.prepareTestInstance(DependencyInjectionTestExecutionListener.java:75) ~[spring-test-3.2.8.RELEASE.jar:3.2.8.RELEASE]
	at org.springframework.test.context.TestContextManager.prepareTestInstance(TestContextManager.java:307) ~[spring-test-3.2.8.RELEASE.jar:3.2.8.RELEASE]
	at org.springframework.test.context.junit4.SpringJUnit4ClassRunner.createTest(SpringJUnit4ClassRunner.java:211) [spring-test-3.2.8.RELEASE.jar:3.2.8.RELEASE]
	at org.springframework.test.context.junit4.SpringJUnit4ClassRunner$1.runReflectiveCall(SpringJUnit4ClassRunner.java:288) [spring-test-3.2.8.RELEASE.jar:3.2.8.RELEASE]
	at org.junit.internal.runners.model.ReflectiveCallable.run(ReflectiveCallable.java:12) [junit-4.11.jar:na]
	at org.springframework.test.context.junit4.SpringJUnit4ClassRunner.methodBlock(SpringJUnit4ClassRunner.java:284) [spring-test-3.2.8.RELEASE.jar:3.2.8.RELEASE]
	at org.springframework.test.context.junit4.SpringJUnit4ClassRunner.runChild(SpringJUnit4ClassRunner.java:231) [spring-test-3.2.8.RELEASE.jar:3.2.8.RELEASE]
	at org.springframework.test.context.junit4.SpringJUnit4ClassRunner.runChild(SpringJUnit4ClassRunner.java:88) [spring-test-3.2.8.RELEASE.jar:3.2.8.RELEASE]
	at org.junit.runners.ParentRunner$3.run(ParentRunner.java:238) [junit-4.11.jar:na]
	at org.junit.runners.ParentRunner$1.schedule(ParentRunner.java:63) [junit-4.11.jar:na]
	at org.junit.runners.ParentRunner.runChildren(ParentRunner.java:236) [junit-4.11.jar:na]
	at org.junit.runners.ParentRunner.access$000(ParentRunner.java:53) [junit-4.11.jar:na]
	at org.junit.runners.ParentRunner$2.evaluate(ParentRunner.java:229) [junit-4.11.jar:na]
	at org.springframework.test.context.junit4.statements.RunBeforeTestClassCallbacks.evaluate(RunBeforeTestClassCallbacks.java:61) [spring-test-3.2.8.RELEASE.jar:3.2.8.RELEASE]
	at org.springframework.test.context.junit4.statements.RunAfterTestClassCallbacks.evaluate(RunAfterTestClassCallbacks.java:71) [spring-test-3.2.8.RELEASE.jar:3.2.8.RELEASE]
	at org.junit.runners.ParentRunner.run(ParentRunner.java:309) [junit-4.11.jar:na]
	at org.springframework.test.context.junit4.SpringJUnit4ClassRunner.run(SpringJUnit4ClassRunner.java:174) [spring-test-3.2.8.RELEASE.jar:3.2.8.RELEASE]
	at org.junit.runner.JUnitCore.run(JUnitCore.java:160) [junit-4.11.jar:na]
	at com.intellij.junit4.JUnit4IdeaTestRunner.startRunnerWithArgs(JUnit4IdeaTestRunner.java:74) [junit-rt.jar:na]
	at com.intellij.rt.execution.junit.JUnitStarter.prepareStreamsAndStart(JUnitStarter.java:211) [junit-rt.jar:na]
	at com.intellij.rt.execution.junit.JUnitStarter.main(JUnitStarter.java:67) [junit-rt.jar:na]
	at sun.reflect.NativeMethodAccessorImpl.invoke0(Native Method) ~[na:1.7.0_13]
	at sun.reflect.NativeMethodAccessorImpl.invoke(NativeMethodAccessorImpl.java:57) ~[na:1.7.0_13]
	at sun.reflect.DelegatingMethodAccessorImpl.invoke(DelegatingMethodAccessorImpl.java:43) ~[na:1.7.0_13]
	at java.lang.reflect.Method.invoke(Method.java:601) ~[na:1.7.0_13]
	at com.intellij.rt.execution.application.AppMain.main(AppMain.java:134) [idea_rt.jar:na]
Caused by: org.springframework.beans.factory.BeanCreationException: Error creating bean with name 'vmVehicleService': Injection of autowired dependencies failed; nested exception is org.springframework.beans.factory.BeanCreationException: Could not autowire field: private gmms.dao.CallReminderDao gmms.service.VmVehicleService.callReminderDao; nested exception is org.springframework.beans.factory.BeanCreationException: Error creating bean with name 'callReminderDao': FactoryBean threw exception on object creation; nested exception is java.lang.IllegalArgumentException: org.hibernate.hql.internal.ast.QuerySyntaxException: unexpected token: count near line 1, column 23 [select cr.vehicleType count(id) from gmms.domain.db.CallReminder cr  where userID=?  group by vehicleType]
	at org.springframework.beans.factory.annotation.AutowiredAnnotationBeanPostProcessor.postProcessPropertyValues(AutowiredAnnotationBeanPostProcessor.java:289) ~[spring-beans-3.2.8.RELEASE.jar:3.2.8.RELEASE]
	at org.springframework.beans.factory.support.AbstractAutowireCapableBeanFactory.populateBean(AbstractAutowireCapableBeanFactory.java:1146) ~[spring-beans-3.2.8.RELEASE.jar:3.2.8.RELEASE]
	at org.springframework.beans.factory.support.AbstractAutowireCapableBeanFactory.doCreateBean(AbstractAutowireCapableBeanFactory.java:519) ~[spring-beans-3.2.8.RELEASE.jar:3.2.8.RELEASE]
	at org.springframework.beans.factory.support.AbstractAutowireCapableBeanFactory.createBean(AbstractAutowireCapableBeanFactory.java:458) ~[spring-beans-3.2.8.RELEASE.jar:3.2.8.RELEASE]
	at org.springframework.beans.factory.support.AbstractBeanFactory$1.getObject(AbstractBeanFactory.java:296) ~[spring-beans-3.2.8.RELEASE.jar:3.2.8.RELEASE]
	at org.springframework.beans.factory.support.DefaultSingletonBeanRegistry.getSingleton(DefaultSingletonBeanRegistry.java:223) ~[spring-beans-3.2.8.RELEASE.jar:3.2.8.RELEASE]
	at org.springframework.beans.factory.support.AbstractBeanFactory.doGetBean(AbstractBeanFactory.java:293) ~[spring-beans-3.2.8.RELEASE.jar:3.2.8.RELEASE]
	at org.springframework.beans.factory.support.AbstractBeanFactory.getBean(AbstractBeanFactory.java:194) ~[spring-beans-3.2.8.RELEASE.jar:3.2.8.RELEASE]
	at org.springframework.beans.factory.support.DefaultListableBeanFactory.preInstantiateSingletons(DefaultListableBeanFactory.java:628) ~[spring-beans-3.2.8.RELEASE.jar:3.2.8.RELEASE]
	at org.springframework.context.support.AbstractApplicationContext.finishBeanFactoryInitialization(AbstractApplicationContext.java:932) ~[spring-context-3.2.8.RELEASE.jar:3.2.8.RELEASE]
	at org.springframework.context.support.AbstractApplicationContext.refresh(AbstractApplicationContext.java:479) ~[spring-context-3.2.8.RELEASE.jar:3.2.8.RELEASE]
	at org.springframework.test.context.support.AbstractGenericContextLoader.loadContext(AbstractGenericContextLoader.java:120) ~[spring-test-3.2.8.RELEASE.jar:3.2.8.RELEASE]
	at org.springframework.test.context.support.AbstractGenericContextLoader.loadContext(AbstractGenericContextLoader.java:60) ~[spring-test-3.2.8.RELEASE.jar:3.2.8.RELEASE]
	at org.springframework.test.context.support.AbstractDelegatingSmartContextLoader.delegateLoading(AbstractDelegatingSmartContextLoader.java:100) ~[spring-test-3.2.8.RELEASE.jar:3.2.8.RELEASE]
	at org.springframework.test.context.support.AbstractDelegatingSmartContextLoader.loadContext(AbstractDelegatingSmartContextLoader.java:248) ~[spring-test-3.2.8.RELEASE.jar:3.2.8.RELEASE]
	at org.springframework.test.context.CacheAwareContextLoaderDelegate.loadContextInternal(CacheAwareContextLoaderDelegate.java:64) ~[spring-test-3.2.8.RELEASE.jar:3.2.8.RELEASE]
	at org.springframework.test.context.CacheAwareContextLoaderDelegate.loadContext(CacheAwareContextLoaderDelegate.java:91) ~[spring-test-3.2.8.RELEASE.jar:3.2.8.RELEASE]
	... 28 common frames omitted
Caused by: org.springframework.beans.factory.BeanCreationException: Could not autowire field: private gmms.dao.CallReminderDao gmms.service.VmVehicleService.callReminderDao; nested exception is org.springframework.beans.factory.BeanCreationException: Error creating bean with name 'callReminderDao': FactoryBean threw exception on object creation; nested exception is java.lang.IllegalArgumentException: org.hibernate.hql.internal.ast.QuerySyntaxException: unexpected token: count near line 1, column 23 [select cr.vehicleType count(id) from gmms.domain.db.CallReminder cr  where userID=?  group by vehicleType]
	at org.springframework.beans.factory.annotation.AutowiredAnnotationBeanPostProcessor$AutowiredFieldElement.inject(AutowiredAnnotationBeanPostProcessor.java:517) ~[spring-beans-3.2.8.RELEASE.jar:3.2.8.RELEASE]
	at org.springframework.beans.factory.annotation.InjectionMetadata.inject(InjectionMetadata.java:87) ~[spring-beans-3.2.8.RELEASE.jar:3.2.8.RELEASE]
	at org.springframework.beans.factory.annotation.AutowiredAnnotationBeanPostProcessor.postProcessPropertyValues(AutowiredAnnotationBeanPostProcessor.java:286) ~[spring-beans-3.2.8.RELEASE.jar:3.2.8.RELEASE]
	... 44 common frames omitted
Caused by: org.springframework.beans.factory.BeanCreationException: Error creating bean with name 'callReminderDao': FactoryBean threw exception on object creation; nested exception is java.lang.IllegalArgumentException: org.hibernate.hql.internal.ast.QuerySyntaxException: unexpected token: count near line 1, column 23 [select cr.vehicleType count(id) from gmms.domain.db.CallReminder cr  where userID=?  group by vehicleType]
	at org.springframework.beans.factory.support.FactoryBeanRegistrySupport.doGetObjectFromFactoryBean(FactoryBeanRegistrySupport.java:149) ~[spring-beans-3.2.8.RELEASE.jar:3.2.8.RELEASE]
	at org.springframework.beans.factory.support.FactoryBeanRegistrySupport.getObjectFromFactoryBean(FactoryBeanRegistrySupport.java:102) ~[spring-beans-3.2.8.RELEASE.jar:3.2.8.RELEASE]
	at org.springframework.beans.factory.support.AbstractBeanFactory.getObjectForBeanInstance(AbstractBeanFactory.java:1468) ~[spring-beans-3.2.8.RELEASE.jar:3.2.8.RELEASE]
	at org.springframework.beans.factory.support.AbstractBeanFactory.doGetBean(AbstractBeanFactory.java:307) ~[spring-beans-3.2.8.RELEASE.jar:3.2.8.RELEASE]
	at org.springframework.beans.factory.support.AbstractBeanFactory.getBean(AbstractBeanFactory.java:194) ~[spring-beans-3.2.8.RELEASE.jar:3.2.8.RELEASE]
	at org.springframework.beans.factory.support.DefaultListableBeanFactory.findAutowireCandidates(DefaultListableBeanFactory.java:912) ~[spring-beans-3.2.8.RELEASE.jar:3.2.8.RELEASE]
	at org.springframework.beans.factory.support.DefaultListableBeanFactory.doResolveDependency(DefaultListableBeanFactory.java:855) ~[spring-beans-3.2.8.RELEASE.jar:3.2.8.RELEASE]
	at org.springframework.beans.factory.support.DefaultListableBeanFactory.resolveDependency(DefaultListableBeanFactory.java:770) ~[spring-beans-3.2.8.RELEASE.jar:3.2.8.RELEASE]
	at org.springframework.beans.factory.annotation.AutowiredAnnotationBeanPostProcessor$AutowiredFieldElement.inject(AutowiredAnnotationBeanPostProcessor.java:489) ~[spring-beans-3.2.8.RELEASE.jar:3.2.8.RELEASE]
	... 46 common frames omitted
Caused by: java.lang.IllegalArgumentException: org.hibernate.hql.internal.ast.QuerySyntaxException: unexpected token: count near line 1, column 23 [select cr.vehicleType count(id) from gmms.domain.db.CallReminder cr  where userID=?  group by vehicleType]
	at org.hibernate.ejb.AbstractEntityManagerImpl.convert(AbstractEntityManagerImpl.java:1374) ~[hibernate-entitymanager-4.2.3.Final.jar:4.2.3.Final]
	at org.hibernate.ejb.AbstractEntityManagerImpl.convert(AbstractEntityManagerImpl.java:1310) ~[hibernate-entitymanager-4.2.3.Final.jar:4.2.3.Final]
	at org.hibernate.ejb.AbstractEntityManagerImpl.createQuery(AbstractEntityManagerImpl.java:294) ~[hibernate-entitymanager-4.2.3.Final.jar:4.2.3.Final]
	at sun.reflect.NativeMethodAccessorImpl.invoke0(Native Method) ~[na:1.7.0_13]
	at sun.reflect.NativeMethodAccessorImpl.invoke(NativeMethodAccessorImpl.java:57) ~[na:1.7.0_13]
	at sun.reflect.DelegatingMethodAccessorImpl.invoke(DelegatingMethodAccessorImpl.java:43) ~[na:1.7.0_13]
	at java.lang.reflect.Method.invoke(Method.java:601) ~[na:1.7.0_13]
	at org.springframework.orm.jpa.ExtendedEntityManagerCreator$ExtendedEntityManagerInvocationHandler.invoke(ExtendedEntityManagerCreator.java:366) ~[spring-orm-3.2.8.RELEASE.jar:3.2.8.RELEASE]
	at sun.proxy.$Proxy29.createQuery(Unknown Source) ~[na:na]
	at sun.reflect.NativeMethodAccessorImpl.invoke0(Native Method) ~[na:1.7.0_13]
	at sun.reflect.NativeMethodAccessorImpl.invoke(NativeMethodAccessorImpl.java:57) ~[na:1.7.0_13]
	at sun.reflect.DelegatingMethodAccessorImpl.invoke(DelegatingMethodAccessorImpl.java:43) ~[na:1.7.0_13]
	at java.lang.reflect.Method.invoke(Method.java:601) ~[na:1.7.0_13]
	at org.springframework.orm.jpa.SharedEntityManagerCreator$SharedEntityManagerInvocationHandler.invoke(SharedEntityManagerCreator.java:241) ~[spring-orm-3.2.8.RELEASE.jar:3.2.8.RELEASE]
	at sun.proxy.$Proxy29.createQuery(Unknown Source) ~[na:na]
	at org.springframework.data.jpa.repository.query.SimpleJpaQuery.<init>(SimpleJpaQuery.java:67) ~[spring-data-jpa-1.3.2.RELEASE.jar:na]
	at org.springframework.data.jpa.repository.query.SimpleJpaQuery.fromQueryAnnotation(SimpleJpaQuery.java:138) ~[spring-data-jpa-1.3.2.RELEASE.jar:na]
	at org.springframework.data.jpa.repository.query.JpaQueryLookupStrategy$DeclaredQueryLookupStrategy.resolveQuery(JpaQueryLookupStrategy.java:114) ~[spring-data-jpa-1.3.2.RELEASE.jar:na]
	at org.springframework.data.jpa.repository.query.JpaQueryLookupStrategy$CreateIfNotFoundQueryLookupStrategy.resolveQuery(JpaQueryLookupStrategy.java:160) ~[spring-data-jpa-1.3.2.RELEASE.jar:na]
	at org.springframework.data.jpa.repository.query.JpaQueryLookupStrategy$AbstractQueryLookupStrategy.resolveQuery(JpaQueryLookupStrategy.java:68) ~[spring-data-jpa-1.3.2.RELEASE.jar:na]
	at org.springframework.data.repository.core.support.RepositoryFactorySupport$QueryExecutorMethodInterceptor.<init>(RepositoryFactorySupport.java:279) ~[spring-data-commons-1.5.1.RELEASE.jar:na]
	at org.springframework.data.repository.core.support.RepositoryFactorySupport.getRepository(RepositoryFactorySupport.java:147) ~[spring-data-commons-1.5.1.RELEASE.jar:na]
	at org.springframework.data.repository.core.support.RepositoryFactoryBeanSupport.getObject(RepositoryFactoryBeanSupport.java:153) ~[spring-data-commons-1.5.1.RELEASE.jar:na]
	at org.springframework.data.repository.core.support.RepositoryFactoryBeanSupport.getObject(RepositoryFactoryBeanSupport.java:43) ~[spring-data-commons-1.5.1.RELEASE.jar:na]
	at org.springframework.beans.factory.support.FactoryBeanRegistrySupport.doGetObjectFromFactoryBean(FactoryBeanRegistrySupport.java:142) ~[spring-beans-3.2.8.RELEASE.jar:3.2.8.RELEASE]
	... 54 common frames omitted
Caused by: org.hibernate.hql.internal.ast.QuerySyntaxException: unexpected token: count near line 1, column 23 [select cr.vehicleType count(id) from gmms.domain.db.CallReminder cr  where userID=?  group by vehicleType]
	at org.hibernate.hql.internal.ast.QuerySyntaxException.convert(QuerySyntaxException.java:54) ~[hibernate-core-4.2.3.Final.jar:4.2.3.Final]
	at org.hibernate.hql.internal.ast.QuerySyntaxException.convert(QuerySyntaxException.java:47) ~[hibernate-core-4.2.3.Final.jar:4.2.3.Final]
	at org.hibernate.hql.internal.ast.ErrorCounter.throwQueryException(ErrorCounter.java:79) ~[hibernate-core-4.2.3.Final.jar:4.2.3.Final]
	at org.hibernate.hql.internal.ast.QueryTranslatorImpl.parse(QueryTranslatorImpl.java:277) ~[hibernate-core-4.2.3.Final.jar:4.2.3.Final]
	at org.hibernate.hql.internal.ast.QueryTranslatorImpl.doCompile(QueryTranslatorImpl.java:181) ~[hibernate-core-4.2.3.Final.jar:4.2.3.Final]
	at org.hibernate.hql.internal.ast.QueryTranslatorImpl.compile(QueryTranslatorImpl.java:137) ~[hibernate-core-4.2.3.Final.jar:4.2.3.Final]
	at org.hibernate.engine.query.spi.HQLQueryPlan.<init>(HQLQueryPlan.java:105) ~[hibernate-core-4.2.3.Final.jar:4.2.3.Final]
	at org.hibernate.engine.query.spi.HQLQueryPlan.<init>(HQLQueryPlan.java:80) ~[hibernate-core-4.2.3.Final.jar:4.2.3.Final]
	at org.hibernate.engine.query.spi.QueryPlanCache.getHQLQueryPlan(QueryPlanCache.java:168) ~[hibernate-core-4.2.3.Final.jar:4.2.3.Final]
	at org.hibernate.internal.AbstractSessionImpl.getHQLQueryPlan(AbstractSessionImpl.java:221) ~[hibernate-core-4.2.3.Final.jar:4.2.3.Final]
	at org.hibernate.internal.AbstractSessionImpl.createQuery(AbstractSessionImpl.java:199) ~[hibernate-core-4.2.3.Final.jar:4.2.3.Final]
	at org.hibernate.internal.SessionImpl.createQuery(SessionImpl.java:1778) ~[hibernate-core-4.2.3.Final.jar:4.2.3.Final]
	at org.hibernate.ejb.AbstractEntityManagerImpl.createQuery(AbstractEntityManagerImpl.java:291) ~[hibernate-entitymanager-4.2.3.Final.jar:4.2.3.Final]
	... 76 common frames omitted
